138.59737446;-34.99225119;3.0;Loic place;;1315568808519;44;35;486;0;7365321E;-1;-1;-1;-1;-1
138.59737444;-34.9922512;3.0;Loic place;
138.59737441;-34.99225121;3.0;Loic place;;1315568810526;46;35;486;0;7365321E;-1;-1;-1;-1;-1
138.59737439;-34.99225123;3.0;Loic place;;1315568811494;44;35;486;0;7365321E;-1;-1;-1;-1;-1
138.59737438;-34.99225126;3.0;Loic place;;1315568812600;46;35;486;0;7365321E;-1;-1;-1;-1;-1
138.59737433;-34.9922513;3.0;Loic place;;1315568813447;46;35;486;0;7365321E;-1;-1;-1;-1;-1
138.5973743;-34.99225134;3.0;Loic place;;1315568814553;46;35;486;0;7365321E;-1;-1;-1;-1;-1
138.59737428;-34.99225136;3.0;Loic place;;1315568815486;44;35;486;0;7365321E;-1;-1;-1;-1;-1
138.59737425;-34.99225138;3.0;Loic place;;1315568816505;46;36;486;0;7365321E;-1;-1;-1;-1;-1
138.59737424;-34.99225141;3.0;Loic place;;1315568817613;45;35;486;0;7365321E;-1;-1;-1;-1;-1
138.59736565;-34.99225164;3.0;Loic place;;1315568818458;46;36;486;0;7365321E;-1;-1;-1;-1;-1
138.59734926;-34.99225343;3.0;Loic place;;1315568819480;46;36;486;0;7365321E;-1;-1;-1;-1;-1
138.59733604;-34.99225843;3.0;Loic place;;1315568820409;42;36;486;0;7365321E;-1;-1;-1;-1;-1
138.59731916;-34.99227188;3.0;Loic place;;1315568821524;36;36;486;0;7365321E;-1;-1;-1;-1;-1
138.59730844;-34.99229044;3.0;Loic place;;1315568822450;38;36;486;0;7365321E;-1;-1;-1;-1;-1
138.59730901;-34.99231284;3.0;Loic place;;1315568823606;39;36;486;0;7365321E;-1;-1;-1;-1;-1
138.59732099;-34.99233817;3.0;Loic place;;1315568824490;40;36;486;0;7365321E;-1;-1;-1;-1;-1
138.59734013;-34.99236302;3.0;Loic place;;1315568825513;53;36;486;0;7365321E;-1;-1;-1;-1;-1
138.59735889;-34.99238833;3.0;Loic place;;1315568826534;45;36;486;0;7365321E;-1;-1;-1;-1;-1
138.59737062;-34.99241639;3.0;Loic place;;1315568827464;47;36;486;0;7365321E;-1;-1;-1;-1;-1
138.59737065;-34.99244681;3.0;Loic place;
138.59735953;-34.9924802;3.0;Loic place;;1315568829415;38;36;486;0;7365321E;-1;-1;-1;-1;-1
138.59734476;-34.99251296;3.0;Loic place;;1315568830527;43;36;486;0;7365321E;-1;-1;-1;-1;-1
138.59733076;-34.99254772;3.0;Loic place;;1315568831447;41;36;486;0;7365321E;-1;-1;-1;-1;-1
138.59732235;-34.99258401;3.0;Loic place;;1315568832465;43;36;486;0;7365321E;-1;-1;-1;-1;-1
138.59732124;-34.99262266;3.0;Loic place;;1315568833501;36;36;486;0;7365321E;-1;-1;-1;-1;-1
138.59732332;-34.99265999;3.0;Loic place;;1315568834409;38;36;486;0;7365321E;-1;-1;-1;-1;-1
138.59732599;-34.99269919;3.0;Loic place;;1315568835533;37;36;486;0;7365321E;-1;-1;-1;-1;-1
138.59732758;-34.99273886;3.0;Loic place;;1315568836545;40;37;486;0;7365321E;-1;-1;-1;-1;-1
138.59732803;-34.99278113;3.0;Loic place;;1315568837483;36;37;486;0;7365321E;-1;-1;-1;-1;-1
138.59732912;-34.99282162;3.0;Loic place;;1315568838417;33;37;486;0;7365321E;-1;-1;-1;-1;-1
138.59733255;-34.99286344;3.0;Loic place;;1315568839570;31;36;486;0;7365321E;-1;-1;-1;-1;-1
138.59733758;-34.99290509;3.0;Loic place;;1315568840458;30;36;486;0;7365321E;-1;-1;-1;-1;-1
138.59734261;-34.99294794;3.0;Loic place;;1315568841477;26;36;486;0;7365321E;-1;-1;-1;-1;-1
138.59734599;-34.99298866;3.0;Loic place;;1315568842496;30;36;486;0;7365321E;-1;-1;-1;-1;-1
138.59734846;-34.99303049;3.0;Loic place;;1315568843475;31;37;486;0;7365321E;-1;-1;-1;-1;-1
138.59734989;-34.99307191;3.0;Loic place;;1315568844537;28;36;486;0;7365321E;-1;-1;-1;-1;-1
138.59735175;-34.99311425;3.0;Loic place;;1315568845516;30;37;486;0;7365321E;-1;-1;-1;-1;-1
138.59735408;-34.99315427;3.0;Loic place;;1315568846625;30;37;486;0;7365321E;-1;-1;-1;-1;-1
138.59735679;-34.99319513;3.0;Loic place;;1315568847556;23;37;486;0;7365321E;-1;-1;-1;-1;-1
138.59735998;-34.99323592;3.0;Loic place;;1315568848435;24;37;486;0;7365321E;-1;-1;-1;-1;-1
138.59736266;-34.99327574;3.0;Loic place;;1315568849530;21;37;486;0;7365321E;-1;-1;-1;-1;-1
138.59736518;-34.99331073;3.0;Loic place;;1315568850432;19;37;486;0;7365321E;-1;-1;-1;-1;-1
138.59736774;-34.99334651;3.0;Loic place;;1315568851572;18;37;486;0;7365321E;-1;-1;-1;-1;-1
138.5973703;-34.99338502;3.0;Loic place;;1315568852455;18;37;486;0;7365321E;-1;-1;-1;-1;-1
138.59737599;-34.99344541;3.0;Loic place;;1315568853566;20;37;486;0;7365321E;-1;-1;-1;-1;-1
138.59738018;-34.99348758;3.0;Loic place;;1315568854378;15;37;486;0;7365321E;-1;-1;-1;-1;-1
138.59738293;-34.99352867;3.0;Loic place;;1315568855516;17;36;486;0;7365321E;-1;-1;-1;-1;-1
138.59738308;-34.99357197;3.0;Loic place;;1315568856451;12;37;486;0;7365321E;-1;-1;-1;-1;-1
138.59738607;-34.99361604;3.0;Loic place;;1315568857468;13;37;486;0;7365321E;-1;-1;-1;-1;-1
138.5973896;-34.99365439;3.0;Loic place;;1315568858467;13;37;486;0;7365321E;-1;-1;-1;-1;-1
138.59739102;-34.99369587;3.0;Loic place;;1315568859391;17;37;486;0;7365321E;-1;-1;-1;-1;-1
138.59739381;-34.99374111;4.0;Loic place;;1315568860529;12;37;486;0;7365321E;-1;-1;-1;-1;-1
138.59739574;-34.99378036;4.0;Loic place;;1315568861453;12;37;486;0;7365321E;-1;-1;-1;-1;-1
138.5973961;-34.99382076;4.0;Loic place;;1315568862518;13;37;486;0;7365321E;-1;-1;-1;-1;-1
138.59739755;-34.99386218;3.0;Loic place;;1315568863491;15;37;486;0;7365321E;-1;-1;-1;-1;-1
138.59739835;-34.99390239;3.0;Loic place;;1315568864527;17;37;486;0;7365321E;-1;-1;-1;-1;-1
138.59740208;-34.99394521;3.0;Loic place;;1315568865432;10;37;486;0;7365321E;-1;-1;-1;-1;-1
138.59740536;-34.99398662;3.0;Loic place;;1315568866454;8;37;486;0;7365321E;-1;-1;-1;-1;-1
138.59740728;-34.99402962;3.0;Loic place;;1315568867481;6;37;486;0;7365321E;-1;-1;-1;-1;-1
138.59740949;-34.99407439;3.0;Loic place;;1315568868400;10;37;486;0;7365321E;-1;-1;-1;-1;-1
138.59741542;-34.99412244;3.0;Loic place;;1315568869527;10;37;486;0;7365321E;-1;-1;-1;-1;-1
138.59742011;-34.99416784;3.0;Loic place;;1315568870455;8;37;486;0;7365321E;-1;-1;-1;-1;-1
138.59742064;-34.99421369;3.0;Loic place;;1315568871506;12;37;486;0;7365321E;-1;-1;-1;-1;-1
138.59741874;-34.99425986;3.0;Loic place;;1315568872525;10;37;486;0;7365321E;-1;-1;-1;-1;-1
138.59741339;-34.99430576;3.0;Loic place;;1315568873455;8;37;486;0;7365321E;-1;-1;-1;-1;-1
138.59739715;-34.99434228;3.0;Loic place;;1315568874476;12;37;486;0;7365321E;-1;-1;-1;-1;-1
138.59737015;-34.99437134;3.0;Loic place;
138.59733106;-34.99439125;3.0;Loic place;;1315568876608;9;37;486;0;7365321E;-1;-1;-1;-1;-1
138.59727913;-34.9943974;3.0;Loic place;;1315568877449;7;37;486;0;7365321E;-1;-1;-1;-1;-1
138.5972268;-34.99439514;3.0;Loic place;;1315568878648;5;37;486;0;7365321E;-1;-1;-1;-1;-1
138.59717392;-34.99439179;3.0;Loic place;;1315568879460;2;37;486;0;7365321E;-1;-1;-1;-1;-1
138.59712201;-34.99438926;3.0;Loic place;;1315568880483;5;37;486;0;7365321E;-1;-1;-1;-1;-1
138.5970692;-34.99439072;3.0;Loic place;;1315568881508;4;37;486;0;7365321E;-1;-1;-1;-1;-1
138.59702004;-34.99439332;3.0;Loic place;;1315568882429;6;37;486;0;7365321E;-1;-1;-1;-1;-1
138.59697139;-34.99439557;3.0;Loic place;;1315568883557;4;37;486;0;7365321E;-1;-1;-1;-1;-1
138.59692387;-34.99439839;3.0;Loic place;;1315568884476;3;37;486;0;7365321E;-1;-1;-1;-1;-1
138.59687601;-34.99440048;3.0;Loic place;;1315568885502;4;37;486;0;7365321E;-1;-1;-1;-1;-1
138.59683092;-34.99440222;3.0;Loic place;;1315568886426;1;37;486;0;7365321E;-1;-1;-1;-1;-1
138.59678476;-34.99440407;3.0;Loic place;;1315568887550;0;37;486;0;7365321E;-1;-1;-1;-1;-1
138.59673931;-34.99440477;3.0;Loic place;;1315568888478;3;37;486;0;7365321E;-1;-1;-1;-1;-1
138.59669134;-34.99440644;3.0;Loic place;;1315568889501;0;37;486;0;7365321E;-1;-1;-1;-1;-1
138.59664632;-34.99440775;3.0;Loic place;;1315568890419;0;37;486;0;7365321E;-1;-1;-1;-1;-1
138.59659922;-34.99440935;3.0;Loic place;;1315568891472;0;37;486;0;7365321E;-1;-1;-1;-1;-1
138.59655189;-34.99441117;3.0;Loic place;;1315568892573;-1;37;486;0;7365321E;-1;-1;-1;-1;-1
138.59650283;-34.99441421;3.0;Loic place;;1315568893390;4;37;486;0;7365321E;-1;-1;-1;-1;-1
138.59645505;-34.99441767;3.0;Loic place;;1315568894632;1;37;486;0;7365321E;-1;-1;-1;-1;-1
138.59640489;-34.99442158;3.0;Loic place;;1315568895435;0;36;486;0;7365321E;-1;-1;-1;-1;-1
138.59635576;-34.99442525;3.0;Loic place;;1315568896460;0;37;486;0;7365321E;-1;-1;-1;-1;-1
138.59630957;-34.99442564;3.0;Loic place;;1315568897482;-3;37;486;0;7365321E;-1;-1;-1;-1;-1
138.59627084;-34.99442044;3.0;Loic place;;1315568898404;-2;37;486;0;7365321E;-1;-1;-1;-1;-1
138.59623637;-34.99440522;3.0;Loic place;;1315568899532;2;37;486;0;7365321E;-1;-1;-1;-1;-1
138.59621001;-34.99437884;3.0;Loic place;;1315568900453;-2;37;486;0;7365321E;-1;-1;-1;-1;-1
138.59619336;-34.99434117;3.0;Loic place;;1315568901577;2;37;486;0;7365321E;-1;-1;-1;-1;-1
138.5961882;-34.99429778;3.0;Loic place;;1315568902405;2;37;486;0;7365321E;-1;-1;-1;-1;-1
138.59619103;-34.99424975;3.0;Loic place;;1315568903541;0;37;486;0;7365321E;-1;-1;-1;-1;-1
138.5961974;-34.99420142;3.0;Loic place;;1315568904550;-1;36;486;0;7365321E;-1;-1;-1;-1;-1
138.59620359;-34.99415329;3.0;Loic place;;1315568905499;-1;36;486;0;7365321E;-1;-1;-1;-1;-1
138.59620826;-34.99410898;3.0;Loic place;;1315568906499;3;36;486;0;7365321E;-1;-1;-1;-1;-1
138.59622589;-34.99404093;3.0;Loic place;;1315568907417;7;36;486;0;7365321E;-1;-1;-1;-1;-1
138.59622791;-34.9939878;3.0;Loic place;;1315568908547;5;37;486;0;7365321E;-1;-1;-1;-1;-1
138.59622815;-34.99393263;3.0;Loic place;;1315568909463;7;36;486;0;7365321E;-1;-1;-1;-1;-1
138.59622693;-34.99388333;3.0;Loic place;;1315568910634;0;37;486;0;7365321E;-1;-1;-1;-1;-1
138.59622698;-34.99383044;3.0;Loic place;;1315568911621;5;36;486;0;7365321E;-1;-1;-1;-1;-1
138.59622657;-34.99378043;3.0;Loic place;;1315568912536;1;36;486;0;7365321E;-1;-1;-1;-1;-1
138.59622242;-34.99372975;3.0;Loic place;;1315568913559;4;36;486;0;7365321E;-1;-1;-1;-1;-1
138.59621802;-34.9936741;3.0;Loic place;;1315568914492;2;36;486;0;7365321E;-1;-1;-1;-1;-1
138.59620972;-34.99361867;3.0;Loic place;;1315568915506;1;36;486;0;7365321E;-1;-1;-1;-1;-1
138.59620407;-34.99355992;3.0;Loic place;;1315568916327;5;36;486;0;7365321E;-1;-1;-1;-1;-1
138.59619922;-34.99350115;3.0;Loic place;;1315568917659;2;36;486;0;7365321E;-1;-1;-1;-1;-1
138.59619145;-34.99344747;3.0;Loic place;;1315568918378;-3;36;486;0;7365321E;-1;-1;-1;-1;-1
138.59619016;-34.99339331;3.0;Loic place;;1315568919604;0;36;486;0;7365321E;-1;-1;-1;-1;-1
138.59618597;-34.99334159;3.0;Loic place;;1315568920523;1;36;486;0;7365321E;-1;-1;-1;-1;-1
138.59617976;-34.99328899;3.0;Loic place;;1315568921450;0;36;486;0;7365321E;-1;-1;-1;-1;-1
138.5961786;-34.99323697;3.0;Loic place;;1315568922570;0;36;486;0;7365321E;-1;-1;-1;-1;-1
138.59617603;-34.99318662;3.0;Loic place;;1315568923290;2;36;486;0;7365321E;-1;-1;-1;-1;-1
138.59617152;-34.99313963;3.0;Loic place;;1315568924522;5;36;486;0;7365321E;-1;-1;-1;-1;-1
138.59616771;-34.99308563;3.0;Loic place;;1315568925447;5;36;486;0;7365321E;-1;-1;-1;-1;-1
138.59616458;-34.99303577;3.0;Loic place;;1315568926584;2;36;486;0;7365321E;-1;-1;-1;-1;-1
138.59616124;-34.99298612;3.0;Loic place;;1315568927394;2;36;486;0;7365321E;-1;-1;-1;-1;-1
138.59615417;-34.99293502;3.0;Loic place;;1315568928516;3;36;486;0;7365321E;-1;-1;-1;-1;-1
138.59615368;-34.99288;3.0;Loic place;;1315568929533;4;36;486;0;7365321E;-1;-1;-1;-1;-1
138.59615397;-34.99283157;3.0;Loic place;;1315568930454;1;36;486;0;7365321E;-1;-1;-1;-1;-1
138.59615039;-34.99277828;3.0;Loic place;;1315568931581;13;36;486;0;7365321E;-1;-1;-1;-1;-1
138.5961494;-34.99272605;4.0;Loic place;;1315568932503;12;36;486;0;7365321E;-1;-1;-1;-1;-1
138.59613886;-34.99267769;4.0;Loic place;;1315568933531;16;36;486;0;7365321E;-1;-1;-1;-1;-1
138.59613192;-34.99263012;3.0;Loic place;;1315568934761;24;36;486;0;7365321E;-1;-1;-1;-1;-1
138.59610999;-34.99258871;3.0;Loic place;;1315568935576;24;36;486;0;7365321E;-1;-1;-1;-1;-1
138.5960644;-34.99255917;3.0;Loic place;;1315568936495;17;36;486;0;7365321E;-1;-1;-1;-1;-1
138.59600352;-34.99254696;3.0;Loic place;;1315568937521;17;36;486;0;7365321E;-1;-1;-1;-1;-1
138.59593702;-34.99255117;3.0;Loic place;;1315568938544;17;36;486;0;7365321E;-1;-1;-1;-1;-1
138.59587349;-34.99255911;3.0;Loic place;;1315568939503;11;36;486;0;7365321E;-1;-1;-1;-1;-1
138.59580598;-34.99256944;3.0;Loic place;
138.59574407;-34.99257608;3.0;Loic place;
138.59568574;-34.99258238;3.0;Loic place;;1315568942664;23;36;486;0;7365321E;-1;-1;-1;-1;-1
138.59562392;-34.9925886;3.0;Loic place;;1315568943461;18;37;486;0;7365321E;-1;-1;-1;-1;-1
138.59555517;-34.99259255;3.0;Loic place;;1315568944834;24;37;486;0;7365321E;-1;-1;-1;-1;-1
138.59548737;-34.99259741;3.0;Loic place;;1315568945418;18;37;486;0;7365321E;-1;-1;-1;-1;-1
138.59542698;-34.99259819;3.0;Loic place;;1315568946476;17;37;486;0;7365321E;-1;-1;-1;-1;-1
138.59535633;-34.99259867;3.0;Loic place;;1315568947630;15;37;486;0;7365321E;-1;-1;-1;-1;-1
138.59529403;-34.99260134;4.0;Loic place;;1315568948478;12;37;486;0;7365321E;-1;-1;-1;-1;-1
138.59522247;-34.99259663;3.0;Loic place;;1315568949758;14;37;486;0;7365321E;-1;-1;-1;-1;-1
138.59515812;-34.99260173;3.0;Loic place;;1315568950426;14;37;486;0;7365321E;-1;-1;-1;-1;-1
138.59508756;-34.99260712;3.0;Loic place;;1315568951578;10;37;486;0;7365321E;-1;-1;-1;-1;-1
138.59502508;-34.99260994;3.0;Loic place;;1315568952574;12;37;486;0;7365321E;-1;-1;-1;-1;-1
138.59496141;-34.99261539;3.0;Loic place;;1315568953509;15;37;486;0;7365321E;-1;-1;-1;-1;-1
138.59490291;-34.99262057;3.0;Loic place;;1315568954519;11;37;486;0;7365321E;-1;-1;-1;-1;-1
138.59484059;-34.99262416;3.0;Loic place;;1315568955543;9;37;486;0;7365321E;-1;-1;-1;-1;-1
138.59477568;-34.9926289;3.0;Loic place;;1315568956704;11;37;486;0;7365321E;-1;-1;-1;-1;-1
138.59470785;-34.99262985;3.0;Loic place;;1315568957503;4;37;486;0;7365321E;-1;-1;-1;-1;-1
138.59464802;-34.99263184;3.0;Loic place;;1315568958629;10;37;486;0;7365321E;-1;-1;-1;-1;-1
138.5945856;-34.99263476;3.0;Loic place;;1315568959434;12;37;486;0;7365321E;-1;-1;-1;-1;-1
138.59452433;-34.99263655;3.0;Loic place;;1315568960560;10;37;486;0;7365321E;-1;-1;-1;-1;-1
138.59445647;-34.99264108;3.0;Loic place;;1315568961687;11;37;486;0;7365321E;-1;-1;-1;-1;-1
138.59439687;-34.99264529;3.0;Loic place;;1315568962410;10;37;486;0;7365321E;-1;-1;-1;-1;-1
138.59433342;-34.99264957;3.0;Loic place;;1315568963532;6;37;486;0;7365321E;-1;-1;-1;-1;-1
138.59426872;-34.99265619;3.0;Loic place;;1315568964459;12;37;486;0;7365321E;-1;-1;-1;-1;-1
138.59420366;-34.99266005;3.0;Loic place;;1315568965731;10;37;486;0;7365321E;-1;-1;-1;-1;-1
138.59414609;-34.99266044;3.0;Loic place;;1315568966399;7;37;486;0;7365321E;-1;-1;-1;-1;-1
138.59408944;-34.99265865;3.0;Loic place;;1315568967539;6;37;486;0;7365321E;-1;-1;-1;-1;-1
138.59403111;-34.99266517;3.0;Loic place;;1315568968554;12;37;486;0;7365321E;-1;-1;-1;-1;-1
138.59396206;-34.99267185;3.0;Loic place;;1315568969611;6;37;486;0;7365321E;-1;-1;-1;-1;-1
138.59390371;-34.99267352;3.0;Loic place;;1315568970495;10;37;486;0;7365321E;-1;-1;-1;-1;-1
138.59384076999999;-34.99267728;3.0;Loic place;;1315568971425;10;37;486;0;7365321E;-1;-1;-1;-1;-1
138.59377744;-34.99268301;3.0;Loic place;;1315568972642;15;37;486;0;7365321E;-1;-1;-1;-1;-1
138.59371169;-34.99268419;3.0;Loic place;;1315568973365;12;37;486;0;7365321E;-1;-1;-1;-1;-1
138.59364964;-34.99268575;4.0;Loic place;;1315568974589;8;37;486;0;7365321E;-1;-1;-1;-1;-1
138.59359532;-34.99268281;3.0;Loic place;;1315568975514;5;37;486;0;7365321E;-1;-1;-1;-1;-1
138.59352939;-34.99268498;3.0;Loic place;;1315568976717;6;37;486;0;7365321E;-1;-1;-1;-1;-1
138.59346574;-34.99268996;3.0;Loic place;;1315568977559;5;37;486;0;7365321E;-1;-1;-1;-1;-1
138.59340431;-34.99269393;3.0;Loic place;;1315568978479;8;37;486;0;7365321E;-1;-1;-1;-1;-1
138.59333626;-34.99269426;3.0;Loic place;;1315568979607;8;37;486;0;7365321E;-1;-1;-1;-1;-1
138.5932724;-34.99269122;3.0;Loic place;;1315568980527;7;37;486;0;7365321E;-1;-1;-1;-1;-1
138.59320762;-34.99269318;3.0;Loic place;;1315568981569;7;37;486;0;7365321E;-1;-1;-1;-1;-1
138.59315216;-34.99269058;3.0;Loic place;;1315568982371;9;37;486;0;7365321E;-1;-1;-1;-1;-1
138.59309127;-34.99268669;3.0;Loic place;;1315568983601;7;37;486;0;7365321E;-1;-1;-1;-1;-1
138.59302855;-34.99269136;3.0;Loic place;;1315568984625;4;37;486;0;7365321E;-1;-1;-1;-1;-1
138.5929668;-34.99271066;3.0;Loic place;;1315568985552;7;37;486;0;7365321E;-1;-1;-1;-1;-1
138.59291805;-34.99273756;3.0;Loic place;;1315568986577;4;37;486;0;7365321E;-1;-1;-1;-1;-1
138.59287359;-34.99277254;3.0;Loic place;;1315568987388;6;37;486;0;7365321E;-1;-1;-1;-1;-1
138.59284878;-34.99281736;3.0;Loic place;;1315568988624;5;37;486;0;7365321E;-1;-1;-1;-1;-1
138.59284621;-34.99286622;3.0;Loic place;;1315568989540;5;37;486;0;7365321E;-1;-1;-1;-1;-1
138.59285682;-34.9929112;3.0;Loic place;;1315568990673;14;37;486;0;7365321E;-1;-1;-1;-1;-1
138.59286381;-34.99295824;3.0;Loic place;;1315568991588;0;37;486;0;7365321E;-1;-1;-1;-1;-1
138.59286827;-34.99300524;3.0;Loic place;;1315568992720;15;37;486;0;7365321E;-1;-1;-1;-1;-1
138.59287792;-34.99305465;3.0;Loic place;;1315568993431;7;37;486;0;7365321E;-1;-1;-1;-1;-1
138.5928819;-34.99309943;3.0;Loic place;;1315568994557;14;37;486;0;7365321E;-1;-1;-1;-1;-1
138.59288795;-34.99314932;3.0;Loic place;;1315568995482;3;37;486;0;7365321E;-1;-1;-1;-1;-1
138.59289215;-34.99319685;3.0;Loic place;;1315568996502;10;37;486;0;7365321E;-1;-1;-1;-1;-1
138.59289205;-34.99324783;3.0;Loic place;
138.59289729;-34.99329402;3.0;Loic place;;1315568998453;-1;37;486;0;7365321E;-1;-1;-1;-1;-1
138.59290183;-34.99334077;3.0;Loic place;;1315568999678;4;37;486;0;7365321E;-1;-1;-1;-1;-1
138.59290321;-34.99338905;3.0;Loic place;;1315569000599;-2;37;486;0;7365321E;-1;-1;-1;-1;-1
138.59290782;-34.99343735;3.0;Loic place;;1315569001627;0;37;486;0;7365321E;-1;-1;-1;-1;-1
138.59291424;-34.99348006;3.0;Loic place;;1315569002646;11;37;486;0;7365321E;-1;-1;-1;-1;-1
138.59291718;-34.99352559;3.0;Loic place;;1315569003575;2;37;486;0;7365321E;-1;-1;-1;-1;-1
138.59291677;-34.99356854;4.0;Loic place;;1315569004597;0;37;486;0;7365321E;-1;-1;-1;-1;-1
138.59292457;-34.99361914;3.0;Loic place;;1315569005623;1;37;486;0;7365321E;-1;-1;-1;-1;-1
138.59292924;-34.99366144;3.0;Loic place;;1315569006647;0;37;486;0;7365321E;-1;-1;-1;-1;-1
138.59293539;-34.99370602;3.0;Loic place;;1315569007563;0;37;486;0;7365321E;-1;-1;-1;-1;-1
138.59293915;-34.99375138;3.0;Loic place;;1315569008586;0;37;486;0;7365321E;-1;-1;-1;-1;-1
138.59293664;-34.99379767;3.0;Loic place;;1315569009610;2;37;486;0;7365321E;-1;-1;-1;-1;-1
138.59292436;-34.99384547;3.0;Loic place;;1315569010532;0;36;486;0;7365321E;-1;-1;-1;-1;-1
138.59290866;-34.99389064;3.0;Loic place;;1315569011658;-7;37;486;0;7365321E;-1;-1;-1;-1;-1
138.59289851;-34.99393999;3.0;Loic place;;1315569012580;-1;37;486;0;7365321E;-1;-1;-1;-1;-1
138.59289109;-34.99399131;3.0;Loic place;;1315569013706;0;36;486;0;7365321E;-1;-1;-1;-1;-1
138.59289;-34.99404065;3.0;Loic place;;1315569014429;-6;36;486;0;7365321E;-1;-1;-1;-1;-1
138.59289664;-34.99409148;3.0;Loic place;;1315569015652;-6;37;486;0;7365321E;-1;-1;-1;-1;-1
138.5929004;-34.99413958;3.0;Loic place;;1315569016574;-4;37;486;0;7365321E;-1;-1;-1;-1;-1
138.59290672;-34.99418751;3.0;Loic place;;1315569017598;-4;36;486;0;7365321E;-1;-1;-1;-1;-1
138.59291091;-34.99423593;3.0;Loic place;;1315569018621;-1;36;486;0;7365321E;-1;-1;-1;-1;-1
138.59291241;-34.99428286;3.0;Loic place;;1315569019549;3;37;486;0;7365321E;-1;-1;-1;-1;-1
138.59291681;-34.99433352;3.0;Loic place;;1315569020873;-6;37;486;0;7365321E;-1;-1;-1;-1;-1
138.59291997;-34.99438141;3.0;Loic place;;1315569021386;-3;36;486;0;7365321E;-1;-1;-1;-1;-1
138.59292313;-34.99442773;3.0;Loic place;;1315569022716;-6;37;486;0;7365321E;-1;-1;-1;-1;-1
138.59292714;-34.99447265;3.0;Loic place;;1315569023644;-3;37;486;0;7365321E;-1;-1;-1;-1;-1
138.59292899;-34.99451948;3.0;Loic place;;1315569024669;-5;37;486;0;7365321E;-1;-1;-1;-1;-1
138.5929323;-34.99456394;3.0;Loic place;;1315569025693;-5;36;486;0;7365321E;-1;-1;-1;-1;-1
138.59293804;-34.99460625;3.0;Loic place;;1315569026608;-5;36;486;0;7365321E;-1;-1;-1;-1;-1
138.59294009;-34.99464818;3.0;Loic place;;1315569027741;-4;36;486;0;7365321E;-1;-1;-1;-1;-1
138.59293813;-34.99468804;3.0;Loic place;;1315569028453;-4;36;486;0;7365321E;-1;-1;-1;-1;-1
138.59293414;-34.99472548;3.0;Loic place;;1315569029789;-2;37;486;0;7365321E;-1;-1;-1;-1;-1
138.59293395;-34.99476193;3.0;Loic place;;1315569030399;1;36;486;0;7365321E;-1;-1;-1;-1;-1
138.59293726;-34.99479557;3.0;Loic place;;1315569031627;3;36;486;0;7365321E;-1;-1;-1;-1;-1
138.59293637;-34.99483216;3.0;Loic place;;1315569032649;5;37;486;0;7365321E;-1;-1;-1;-1;-1
138.59294165;-34.99487137;3.0;Loic place;;1315569033572;1;36;486;0;7365321E;-1;-1;-1;-1;-1
138.59294196;-34.99490645;3.0;Loic place;;1315569034699;2;37;486;0;7365321E;-1;-1;-1;-1;-1
138.59293506;-34.9949386;3.0;Loic place;;1315569035620;1;36;486;0;7365321E;-1;-1;-1;-1;-1
138.59291879;-34.99495526;3.0;Loic place;;1315569036755;5;36;486;0;7365321E;-1;-1;-1;-1;-1
138.59289683;-34.99495324;3.0;Loic place;;1315569037566;3;36;486;0;7365321E;-1;-1;-1;-1;-1
138.5928791;-34.99492645;3.0;Loic place;;1315569038691;0;36;486;0;7365321E;-1;-1;-1;-1;-1
138.59287261;-34.99488327;3.0;Loic place;;1315569039614;2;36;486;0;7365321E;-1;-1;-1;-1;-1
138.59289649;-34.99476837;3.0;Loic place;;1315569040638;4;36;486;0;7365321E;-1;-1;-1;-1;-1
138.59290017;-34.99471678;3.0;Loic place;;1315569041661;4;36;486;0;7365321E;-1;-1;-1;-1;-1
138.59289862;-34.99466522;3.0;Loic place;;1315569042583;1;36;486;0;7365321E;-1;-1;-1;-1;-1
138.59289877;-34.99461208;3.0;Loic place;;1315569043709;-1;36;486;0;7365321E;-1;-1;-1;-1;-1
138.59289518;-34.9945525;3.0;Loic place;;1315569044631;-5;36;486;0;7365321E;-1;-1;-1;-1;-1
138.59289167;-34.99448945;3.0;Loic place;;1315569045763;-6;36;486;0;7365321E;-1;-1;-1;-1;-1
138.59288752;-34.9944298;3.0;Loic place;;1315569046679;-2;36;486;0;7365321E;-1;-1;-1;-1;-1
138.59288956;-34.99437011;3.0;Loic place;;1315569047702;-2;36;486;0;7365321E;-1;-1;-1;-1;-1
138.59289319;-34.99430668;3.0;Loic place;;1315569048631;8;36;486;0;7365321E;-1;-1;-1;-1;-1
138.59289408;-34.99424262;3.0;Loic place;;1315569049647;6;36;486;0;7365321E;-1;-1;-1;-1;-1
138.59288898;-34.9941833;3.0;Loic place;;1315569050775;-1;36;486;0;7365321E;-1;-1;-1;-1;-1
138.59288199;-34.99412284;3.0;Loic place;;1315569051594;5;36;486;0;7365321E;-1;-1;-1;-1;-1
138.59287504;-34.99406344;3.0;Loic place;;1315569052823;1;36;486;0;7365321E;-1;-1;-1;-1;-1
138.5928733;-34.9939976;3.0;Loic place;;1315569053642;5;36;486;0;7365321E;-1;-1;-1;-1;-1
138.59286307;-34.993935;3.0;Loic place;;1315569054774;1;36;486;0;7365321E;-1;-1;-1;-1;-1
138.59285652;-34.99386718;3.0;Loic place;;1315569055803;2;36;486;0;7365321E;-1;-1;-1;-1;-1
138.59284691;-34.99379789;3.0;Loic place;;1315569056829;2;36;486;0;7365321E;-1;-1;-1;-1;-1
138.59283799;-34.9937302;3.0;Loic place;;1315569057738;0;36;486;0;7365321E;-1;-1;-1;-1;-1
138.59283252;-34.99366563;3.0;Loic place;;1315569058664;-1;36;486;0;7365321E;-1;-1;-1;-1;-1
138.5928311;-34.99360335;3.0;Loic place;;1315569059683;-1;36;486;0;7365321E;-1;-1;-1;-1;-1
138.59282077;-34.99354685;3.0;Loic place;;1315569060606;-12;36;486;0;7365321E;-1;-1;-1;-1;-1
138.5928142;-34.9934914;3.0;Loic place;;1315569061730;3;36;486;0;7365321E;-1;-1;-1;-1;-1
138.59280283;-34.99344514;3.0;Loic place;;1315569062756;-3;36;486;0;7365321E;-1;-1;-1;-1;-1
138.59279462;-34.99339925;3.0;Loic place;;1315569063679;-5;36;486;0;7365321E;-1;-1;-1;-1;-1
138.59278442;-34.99335051;3.0;Loic place;;1315569064700;-1;36;486;0;7365321E;-1;-1;-1;-1;-1
138.59277683;-34.99329702;3.0;Loic place;;1315569065631;-5;36;486;0;7365321E;-1;-1;-1;-1;-1
138.59276738;-34.99324357;4.0;Loic place;;1315569066653;-3;36;486;0;7365321E;-1;-1;-1;-1;-1
138.59276188;-34.99319036;3.0;Loic place;;1315569067678;0;36;486;0;7365321E;-1;-1;-1;-1;-1
138.59275614;-34.99314029;3.0;Loic place;;1315569068799;1;36;486;0;7365321E;-1;-1;-1;-1;-1
138.5927522;-34.99308733;3.0;Loic place;;1315569069412;-2;36;486;0;7365321E;-1;-1;-1;-1;-1
138.59274866;-34.99304561;3.0;Loic place;;1315569070948;-3;36;486;0;7365321E;-1;-1;-1;-1;-1
138.59274203;-34.99300001;3.0;Loic place;;1315569071459;-24;36;486;0;7365321E;-1;-1;-1;-1;-1
138.59273374;-34.99290915;3.0;Loic place;;1315569073821;-5;36;486;0;7365321E;-1;-1;-1;-1;-1
138.59273188;-34.99286487;3.0;Loic place;;1315569074634;-4;36;486;0;7365321E;-1;-1;-1;-1;-1
138.59272381;-34.99282357;4.0;Loic place;;1315569075761;-3;36;486;0;7365321E;-1;-1;-1;-1;-1
138.59271966;-34.99277777;3.0;Loic place;;1315569076893;-9;36;486;0;7365321E;-1;-1;-1;-1;-1
138.59271491;-34.9927309;3.0;Loic place;;1315569077809;-2;36;486;0;7365321E;-1;-1;-1;-1;-1
138.59270966;-34.99268876;3.0;Loic place;;1315569078423;-5;36;486;0;7365321E;-1;-1;-1;-1;-1
138.59270695;-34.9926506;3.0;Loic place;;1315569079755;-2;36;486;0;7365321E;-1;-1;-1;-1;-1
138.59269533;-34.9926132;4.0;Loic place;;1315569080789;-2;36;486;0;7365321E;-1;-1;-1;-1;-1
138.59268073;-34.99258412;3.0;Loic place;;1315569081700;-5;36;486;0;7365321E;-1;-1;-1;-1;-1
138.59268001;-34.99255573;3.0;Loic place;;1315569082724;-3;36;486;0;7365321E;-1;-1;-1;-1;-1
138.59267123;-34.99252225;4.0;Loic place;;1315569083656;-7;36;486;0;7365321E;-1;-1;-1;-1;-1
138.59266545;-34.99248826;3.0;Loic place;;1315569084772;-5;36;486;0;7365321E;-1;-1;-1;-1;-1
138.59266284;-34.99245012;3.0;Loic place;;1315569085386;-3;35;486;0;7365321E;-1;-1;-1;-1;-1
138.59265829;-34.99237103;4.0;Loic place;;1315569088160;-2;36;486;0;7365321E;-1;-1;-1;-1;-1
138.59265693;-34.9923288;3.0;Loic place;;1315569088358;-2;36;486;0;7365321E;-1;-1;-1;-1;-1
138.59265552;-34.99228599;4.0;Loic place;;1315569089796;0;36;486;0;7365321E;-1;-1;-1;-1;-1
138.59265349;-34.99224552;3.0;Loic place;;1315569090711;1;36;486;0;7365321E;-1;-1;-1;-1;-1
138.59265067;-34.99220492;3.0;Loic place;;1315569091734;3;36;486;0;7365321E;-1;-1;-1;-1;-1
138.59264499;-34.99216956;4.0;Loic place;;1315569092759;3;36;486;0;7365321E;-1;-1;-1;-1;-1
138.5926335;-34.99214401;3.0;Loic place;;1315569093894;0;36;486;0;7365321E;-1;-1;-1;-1;-1
138.59262052;-34.99213141;3.0;Loic place;;1315569094398;4;36;486;0;7365321E;-1;-1;-1;-1;-1
138.59260924;-34.99212194;3.0;Loic place;;1315569095834;6;36;486;0;7365321E;-1;-1;-1;-1;-1
138.59260248;-34.99211091;3.0;Loic place;;1315569096862;2;36;486;0;7365321E;-1;-1;-1;-1;-1
138.59259974;-34.99209665;3.0;Loic place;;1315569097519;4;35;486;0;7365321E;-1;-1;-1;-1;-1
138.59259851;-34.99208281;3.0;Loic place;;1315569098802;2;36;486;0;7365321E;-1;-1;-1;-1;-1
138.59259686;-34.99207144;3.0;Loic place;;1315569099723;1;35;486;0;7365321E;-1;-1;-1;-1;-1
138.59259285;-34.99206524;3.0;Loic place;;1315569100849;5;36;486;0;7365321E;-1;-1;-1;-1;-1
138.59258915;-34.99206246;3.0;Loic place;;1315569101465;1;36;486;0;7365321E;-1;-1;-1;-1;-1
138.59258685;-34.99206334;3.0;Loic place;;1315569102795;5;36;486;0;7365321E;-1;-1;-1;-1;-1
138.59258754;-34.99207388;3.0;Loic place;;1315569103728;4;36;486;0;7365321E;-1;-1;-1;-1;-1
138.59258762;-34.99207902;3.0;Loic place;;1315569104756;0;35;486;0;7365321E;-1;-1;-1;-1;-1
138.59258769;-34.99208217;4.0;Loic place;;1315569105770;2;36;486;0;7365321E;-1;-1;-1;-1;-1
138.59258786;-34.99208382;3.0;Loic place;;1315569106891;4;36;486;0;7365321E;-1;-1;-1;-1;-1
138.59258799;-34.99208484;3.0;Loic place;;1315569107818;5;36;486;0;7365321E;-1;-1;-1;-1;-1
138.59258799;-34.99208533;4.0;Loic place;;1315569108736;4;36;486;0;7365321E;-1;-1;-1;-1;-1
138.59258763;-34.99208589;3.0;Loic place;;1315569109758;-1;36;486;0;7365321E;-1;-1;-1;-1;-1
138.5925871;-34.99208621;3.0;Loic place;;1315569110789;0;36;486;0;7365321E;-1;-1;-1;-1;-1
138.59258681;-34.99208644;3.0;Loic place;;1315569111812;2;36;486;0;7365321E;-1;-1;-1;-1;-1
138.59258688;-34.99208682;3.0;Loic place;;1315569112843;3;36;486;0;7365321E;-1;-1;-1;-1;-1
138.59258707;-34.99208702;3.0;Loic place;;1315569113773;-1;36;486;0;7365321E;-1;-1;-1;-1;-1
138.59258736;-34.99208727;3.0;Loic place;;1315569114775;0;36;486;0;7365321E;-1;-1;-1;-1;-1
138.59258743;-34.99208742;3.0;Loic place;;1315569115698;3;36;486;0;7365321E;-1;-1;-1;-1;-1
138.59258732;-34.99208745;3.0;Loic place;;1315569116930;6;35;486;0;7365321E;-1;-1;-1;-1;-1
138.59258722;-34.99208749;4.0;Loic place;;1315569117544;3;36;486;0;7365321E;-1;-1;-1;-1;-1
138.59258722;-34.99208747;3.0;Loic place;;1315569118872;2;35;486;0;7365321E;-1;-1;-1;-1;-1
138.59258727;-34.99208743;3.0;Loic place;;1315569119797;2;36;486;0;7365321E;-1;-1;-1;-1;-1
138.59258728;-34.99208739;3.0;Loic place;;1315569120817;4;35;486;0;7365321E;-1;-1;-1;-1;-1
138.59258714;-34.99208729;3.0;Loic place;;1315569121841;3;36;486;0;7365321E;-1;-1;-1;-1;-1
138.59258708;-34.99208724;3.0;Loic place;;1315569122764;0;35;486;0;7365321E;-1;-1;-1;-1;-1
138.59258708;-34.99208724;3.0;Loic place;;1315569123895;-1;35;486;0;7365321E;-1;-1;-1;-1;-1
138.59258709;-34.99208724;3.0;Loic place;;1315569124403;1;35;486;0;7365321E;-1;-1;-1;-1;-1
138.59258709;-34.99208725;3.0;Loic place;;1315569126141;0;35;486;0;7365321E;-1;-1;-1;-1;-1
138.5925871;-34.99208728;3.0;Loic place;;1315569126454;0;35;486;0;7365321E;-1;-1;-1;-1;-1
138.59258713;-34.99208727;3.0;Loic place;;1315569127987;0;36;486;0;7365321E;-1;-1;-1;-1;-1
138.59258717;-34.99208728;3.0;Loic place;;1315569128503;1;36;486;0;7365321E;-1;-1;-1;-1;-1
138.59258719;-34.99208728;3.0;Loic place;;1315569129828;0;36;486;0;7365321E;-1;-1;-1;-1;-1
138.59258419;-34.99208527;3.0;Loic place;;1315569130855;2;36;486;0;7365321E;-1;-1;-1;-1;-1
138.59258366;-34.99206989;3.0;Loic place;;1315569131772;4;36;486;0;7365321E;-1;-1;-1;-1;-1
138.59258333;-34.99205955;3.0;Loic place;;1315569132902;3;36;486;0;7365321E;-1;-1;-1;-1;-1
138.59258303;-34.99203983;3.0;Loic place;;1315569133822;3;36;486;0;7365321E;-1;-1;-1;-1;-1
138.59258398;-34.99201391;3.0;Loic place;;1315569134848;2;36;486;0;7365321E;-1;-1;-1;-1;-1
138.59258471;-34.99198292;3.0;Loic place;;1315569135767;0;36;486;0;7365321E;-1;-1;-1;-1;-1
138.59258439;-34.9919494;3.0;Loic place;;1315569136791;2;36;486;0;7365321E;-1;-1;-1;-1;-1
138.59258335;-34.99191035;3.0;Loic place;;1315569137815;1;36;486;0;7365321E;-1;-1;-1;-1;-1
138.59258217;-34.99187042;3.0;Loic place;;1315569138742;1;36;486;0;7365321E;-1;-1;-1;-1;-1
138.59258;-34.99182739;3.0;Loic place;;1315569139971;0;36;486;0;7365321E;-1;-1;-1;-1;-1
138.59257753;-34.99178306;3.0;Loic place;;1315569140793;-2;36;486;0;7365321E;-1;-1;-1;-1;-1
138.59257508;-34.99173721;3.0;Loic place;;1315569142027;3;36;486;0;7365321E;-1;-1;-1;-1;-1
138.59257294;-34.99169409;3.0;Loic place;;1315569142842;6;36;486;0;7365321E;-1;-1;-1;-1;-1
138.59257022;-34.99164979;3.0;Loic place;;1315569143863;7;36;486;0;7365321E;-1;-1;-1;-1;-1
138.59256815;-34.99160543;3.0;Loic place;;1315569144990;6;36;486;0;7365321E;-1;-1;-1;-1;-1
138.59256564;-34.99156093;3.0;Loic place;;1315569145802;7;36;486;0;7365321E;-1;-1;-1;-1;-1
138.59256305;-34.99151958;3.0;Loic place;;1315569147034;5;36;486;0;7365321E;-1;-1;-1;-1;-1
138.59256001;-34.99147726;3.0;Loic place;;1315569147338;5;36;486;0;7365321E;-1;-1;-1;-1;-1
138.59255735;-34.9914348;3.0;Loic place;;1315569148573;5;35;486;0;7365321E;-1;-1;-1;-1;-1
138.59255517;-34.99139019;3.0;Loic place;;1315569149385;6;36;486;0;7365321E;-1;-1;-1;-1;-1
138.59255283;-34.99134746;3.0;Loic place;;1315569151031;5;36;486;0;7365321E;-1;-1;-1;-1;-1
138.5925504;-34.99130279;3.0;Loic place;;1315569151946;4;36;486;0;7365321E;-1;-1;-1;-1;-1
138.5925478;-34.99125912;3.0;Loic place;;1315569152870;7;36;486;0;7365321E;-1;-1;-1;-1;-1
138.59254507;-34.99121491;3.0;Loic place;;1315569153893;2;36;486;0;7365321E;-1;-1;-1;-1;-1
138.59254236;-34.99117442;3.0;Loic place;;1315569154814;1;36;486;0;7365321E;-1;-1;-1;-1;-1
138.59254023;-34.99113282;3.0;Loic place;;1315569155940;1;36;486;0;7365321E;-1;-1;-1;-1;-1
138.59254088;-34.9910911;3.0;Loic place;;1315569156861;2;36;486;0;7365321E;-1;-1;-1;-1;-1
138.5925415;-34.99104783;3.0;Loic place;;1315569157994;5;36;486;0;7365321E;-1;-1;-1;-1;-1
138.59254300999999;-34.99100646;3.0;Loic place;;1315569158812;3;36;486;0;7365321E;-1;-1;-1;-1;-1
138.59254406;-34.99096335;3.0;Loic place;;1315569159932;0;36;486;0;7365321E;-1;-1;-1;-1;-1
138.59254371;-34.99091922;3.0;Loic place;;1315569160861;6;36;486;0;7365321E;-1;-1;-1;-1;-1
138.59254402;-34.99087341;4.0;Loic place;;1315569161884;4;36;486;0;7365321E;-1;-1;-1;-1;-1
138.59254294;-34.99083053;4.0;Loic place;;1315569162909;7;35;486;0;7365321E;-1;-1;-1;-1;-1
138.59254042;-34.99078692;3.0;Loic place;;1315569163824;8;36;486;0;7365321E;-1;-1;-1;-1;-1
138.59253792;-34.99074375;3.0;Loic place;;1315569164852;5;36;486;0;7365321E;-1;-1;-1;-1;-1
138.59253443;-34.99069971;3.0;Loic place;;1315569165873;8;36;486;0;7365321E;-1;-1;-1;-1;-1
138.5925326;-34.99065872;3.0;Loic place;;1315569167004;4;36;486;0;7365321E;-1;-1;-1;-1;-1
138.59252781;-34.99061492;3.0;Loic place;;1315569167921;5;35;486;0;7365321E;-1;-1;-1;-1;-1
138.59252115;-34.99056738;3.0;Loic place;;1315569168842;4;35;486;0;7365321E;-1;-1;-1;-1;-1
138.59251916;-34.99052169;3.0;Loic place;;1315569170174;7;36;486;0;7365321E;-1;-1;-1;-1;-1
138.59251493;-34.99048234;3.0;Loic place;;1315569170890;5;36;486;0;7365321E;-1;-1;-1;-1;-1
138.59251509999999;-34.99043788;3.0;Loic place;;1315569172017;5;36;486;0;7365321E;-1;-1;-1;-1;-1
138.59251207;-34.99039658;3.0;Loic place;;1315569172836;5;36;486;0;7365321E;-1;-1;-1;-1;-1
138.59250845;-34.99035351;3.0;Loic place;;1315569173963;3;36;486;0;7365321E;-1;-1;-1;-1;-1
138.59250836;-34.99030591;3.0;Loic place;;1315569174885;4;36;486;0;7365321E;-1;-1;-1;-1;-1
138.59250477;-34.99026423;3.0;Loic place;;1315569175909;3;36;486;0;7365321E;-1;-1;-1;-1;-1
138.59249196;-34.99022739;3.0;Loic place;;1315569177137;1;36;486;0;7365321E;-1;-1;-1;-1;-1
138.59248633;-34.99018904;3.0;Loic place;;1315569177956;0;35;486;0;7365321E;-1;-1;-1;-1;-1
138.59248138;-34.99014968;3.0;Loic place;;1315569178879;4;36;486;0;7365321E;-1;-1;-1;-1;-1
138.59247606;-34.99010998;3.0;Loic place;;1315569180005;-2;36;486;0;7365321E;-1;-1;-1;-1;-1
138.59247518;-34.99007096;3.0;Loic place;;1315569180926;-1;35;486;0;7365321E;-1;-1;-1;-1;-1
138.5924742;-34.99003075;3.0;Loic place;;1315569181847;0;36;486;0;7365321E;-1;-1;-1;-1;-1
138.59247323;-34.98999418;3.0;Loic place;;1315569182979;3;35;486;0;7365321E;-1;-1;-1;-1;-1
138.59247202;-34.9899588;3.0;Loic place;;1315569183894;5;36;486;0;7365321E;-1;-1;-1;-1;-1
138.59247265;-34.98992838;3.0;Loic place;;1315569184919;3;36;486;0;7365321E;-1;-1;-1;-1;-1
138.59247692;-34.98990154;3.0;Loic place;;1315569185943;2;35;486;0;7365321E;-1;-1;-1;-1;-1
138.5924899;-34.98988061;3.0;Loic place;;1315569186864;3;35;486;0;7365321E;-1;-1;-1;-1;-1
138.59251177;-34.98986193;3.0;Loic place;;1315569187991;4;36;486;0;7365321E;-1;-1;-1;-1;-1
138.59254298;-34.98985242;3.0;Loic place;;1315569188914;2;35;486;0;7365321E;-1;-1;-1;-1;-1
138.59257852;-34.98985211;3.0;Loic place;;1315569190040;0;36;486;0;7365321E;-1;-1;-1;-1;-1
138.59261004;-34.98985955;3.0;Loic place;;1315569190961;-1;36;486;0;7365321E;-1;-1;-1;-1;-1
138.5926442;-34.98987278;3.0;Loic place;;1315569191985;0;35;486;0;7365321E;-1;-1;-1;-1;-1
138.59267628999999;-34.98989052;3.0;Loic place;;1315569193011;3;36;486;0;7365321E;-1;-1;-1;-1;-1
138.59270635;-34.9899155;3.0;Loic place;;1315569193930;0;36;486;0;7365321E;-1;-1;-1;-1;-1
138.59272906;-34.98994716;3.0;Loic place;;1315569195268;0;36;486;0;7365321E;-1;-1;-1;-1;-1
138.59274397;-34.9899859;3.0;Loic place;;1315569195308;0;36;486;0;7365321E;-1;-1;-1;-1;-1
138.59275108;-34.99002869;3.0;Loic place;;1315569197002;1;36;486;0;7365321E;-1;-1;-1;-1;-1
138.59275395;-34.99007397;3.0;Loic place;;1315569197924;1;36;486;0;7365321E;-1;-1;-1;-1;-1
138.59275464;-34.990117;3.0;Loic place;;1315569199050;-1;35;486;0;7365321E;-1;-1;-1;-1;-1
138.59275456;-34.9901614;3.0;Loic place;;1315569199970;4;36;486;0;7365321E;-1;-1;-1;-1;-1
138.59275523;-34.99020556;3.0;Loic place;;1315569200997;4;35;486;0;7365321E;-1;-1;-1;-1;-1
138.59275672;-34.99024982;4.0;Loic place;;1315569201920;0;36;486;0;7365321E;-1;-1;-1;-1;-1
138.59275832;-34.99028817;3.0;Loic place;;1315569202942;1;36;486;0;7365321E;-1;-1;-1;-1;-1
138.59275962;-34.99032628;3.0;Loic place;;1315569204068;3;35;486;0;7365321E;-1;-1;-1;-1;-1
138.59276073;-34.99036455;3.0;Loic place;;1315569205093;4;35;486;0;7365321E;-1;-1;-1;-1;-1
138.59276296;-34.9904025;3.0;Loic place;;1315569206116;1;35;486;0;7365321E;-1;-1;-1;-1;-1
138.59276542;-34.9904378;3.0;Loic place;;1315569206423;-1;36;486;0;7365321E;-1;-1;-1;-1;-1
138.59276736;-34.99047315;3.0;Loic place;;1315569208088;1;35;486;0;7365321E;-1;-1;-1;-1;-1
138.59277025;-34.9905061;3.0;Loic place;;1315569209022;2;36;486;0;7365321E;-1;-1;-1;-1;-1
138.59277647;-34.99053836;3.0;Loic place;;1315569210020;5;35;486;0;7365321E;-1;-1;-1;-1;-1
138.59278356;-34.9905667;3.0;Loic place;;1315569211038;6;36;486;0;7365321E;-1;-1;-1;-1;-1
138.59279253;-34.99059295;3.0;Loic place;;1315569211953;5;35;486;0;7365321E;-1;-1;-1;-1;-1
138.59282991;-34.99065862;3.0;Loic place;;1315569216165;2;36;486;0;7365321E;-1;-1;-1;-1;-1
138.59284252;-34.99067181;3.0;Loic place;;1315569217073;5;35;486;0;7365321E;-1;-1;-1;-1;-1
138.59286232;-34.99068557;3.0;Loic place;;1315569217995;2;36;486;0;7365321E;-1;-1;-1;-1;-1
138.59289018;-34.9906981;3.0;Loic place;;1315569218919;4;35;486;0;7365321E;-1;-1;-1;-1;-1
138.59292666;-34.99070813;3.0;Loic place;;1315569220144;7;36;486;0;7365321E;-1;-1;-1;-1;-1
138.59297087;-34.99071504;3.0;Loic place;;1315569220350;7;36;486;0;7365321E;-1;-1;-1;-1;-1
138.59302126;-34.99072103;3.0;Loic place;;1315569222091;1;36;486;0;7365321E;-1;-1;-1;-1;-1
138.59307155;-34.9907231;3.0;Loic place;;1315569223013;8;36;486;0;7365321E;-1;-1;-1;-1;-1
138.59312295;-34.9907247;3.0;Loic place;;1315569224036;4;36;486;0;7365321E;-1;-1;-1;-1;-1
138.59317456;-34.990726;4.0;Loic place;;1315569225164;5;36;486;0;7365321E;-1;-1;-1;-1;-1
138.59322848;-34.99072509;3.0;Loic place;;1315569225987;3;36;486;0;7365321E;-1;-1;-1;-1;-1
138.59327885;-34.9907242;3.0;Loic place;;1315569227011;2;35;486;0;7365321E;-1;-1;-1;-1;-1
138.59333169;-34.99072182;3.0;Loic place;;1315569227927;3;36;486;0;7365321E;-1;-1;-1;-1;-1
138.59338508;-34.99071801;3.0;Loic place;;1315569229055;4;36;486;0;7365321E;-1;-1;-1;-1;-1
138.59345841;-34.99069796;3.0;Loic place;;1315569230185;3;36;486;0;7365321E;-1;-1;-1;-1;-1
138.59351443;-34.99069258;3.0;Loic place;;1315569231109;-2;36;486;0;7365321E;-1;-1;-1;-1;-1
138.5935676;-34.99068993;3.0;Loic place;;1315569232023;2;35;486;0;7365321E;-1;-1;-1;-1;-1
138.59361901;-34.99069307;3.0;Loic place;;1315569233047;4;35;486;0;7365321E;-1;-1;-1;-1;-1
138.59368153;-34.99069058;3.0;Loic place;;1315569234179;3;36;486;0;7365321E;-1;-1;-1;-1;-1
138.59373353;-34.9906912;3.0;Loic place;;1315569234379;3;36;486;0;7365321E;-1;-1;-1;-1;-1
138.59378661;-34.99069094;3.0;Loic place;;1315569236228;-1;36;486;0;7365321E;-1;-1;-1;-1;-1
138.59384194;-34.99069196;3.0;Loic place;;1315569236324;-1;36;486;0;7365321E;-1;-1;-1;-1;-1
138.59389498;-34.99069312;3.0;Loic place;;1315569238065;-4;36;486;0;7365321E;-1;-1;-1;-1;-1
138.5939442;-34.99069515;3.0;Loic place;;1315569238988;3;35;486;0;7365321E;-1;-1;-1;-1;-1
138.59405988;-34.99069167;4.0;Loic place;;1315569240545;0;35;486;0;7365321E;-1;-1;-1;-1;-1
138.59411606;-34.99069353;4.0;Loic place;;1315569242062;-3;35;486;0;7365321E;-1;-1;-1;-1;-1
138.59417475;-34.99068517;3.0;Loic place;;1315569243185;-1;35;486;0;7365321E;-1;-1;-1;-1;-1
138.59422978;-34.99068146;3.0;Loic place;;1315569244106;-2;35;486;0;7365321E;-1;-1;-1;-1;-1
138.5942884;-34.99067716;3.0;Loic place;;1315569245235;-2;35;486;0;7365321E;-1;-1;-1;-1;-1
138.59434669;-34.990676;3.0;Loic place;;1315569245456;-2;35;486;0;7365321E;-1;-1;-1;-1;-1
138.59440239;-34.99066989;3.0;Loic place;;1315569247179;-2;36;486;0;7365321E;-1;-1;-1;-1;-1
138.59447234;-34.99065979;3.0;Loic place;;1315569247385;0;35;486;0;7365321E;-1;-1;-1;-1;-1
138.59453061;-34.9906598;3.0;Loic place;;1315569249130;0;35;486;0;7365321E;-1;-1;-1;-1;-1
138.59458517;-34.99065964;3.0;Loic place;;1315569250152;0;35;486;0;7365321E;-1;-1;-1;-1;-1
138.5946284;-34.99065368;4.0;Loic place;;1315569251070;5;35;486;0;7365321E;-1;-1;-1;-1;-1
138.59469054;-34.99065351;3.0;Loic place;;1315569252094;0;36;486;0;7365321E;-1;-1;-1;-1;-1
138.59474793;-34.99065188;3.0;Loic place;;1315569253023;4;35;486;0;7365321E;-1;-1;-1;-1;-1
138.59480667;-34.99065147;3.0;Loic place;;1315569254252;0;35;486;0;7365321E;-1;-1;-1;-1;-1
138.59485699;-34.99064622;4.0;Loic place;;1315569254448;4;35;486;0;7365321E;-1;-1;-1;-1;-1
138.59490641;-34.99064047;4.0;Loic place;;1315569256300;1;36;486;0;7365321E;-1;-1;-1;-1;-1
138.59495326;-34.99064014;4.0;Loic place;;1315569257009;2;36;486;0;7365321E;-1;-1;-1;-1;-1
138.59499566;-34.99063777;4.0;Loic place;;1315569258033;0;35;486;0;7365321E;-1;-1;-1;-1;-1
138.59504245;-34.99063013;4.0;Loic place;;1315569259177;2;36;486;0;7365321E;-1;-1;-1;-1;-1
138.59510614;-34.9906257;3.0;Loic place;;1315569260081;2;36;486;0;7365321E;-1;-1;-1;-1;-1
138.59520334;-34.99061525;4.0;Loic place;;1315569261310;2;35;486;0;7365321E;-1;-1;-1;-1;-1
138.59524731;-34.99061359;4.0;Loic place;;1315569263052;1;35;486;0;7365321E;-1;-1;-1;-1;-1
138.59530056;-34.99061267;3.0;Loic place;;1315569264075;2;36;486;0;7365321E;-1;-1;-1;-1;-1
138.59535035;-34.99061143;3.0;Loic place;;1315569265099;0;35;486;0;7365321E;-1;-1;-1;-1;-1
138.59540233;-34.99060876;3.0;Loic place;;1315569266122;-2;35;486;0;7365321E;-1;-1;-1;-1;-1
138.59545219;-34.99060539;3.0;Loic place;;1315569267044;6;35;486;0;7365321E;-1;-1;-1;-1;-1
138.59550226;-34.99060179;3.0;Loic place;;1315569268170;3;36;486;0;7365321E;-1;-1;-1;-1;-1
138.59555179;-34.99059876;3.0;Loic place;;1315569269097;1;35;486;0;7365321E;-1;-1;-1;-1;-1
138.59560189;-34.99059575;3.0;Loic place;;1315569270218;1;35;486;0;7365321E;-1;-1;-1;-1;-1
138.59564949;-34.99059296;3.0;Loic place;;1315569270323;1;36;486;0;7365321E;-1;-1;-1;-1;-1
138.5956986;-34.99059094;3.0;Loic place;;1315569272164;4;35;486;0;7365321E;-1;-1;-1;-1;-1
138.59574668;-34.9905885;3.0;Loic place;;1315569273190;2;35;486;0;7365321E;-1;-1;-1;-1;-1
138.59579726;-34.99058458;3.0;Loic place;;1315569274115;2;35;486;0;7365321E;-1;-1;-1;-1;-1
138.59584459;-34.99058076;3.0;Loic place;;1315569275134;3;36;486;0;7365321E;-1;-1;-1;-1;-1
138.59589302;-34.99057741;3.0;Loic place;;1315569276163;0;35;486;0;7365321E;-1;-1;-1;-1;-1
138.59594109;-34.99057485;3.0;Loic place;;1315569277284;6;35;486;0;7365321E;-1;-1;-1;-1;-1
138.59598907;-34.99057314;3.0;Loic place;;1315569277338;6;35;486;0;7365321E;-1;-1;-1;-1;-1
138.59603414;-34.99057107;3.0;Loic place;;1315569279234;4;36;486;0;7365321E;-1;-1;-1;-1;-1
138.59608087;-34.9905677;3.0;Loic place;;1315569279440;4;36;486;0;7365321E;-1;-1;-1;-1;-1
138.59612858;-34.99056527;3.0;Loic place;;1315569281175;5;36;486;0;7365321E;-1;-1;-1;-1;-1
138.59617931;-34.99056346;3.0;Loic place;;1315569282201;4;36;486;0;7365321E;-1;-1;-1;-1;-1
138.59622694;-34.99056384;3.0;Loic place;;1315569283120;5;36;486;0;7365321E;-1;-1;-1;-1;-1
138.59627687;-34.99056536;3.0;Loic place;;1315569284144;4;36;486;0;7365321E;-1;-1;-1;-1;-1
138.59637707;-34.99056606;4.0;Loic place;;1315569285476;4;36;486;0;7365321E;-1;-1;-1;-1;-1
138.59642337;-34.99056503;4.0;Loic place;;1315569287274;8;36;486;0;7365321E;-1;-1;-1;-1;-1
138.59646852;-34.99056364;4.0;Loic place;;1315569288241;4;36;486;0;7365321E;-1;-1;-1;-1;-1
138.59664327;-34.99055793;3.0;Loic place;;1315569292254;5;35;486;0;7365321E;-1;-1;-1;-1;-1
138.59674867;-34.99055615;3.0;Loic place;;1315569293360;6;36;486;0;7365321E;-1;-1;-1;-1;-1
138.59685423;-34.99055283;3.0;Loic place;;1315569295307;8;35;486;0;7365321E;-1;-1;-1;-1;-1
138.59690626;-34.99054925;3.0;Loic place;;1315569297258;6;36;486;0;7365321E;-1;-1;-1;-1;-1
138.59700966;-34.99054916;3.0;Loic place;;1315569298380;12;36;486;0;7365321E;-1;-1;-1;-1;-1
138.59710631;-34.99057178;3.0;Loic place;;1315569300330;4;35;486;0;7365321E;-1;-1;-1;-1;-1
138.59714835;-34.99059512;3.0;Loic place;;1315569302270;6;36;486;0;7365321E;-1;-1;-1;-1;-1
138.59717941;-34.99062491;3.0;Loic place;;1315569302305;6;36;486;0;7365321E;-1;-1;-1;-1;-1
138.59720247;-34.99066112;3.0;Loic place;;1315569304318;6;36;486;0;7365321E;-1;-1;-1;-1;-1
138.59721965;-34.99074729;3.0;Loic place;;1315569305462;9;35;486;0;7365321E;-1;-1;-1;-1;-1
138.59721786;-34.99079199;3.0;Loic place;;1315569306673;10;36;486;0;7365321E;-1;-1;-1;-1;-1
138.59721574;-34.99083855;3.0;Loic place;;1315569307698;8;35;486;0;7365321E;-1;-1;-1;-1;-1
138.59721367;-34.99088488;3.0;Loic place;;1315569308620;12;35;486;0;7365321E;-1;-1;-1;-1;-1
138.59721223;-34.99093321;3.0;Loic place;;1315569309552;7;36;486;0;7365321E;-1;-1;-1;-1;-1
138.59720978;-34.99102141;3.0;Loic place;;1315569311487;6;36;486;0;7365321E;-1;-1;-1;-1;-1
138.59721102;-34.99110866;3.0;Loic place;;1315569313436;15;36;486;0;7365321E;-1;-1;-1;-1;-1
138.59721155;-34.99115012;3.0;Loic place;;1315569314355;9;36;486;0;7365321E;-1;-1;-1;-1;-1
138.59721274;-34.99123342;4.0;Loic place;;1315569316305;13;36;486;0;7365321E;-1;-1;-1;-1;-1
138.59721855;-34.99131112;3.0;Loic place;;1315569318350;15;36;486;0;7365321E;-1;-1;-1;-1;-1
138.59722611;-34.99138975;3.0;Loic place;;1315569320323;13;36;486;0;7365321E;-1;-1;-1;-1;-1
138.59722934;-34.99143174;3.0;Loic place;;1315569322269;16;36;486;0;7365321E;-1;-1;-1;-1;-1
138.59727442;-34.99153026;3.0;Loic place;;1315569324758;16;36;486;0;7365321E;-1;-1;-1;-1;-1
138.59735318;-34.99155104;3.0;Loic place;;1315569326541;15;36;486;0;7365321E;-1;-1;-1;-1;-1
138.59740104;-34.99154746;3.0;Loic place;;1315569327477;16;37;486;0;7365321E;-1;-1;-1;-1;-1
138.59749982;-34.99152834;4.0;Loic place;;1315569329508;19;36;486;0;7365321E;-1;-1;-1;-1;-1
138.59767969;-34.9914992;3.0;Loic place;;1315569333922;19;37;486;0;7365321E;-1;-1;-1;-1;-1
138.59772474;-34.99149653;3.0;Loic place;;1315569334765;20;37;486;0;7365321E;-1;-1;-1;-1;-1
138.59777163;-34.99149379;3.0;Loic place;;1315569335782;22;37;486;0;7365321E;-1;-1;-1;-1;-1
138.59781852;-34.99149084;3.0;Loic place;;1315569336676;28;37;486;0;7365321E;-1;-1;-1;-1;-1
138.59786652;-34.99148872;3.0;Loic place;;1315569337737;22;37;486;0;7365321E;-1;-1;-1;-1;-1
138.59791054;-34.99148562;3.0;Loic place;;1315569338626;24;37;486;0;7365321E;-1;-1;-1;-1;-1
138.59795464;-34.9914831;4.0;Loic place;
138.59799816;-34.99148205;3.0;Loic place;;1315569340575;23;37;486;0;7365321E;-1;-1;-1;-1;-1
138.5980428;-34.99148016;3.0;Loic place;;1315569341506;22;37;486;0;7365321E;-1;-1;-1;-1;-1
138.59808511;-34.99147804;3.0;Loic place;;1315569342519;23;37;486;0;7365321E;-1;-1;-1;-1;-1
138.59812931;-34.99147512;4.0;Loic place;;1315569343639;26;37;486;0;7365321E;-1;-1;-1;-1;-1
138.59817438;-34.99147093;3.0;Loic place;;1315569344685;20;37;486;0;7365321E;-1;-1;-1;-1;-1
138.59822016;-34.99146685;4.0;Loic place;;1315569345590;27;37;486;0;7365321E;-1;-1;-1;-1;-1
138.59826228;-34.99146148;3.0;Loic place;;1315569346762;20;37;486;0;7365321E;-1;-1;-1;-1;-1
138.59830565;-34.99145526;3.0;Loic place;;1315569347532;21;37;486;0;7365321E;-1;-1;-1;-1;-1
138.59834821;-34.991449;4.0;Loic place;;1315569348584;28;37;486;0;7365321E;-1;-1;-1;-1;-1
138.59839177;-34.9914435;3.0;Loic place;;1315569349603;24;37;486;0;7365321E;-1;-1;-1;-1;-1
138.59843384;-34.99143764;3.0;Loic place;;1315569350713;25;37;486;0;7365321E;-1;-1;-1;-1;-1
138.59852137;-34.9914275;3.0;Loic place;;1315569352352;23;37;486;0;7365321E;-1;-1;-1;-1;-1
138.59856646;-34.99142146;4.0;Loic place;
138.59860465;-34.99141686;3.0;Loic place;;1315569354927;23;37;486;0;7365321E;-1;-1;-1;-1;-1
138.5986426;-34.991412;4.0;Loic place;
138.59868096;-34.99140983;3.0;Loic place;;1315569356968;16;37;486;0;7365321E;-1;-1;-1;-1;-1
138.59872294;-34.9914086;3.0;Loic place;;1315569358021;22;37;486;0;7365321E;-1;-1;-1;-1;-1
138.59876589;-34.99140816;4.0;Loic place;
138.59881213;-34.99140848;4.0;Loic place;;1315569360073;20;37;486;0;7365321E;-1;-1;-1;-1;-1
138.59890593;-34.99140763;4.0;Loic place;;1315569361457;16;37;486;0;7365321E;-1;-1;-1;-1;-1
138.59894909;-34.9914069;4.0;Loic place;;1315569362664;16;37;486;0;7365321E;-1;-1;-1;-1;-1
138.59899448;-34.99140588;3.0;Loic place;;1315569363623;15;37;486;0;7365321E;-1;-1;-1;-1;-1
138.59904039;-34.99140446;3.0;Loic place;;1315569364643;18;38;486;0;7365321E;-1;-1;-1;-1;-1
138.59909009;-34.9914035;3.0;Loic place;;1315569365798;16;37;486;0;7365321E;-1;-1;-1;-1;-1
138.59913777;-34.99140325;4.0;Loic place;;1315569366817;15;37;486;0;7365321E;-1;-1;-1;-1;-1
138.59918651;-34.99140247;4.0;Loic place;;1315569367928;14;37;486;0;7365321E;-1;-1;-1;-1;-1
138.5992355;-34.99140083;4.0;Loic place;;1315569368946;16;38;486;0;7365321E;-1;-1;-1;-1;-1
138.59928471999999;-34.99139896;4.0;Loic place;;1315569370010;15;37;486;0;7365321E;-1;-1;-1;-1;-1
138.59932634;-34.99139675;4.0;Loic place;;1315569371123;10;38;486;0;7365321E;-1;-1;-1;-1;-1
138.59936717;-34.99139392;4.0;Loic place;;1315569372138;16;38;486;0;7365321E;-1;-1;-1;-1;-1
138.59940461;-34.99139365;4.0;Loic place;;1315569373159;15;37;486;0;7365321E;-1;-1;-1;-1;-1
138.59943976;-34.9913913;3.0;Loic place;;1315569374263;11;37;486;0;7365321E;-1;-1;-1;-1;-1
138.59949511;-34.9913983;3.0;Loic place;;1315569375383;10;38;486;0;7365321E;-1;-1;-1;-1;-1
138.59951402;-34.99141276;3.0;Loic place;;1315569376509;11;38;486;0;7365321E;-1;-1;-1;-1;-1
138.59952585;-34.99143602;3.0;Loic place;;1315569377534;10;38;486;0;7365321E;-1;-1;-1;-1;-1
138.59952921;-34.99146165;3.0;Loic place;;1315569378661;10;38;486;0;7365321E;-1;-1;-1;-1;-1
138.59952933;-34.9914901;3.0;Loic place;;1315569379786;9;38;486;0;7365321E;-1;-1;-1;-1;-1
138.59952793;-34.99152103;3.0;Loic place;;1315569381117;7;38;486;0;7365321E;-1;-1;-1;-1;-1
138.59952698;-34.99155695;3.0;Loic place;;1315569382045;6;37;486;0;7365321E;-1;-1;-1;-1;-1
138.59952786;-34.9915949;3.0;Loic place;;1315569383166;11;38;486;0;7365321E;-1;-1;-1;-1;-1
138.59952905;-34.99163314;3.0;Loic place;;1315569384292;11;37;486;0;7365321E;-1;-1;-1;-1;-1
138.59953607;-34.99170449;3.0;Loic place;;1315569385427;10;38;486;0;7365321E;-1;-1;-1;-1;-1
138.59954274;-34.99173577;3.0;Loic place;;1315569386549;13;38;486;0;7365321E;-1;-1;-1;-1;-1
138.59955106;-34.99176848;3.0;Loic place;;1315569387778;8;38;486;0;7365321E;-1;-1;-1;-1;-1
138.59955863;-34.99180141;3.0;Loic place;;1315569388914;8;38;486;0;7365321E;-1;-1;-1;-1;-1
138.59956557;-34.99183758;3.0;Loic place;;1315569390272;10;38;486;0;7365321E;-1;-1;-1;-1;-1
138.59957188;-34.99187261;3.0;Loic place;;1315569391385;8;38;486;0;7365321E;-1;-1;-1;-1;-1
138.59958553;-34.99194518;4.0;Loic place;;1315569392627;12;38;486;0;7365321E;-1;-1;-1;-1;-1
138.59959173;-34.99198076;4.0;Loic place;;1315569393882;13;37;486;0;7365321E;-1;-1;-1;-1;-1
138.59959624;-34.99201341;4.0;Loic place;;1315569394838;12;38;486;0;7365321E;-1;-1;-1;-1;-1
138.59959812;-34.99204595;4.0;Loic place;;1315569396069;11;38;486;0;7365321E;-1;-1;-1;-1;-1
138.59960545;-34.99211205;3.0;Loic place;
138.59961307;-34.99217939;4.0;Loic place;;1315569400068;10;38;486;0;7365321E;-1;-1;-1;-1;-1
138.59962152;-34.99224627;3.0;Loic place;;1315569401393;8;38;486;0;7365321E;-1;-1;-1;-1;-1
138.59962502;-34.99227589;3.0;Loic place;;1315569402623;8;38;486;0;7365321E;-1;-1;-1;-1;-1
138.59962633;-34.99230391;3.0;Loic place;;1315569404277;12;38;486;0;7365321E;-1;-1;-1;-1;-1
138.59962432;-34.99235025;3.0;Loic place;;1315569405694;11;38;486;0;7365321E;-1;-1;-1;-1;-1
138.59961003;-34.99237968;4.0;Loic place;;1315569407710;9;38;486;0;7365321E;-1;-1;-1;-1;-1
138.59958244;-34.99239885;4.0;Loic place;;1315569410105;9;38;486;0;7365321E;-1;-1;-1;-1;-1
138.59954298;-34.99241085;4.0;Loic place;;1315569411325;11;38;486;0;7365321E;-1;-1;-1;-1;-1
138.59949507;-34.99241839;4.0;Loic place;;1315569413886;8;38;486;0;7365321E;-1;-1;-1;-1;-1
138.59947127;-34.99241891;4.0;Loic place;;1315569415229;12;38;486;0;7365321E;-1;-1;-1;-1;-1
138.59941164;-34.99241785;4.0;Loic place;;1315569416547;8;38;486;0;7365321E;-1;-1;-1;-1;-1
138.59937035;-34.99241727;3.0;Loic place;;1315569417813;10;38;486;0;7365321E;-1;-1;-1;-1;-1
138.59932592;-34.99241705;3.0;Loic place;;1315569419056;12;38;486;0;7365321E;-1;-1;-1;-1;-1
138.59922994;-34.99241574;3.0;Loic place;;1315569420442;11;38;486;0;7365321E;-1;-1;-1;-1;-1
138.59918233;-34.9924146;4.0;Loic place;;1315569421900;14;38;486;0;7365321E;-1;-1;-1;-1;-1
138.59913869;-34.99241289;4.0;Loic place;;1315569423186;12;38;486;0;7365321E;-1;-1;-1;-1;-1
138.59904283;-34.99240742;3.0;Loic place;;1315569424562;10;38;486;0;7365321E;-1;-1;-1;-1;-1
138.59899239;-34.99240231;3.0;Loic place;;1315569425805;16;38;486;0;7365321E;-1;-1;-1;-1;-1
138.59894258;-34.99239677;3.0;Loic place;;1315569427136;13;38;486;0;7365321E;-1;-1;-1;-1;-1
138.59884024;-34.99238941;3.0;Loic place;;1315569428508;17;38;486;0;7365321E;-1;-1;-1;-1;-1
138.59879108;-34.99238726;4.0;Loic place;;1315569430109;16;39;486;0;7365321E;-1;-1;-1;-1;-1
138.59870483;-34.99238543;4.0;Loic place;;1315569431528;18;39;486;0;7365321E;-1;-1;-1;-1;-1
138.59866716;-34.99238439;4.0;Loic place;;1315569432948;22;38;486;0;7365321E;-1;-1;-1;-1;-1
138.59859413;-34.99238665;3.0;Loic place;;1315569434427;21;39;486;0;7365321E;-1;-1;-1;-1;-1
138.59855792;-34.99238935;3.0;Loic place;;1315569435609;24;39;486;0;7365321E;-1;-1;-1;-1;-1
138.59843164;-34.99242766;4.0;Loic place;;1315569440045;31;38;486;0;7365321E;-1;-1;-1;-1;-1
138.59841743;-34.99248613;3.0;Loic place;
138.59842594;-34.99256211;3.0;Loic place;;1315569443815;44;39;486;0;7365321E;-1;-1;-1;-1;-1
138.59843094;-34.99259912;3.0;Loic place;;1315569445326;40;39;486;0;7365321E;-1;-1;-1;-1;-1
138.59844902;-34.99266777;3.0;Loic place;;1315569446653;33;39;486;0;7365321E;-1;-1;-1;-1;-1
138.59846151;-34.99270081;4.0;Loic place;;1315569447988;23;39;486;0;7365321E;-1;-1;-1;-1;-1
138.59847916;-34.99276671;4.0;Loic place;;1315569449539;20;39;486;0;7365321E;-1;-1;-1;-1;-1
138.59848221;-34.99279909;4.0;Loic place;;1315569450871;18;39;486;0;7365321E;-1;-1;-1;-1;-1
138.59848429;-34.99283158;4.0;Loic place;;1315569452201;16;39;486;0;7365321E;-1;-1;-1;-1;-1
138.59849008;-34.99290417;3.0;Loic place;;1315569453618;12;40;486;0;7365321E;-1;-1;-1;-1;-1
138.59849273;-34.99294154;3.0;Loic place;;1315569454953;16;39;486;0;7365321E;-1;-1;-1;-1;-1
138.59849777;-34.99302085;4.0;Loic place;;1315569456417;13;40;486;0;7365321E;-1;-1;-1;-1;-1
138.59849962;-34.99306024;4.0;Loic place;
138.5985018;-34.99309639;4.0;Loic place;;1315569459166;16;40;486;0;7365321E;-1;-1;-1;-1;-1
138.59850535;-34.99316766;3.0;Loic place;;1315569460717;16;40;486;0;7365321E;-1;-1;-1;-1;-1
138.59850797;-34.99320414;3.0;Loic place;;1315569462139;15;40;486;0;7365321E;-1;-1;-1;-1;-1
138.59851171;-34.99327594;3.0;Loic place;
138.59851306;-34.99331214;3.0;Loic place;
138.5985178;-34.99338135;4.0;Loic place;;1315569466443;11;40;486;0;7365321E;-1;-1;-1;-1;-1
138.5985212;-34.99341389;4.0;Loic place;;1315569467905;9;40;486;0;7365321E;-1;-1;-1;-1;-1
138.59852991;-34.99347753;4.0;Loic place;;1315569469290;7;40;486;0;7365321E;-1;-1;-1;-1;-1
138.59854172;-34.99356781;4.0;Loic place;;1315569473072;11;39;486;0;7365321E;-1;-1;-1;-1;-1
138.59854614;-34.99363147;4.0;Loic place;;1315569474505;7;40;486;0;7365321E;-1;-1;-1;-1;-1
138.5985477;-34.99366617;4.0;Loic place;;1315569476106;11;39;486;0;7365321E;-1;-1;-1;-1;-1
138.598552;-34.99374039;4.0;Loic place;;1315569477885;6;39;486;0;7365321E;-1;-1;-1;-1;-1
138.59855476;-34.99380569;4.0;Loic place;;1315569479560;9;39;486;0;7365321E;-1;-1;-1;-1;-1
138.59855692;-34.99383946;3.0;Loic place;;1315569481167;10;40;486;0;7365321E;-1;-1;-1;-1;-1
138.59855911;-34.99391155;3.0;Loic place;;1315569482807;8;39;486;0;7365321E;-1;-1;-1;-1;-1
138.59856119;-34.99398436;4.0;Loic place;;1315569484338;10;40;486;0;7365321E;-1;-1;-1;-1;-1
138.59856382;-34.99405509;4.0;Loic place;;1315569487438;7;39;486;0;7365321E;-1;-1;-1;-1;-1
138.59855687;-34.99411884;3.0;Loic place;;1315569489253;6;38;486;0;7365321E;-1;-1;-1;-1;-1
138.5984877;-34.99417312;4.0;Loic place;;1315569492119;4;38;486;0;7365321E;-1;-1;-1;-1;-1
138.5984263;-34.99416799;4.0;Loic place;;1315569493759;5;39;486;0;7365321E;-1;-1;-1;-1;-1
138.59840318;-34.99412769;3.0;Loic place;;1315569495504;3;38;486;0;7365321E;-1;-1;-1;-1;-1
138.59840542;-34.9940543;3.0;Loic place;;1315569497443;0;39;486;0;7365321E;-1;-1;-1;-1;-1
138.59840734;-34.99390279;4.0;Loic place;;1315569502154;4;38;486;0;7365321E;-1;-1;-1;-1;-1
138.5984057;-34.99383638;3.0;Loic place;;1315569504211;6;38;486;0;7365321E;-1;-1;-1;-1;-1
138.59840663;-34.99377176;4.0;Loic place;;1315569505950;2;38;486;0;7365321E;-1;-1;-1;-1;-1
138.59840632;-34.99371331;3.0;Loic place;;1315569507582;3;38;486;0;7365321E;-1;-1;-1;-1;-1
138.59840597;-34.99368422;3.0;Loic place;;1315569509118;5;38;486;0;7365321E;-1;-1;-1;-1;-1
138.59840323;-34.99363053;4.0;Loic place;;1315569510858;3;38;486;0;7365321E;-1;-1;-1;-1;-1
138.59839948;-34.99357756;3.0;Loic place;;1315569512504;2;38;486;0;7365321E;-1;-1;-1;-1;-1
138.59839805;-34.99354798;3.0;Loic place;;1315569514141;4;38;486;0;7365321E;-1;-1;-1;-1;-1
138.59839339;-34.99348895;4.0;Loic place;;1315569515773;2;38;486;0;7365321E;-1;-1;-1;-1;-1
138.59838951;-34.99342645;3.0;Loic place;;1315569517513;7;38;486;0;7365321E;-1;-1;-1;-1;-1
138.5983874;-34.99339458;3.0;Loic place;;1315569519260;3;38;486;0;7365321E;-1;-1;-1;-1;-1
138.59838117;-34.99332565;3.0;Loic place;;1315569520894;6;38;486;0;7365321E;-1;-1;-1;-1;-1
138.59837238;-34.99325707;4.0;Loic place;;1315569522940;7;37;486;0;7365321E;-1;-1;-1;-1;-1
138.59837013;-34.99319382;3.0;Loic place;;1315569524683;14;38;486;0;7365321E;-1;-1;-1;-1;-1
138.5983753;-34.99313891;4.0;Loic place;;1315569527039;8;38;486;0;7365321E;-1;-1;-1;-1;-1
138.59837474;-34.99308793;4.0;Loic place;;1315569528988;11;38;486;0;7365321E;-1;-1;-1;-1;-1
138.59836478;-34.99303335;4.0;Loic place;;1315569530631;13;38;486;0;7365321E;-1;-1;-1;-1;-1
138.59835674;-34.99296918;3.0;Loic place;;1315569532577;15;38;486;0;7365321E;-1;-1;-1;-1;-1
138.59835247;-34.99286289;3.0;Loic place;;1315569536268;23;37;486;0;7365321E;-1;-1;-1;-1;-1
138.59834872;-34.99279068;4.0;Loic place;;1315569538198;26;37;486;0;7365321E;-1;-1;-1;-1;-1
138.598344;-34.99272104;4.0;Loic place;;1315569540248;21;37;486;0;7365321E;-1;-1;-1;-1;-1
138.59833661;-34.99264935;4.0;Loic place;;1315569542092;40;37;486;0;7365321E;-1;-1;-1;-1;-1
138.59833013;-34.99255102;3.0;Loic place;;1315569545163;34;38;486;0;7365321E;-1;-1;-1;-1;-1
138.59831211;-34.99249505;3.0;Loic place;;1315569547006;26;37;486;0;7365321E;-1;-1;-1;-1;-1
138.59825862;-34.99247086;3.0;Loic place;;1315569549052;36;37;486;0;7365321E;-1;-1;-1;-1;-1
138.5982017;-34.99246399;4.0;Loic place;;1315569551005;32;37;486;0;7365321E;-1;-1;-1;-1;-1
138.59814545;-34.99245396;3.0;Loic place;;1315569552949;37;37;486;0;7365321E;-1;-1;-1;-1;-1
138.59806486;-34.99245768;3.0;Loic place;;1315569554891;49;38;486;0;7365321E;-1;-1;-1;-1;-1
138.5979715;-34.99247939;4.0;Loic place;;1315569557246;40;37;486;0;7365321E;-1;-1;-1;-1;-1
138.5978314;-34.99245369;3.0;Loic place;;1315569560933;41;37;486;0;7365321E;-1;-1;-1;-1;-1
138.59778893;-34.99240745;4.0;Loic place;;1315569562884;44;37;486;0;7365321E;-1;-1;-1;-1;-1
138.59775748;-34.9924085;3.0;Loic place;;1315569564823;43;37;486;0;7365321E;-1;-1;-1;-1;-1
138.59773331;-34.99245527;4.0;Loic place;;1315569566667;49;37;486;0;7365321E;-1;-1;-1;-1;-1
138.59769127;-34.9924659;3.0;Loic place;;1315569568612;43;37;486;0;7365321E;-1;-1;-1;-1;-1
138.59764653;-34.99242746;3.0;Loic place;;1315569570558;42;37;486;0;7365321E;-1;-1;-1;-1;-1
138.59760377;-34.99238503;4.0;Loic place;;1315569572509;58;37;486;0;7365321E;-1;-1;-1;-1;-1
138.59756316;-34.99237264;4.0;Loic place;;1315569574655;45;37;486;0;7365321E;-1;-1;-1;-1;-1
138.59752755;-34.99239065;4.0;Loic place;;1315569576499;52;37;486;0;7365321E;-1;-1;-1;-1;-1
138.59748098;-34.99238857;3.0;Loic place;;1315569578443;44;37;486;0;7365321E;-1;-1;-1;-1;-1
138.59745642;-34.99237863;4.0;Loic place;;1315569580290;51;37;486;0;7365321E;-1;-1;-1;-1;-1
138.59740153;-34.9923529;3.0;Loic place;;1315569582236;39;37;486;0;7365321E;-1;-1;-1;-1;-1
138.59734992;-34.99236272;3.0;Loic place;;1315569584281;50;37;486;0;7365321E;-1;-1;-1;-1;-1
138.59731438;-34.99240466;4.0;Loic place;;1315569586225;45;37;486;0;7365321E;-1;-1;-1;-1;-1
138.59729017;-34.9924518;4.0;Loic place;;1315569588273;44;37;486;0;7365321E;-1;-1;-1;-1;-1
138.59724553;-34.99248445;3.0;Loic place;;1315569590219;48;37;486;0;7365321E;-1;-1;-1;-1;-1
138.59717878;-34.99248037;4.0;Loic place;;1315569592170;40;37;486;0;7365321E;-1;-1;-1;-1;-1
138.59712655;-34.99243786;3.0;Loic place;;1315569594315;33;37;486;0;7365321E;-1;-1;-1;-1;-1
138.59714341;-34.99232644;4.0;Loic place;;1315569596363;37;37;486;0;7365321E;-1;-1;-1;-1;-1
138.5971676;-34.99225546;4.0;Loic place;;1315569598415;42;37;486;0;7365321E;-1;-1;-1;-1;-1
138.5971786;-34.99213905;4.0;Loic place;;1315569602616;50;38;486;0;7365321E;-1;-1;-1;-1;-1
138.5971812;-34.99207462;4.0;Loic place;;1315569605169;40;38;486;0;7365321E;-1;-1;-1;-1;-1
138.59717414;-34.99196741;4.0;Loic place;;1315569607405;34;38;486;0;7365321E;-1;-1;-1;-1;-1
138.59715698;-34.9918371;4.0;Loic place;;1315569611663;28;38;486;0;7365321E;-1;-1;-1;-1;-1
138.59715321;-34.99177449;4.0;Loic place;;1315569614105;25;38;486;0;7365321E;-1;-1;-1;-1;-1
138.59714861;-34.99171716;3.0;Loic place;;1315569616146;24;38;486;0;7365321E;-1;-1;-1;-1;-1
138.59714043;-34.99163438;4.0;Loic place;;1315569618498;26;38;486;0;7365321E;-1;-1;-1;-1;-1
138.59713658;-34.99158257;4.0;Loic place;;1315569620658;21;38;486;0;7365321E;-1;-1;-1;-1;-1
138.59710502;-34.99154079;3.0;Loic place;;1315569622901;26;38;486;0;7365321E;-1;-1;-1;-1;-1
138.59689078;-34.9915171;3.0;Loic place;;1315569627493;12;39;486;0;7365321E;-1;-1;-1;-1;-1
138.59679071;-34.9915378;4.0;Loic place;;1315569629868;14;38;486;0;7365321E;-1;-1;-1;-1;-1
138.59668905;-34.99155196;3.0;Loic place;;1315569632000;15;39;486;0;7365321E;-1;-1;-1;-1;-1
138.59658462;-34.99155877;4.0;Loic place;;1315569634252;11;39;486;0;7365321E;-1;-1;-1;-1;-1
138.59643464;-34.9915682;4.0;Loic place;;1315569636519;13;39;486;0;7365321E;-1;-1;-1;-1;-1
138.59633926;-34.99158058;3.0;Loic place;;1315569638881;13;38;486;0;7365321E;-1;-1;-1;-1;-1
138.59624224;-34.99158885;3.0;Loic place;;1315569640919;12;38;486;0;7365321E;-1;-1;-1;-1;-1
138.59614047;-34.99158715;3.0;Loic place;;1315569643175;15;39;486;0;7365321E;-1;-1;-1;-1;-1
138.59597631;-34.99158982;3.0;Loic place;;1315569645619;11;39;486;0;7365321E;-1;-1;-1;-1;-1
138.59587287;-34.99159351;3.0;Loic place;;1315569648076;10;39;486;0;7365321E;-1;-1;-1;-1;-1
138.59573672;-34.99160341;4.0;Loic place;;1315569650330;8;39;486;0;7365321E;-1;-1;-1;-1;-1
138.59557985;-34.99164866;3.0;Loic place;;1315569654941;12;38;486;0;7365321E;-1;-1;-1;-1;-1
138.59549963;-34.99173091;4.0;Loic place;;1315569657297;11;39;486;0;7365321E;-1;-1;-1;-1;-1
138.59550979;-34.99180495;3.0;Loic place;;1315569659765;17;40;486;0;7365321E;-1;-1;-1;-1;-1
138.59553525;-34.99189245;4.0;Loic place;;1315569662249;18;40;486;0;7365321E;-1;-1;-1;-1;-1
138.59555341;-34.99202004;4.0;Loic place;;1315569664603;10;40;486;0;7365321E;-1;-1;-1;-1;-1
138.59556557;-34.99210388;4.0;Loic place;;1315569666954;14;40;486;0;7365321E;-1;-1;-1;-1;-1
138.59559098;-34.99221059;4.0;Loic place;;1315569669480;20;40;486;0;7365321E;-1;-1;-1;-1;-1
138.59560894;-34.99226164;4.0;Loic place;;1315569671841;12;40;486;0;7365321E;-1;-1;-1;-1;-1
138.59562018;-34.99234056;3.0;Loic place;;1315569674506;11;40;486;0;7365321E;-1;-1;-1;-1;-1
138.5956722;-34.9924812;4.0;Loic place;;1315569680445;12;39;486;0;7365321E;-1;-1;-1;-1;-1
138.59583183;-34.9924965;4.0;Loic place;;1315569685405;12;40;486;0;7365321E;-1;-1;-1;-1;-1
138.59601707;-34.99250085;4.0;Loic place;;1315569690981;10;40;486;0;7365321E;-1;-1;-1;-1;-1
138.59613414;-34.99249741;4.0;Loic place;;1315569693752;12;40;486;0;7365321E;-1;-1;-1;-1;-1
138.59629337;-34.99248886;4.0;Loic place;;1315569697722;15;39;486;0;7365321E;-1;-1;-1;-1;-1
138.59638206;-34.99248593;4.0;Loic place;;1315569700206;16;40;486;0;7365321E;-1;-1;-1;-1;-1
138.59652282;-34.99247876;4.0;Loic place;;1315569702868;23;40;486;0;7365321E;-1;-1;-1;-1;-1
138.59666024;-34.99247528;4.0;Loic place;;1315569705830;21;40;486;0;7365321E;-1;-1;-1;-1;-1
138.59678923;-34.99247248;4.0;Loic place;;1315569708387;26;40;486;0;7365321E;-1;-1;-1;-1;-1
138.59687974;-34.9924637;4.0;Loic place;;1315569711094;25;40;486;0;7365321E;-1;-1;-1;-1;-1
138.59701997;-34.99245507;4.0;Loic place;;1315569713845;32;40;486;0;7365321E;-1;-1;-1;-1;-1
138.59714668;-34.99244827;4.0;Loic place;;1315569716496;32;40;486;0;7365321E;-1;-1;-1;-1;-1
138.5972224;-34.992431;4.0;Loic place;;1315569719146;36;40;486;0;7365321E;-1;-1;-1;-1;-1
138.59734123;-34.99236801;4.0;Loic place;;1315569722294;34;40;486;0;7365321E;-1;-1;-1;-1;-1
138.59735884;-34.99226789;3.0;Loic place;;1315569728204;42;40;486;0;7365321E;-1;-1;-1;-1;-1
138.59736513;-34.99224828;3.0;Loic place;;1315569730955;43;40;486;0;7365321E;-1;-1;-1;-1;-1
138.59738876;-34.9922562;3.0;Loic place;;1315569733811;53;40;486;0;7365321E;-1;-1;-1;-1;-1
138.59743727;-34.99226723;4.0;Loic place;;1315569736457;66;40;486;0;7365321E;-1;-1;-1;-1;-1
138.59747795;-34.99228207;4.0;Loic place;;1315569739429;54;40;486;0;7365321E;-1;-1;-1;-1;-1
138.59749308;-34.9923131;4.0;Loic place;;1315569742337;59;40;486;0;7365321E;-1;-1;-1;-1;-1
138.59749089;-34.9923597;4.0;Loic place;;1315569748032;51;40;486;0;7365321E;-1;-1;-1;-1;-1
138.59751771;-34.99236641;4.0;Loic place;
138.59756284;-34.99236408;4.0;Loic place;;1315569754673;68;40;486;0;7365321E;-1;-1;-1;-1;-1
138.59761409;-34.99237016;5.0;Loic place;;1315569757659;70;40;486;0;7365321E;-1;-1;-1;-1;-1
138.59765422;-34.99237106;5.0;Loic place;;1315569760982;71;41;486;0;7365321E;-1;-1;-1;-1;-1
