138.57315757;-35.02925086;11.0;around campus;;1315511819082;32;49;138;5;79292F5B;-1;800;8800;21500;325200
138.57315768;-35.02925105;11.0;around campus;;1315511820002;31;49;138;5;79292F5B;-1;800;8900;21500;325200
138.57315742;-35.02925106;10.0;around campus;;1315511821028;36;49;138;5;79292F5B;-1;800;8900;21500;325200
138.57316006;-35.0292536;12.0;around campus;;1315511821994;32;49;138;5;79292F5B;-1;800;8900;21500;325200
138.57318248;-35.02926154;10.0;around campus;
138.57319688;-35.02926973;8.0;around campus;
138.57321264;-35.02926978;6.0;around campus;;1315511825124;35;49;138;5;79292F5B;-1;800;8900;21500;325200
138.57321638;-35.02927688;5.0;around campus;;1315511826045;33;49;138;5;79292F5B;-1;800;9000;21500;325200
138.57322747;-35.02928094;4.0;around campus;;1315511826966;38;49;138;5;79292F5B;-1;800;9000;21500;325200
138.57323175;-35.02933569;4.0;around campus;;1315511828097;37;49;138;5;79292F5B;-1;800;9000;21500;325300
138.57324765;-35.02933454;4.0;around campus;;1315511829013;38;49;138;5;79292F5B;-1;900;9000;21500;325300
138.57325935;-35.02933686;3.0;around campus;;1315511830039;37;49;138;5;79292F5B;-1;1000;9000;21500;325300
138.57327446;-35.02933836;3.0;around campus;;1315511831066;44;49;138;5;79292F5B;-1;1100;9000;21500;325300
138.57329008;-35.02933767;3.0;around campus;;1315511832086;44;49;138;5;79292F5B;-1;1100;9000;21500;325300
138.57330645;-35.02933823;3.0;around campus;;1315511833008;45;49;138;5;79292F5B;-1;1100;9000;21500;325300
138.5733208;-35.0293406;3.0;around campus;;1315511834032;43;49;138;5;79292F5B;-1;1100;9000;21500;325300
138.57333527;-35.02934367;3.0;around campus;;1315511835054;44;49;138;5;79292F5B;-1;1100;9000;21500;325300
138.5733462;-35.02935051;3.0;around campus;;1315511835977;45;49;138;5;79292F5B;-1;1100;9000;21500;325300
138.57335305;-35.02936122;3.0;around campus;;1315511837001;47;49;138;5;79292F5B;-1;1100;9000;21500;325300
138.57335558;-35.02937418;3.0;around campus;;1315511838132;48;50;138;5;79292F5B;-1;1100;9000;21500;325400
138.573354;-35.02939045;3.0;around campus;;1315511839049;49;50;138;5;79292F5B;-1;1200;9000;21500;325400
138.57335069;-35.02940673;3.0;around campus;
138.57334839;-35.02942242;3.0;around campus;
138.57334586;-35.02943837;3.0;around campus;;1315511842019;53;49;138;5;79292F5B;-1;1200;9000;21500;325400
138.57334228;-35.02945461;3.0;around campus;;1315511843043;49;49;138;5;79292F5B;-1;1200;9000;21500;325500
138.57333803;-35.02947082;3.0;around campus;;1315511844067;56;50;138;5;79292F5B;-1;1200;9200;21500;325500
138.57333352;-35.0294868;3.0;around campus;;1315511844989;57;49;138;5;79292F5B;-1;1200;9200;21500;325500
138.57332859;-35.0295024;3.0;around campus;;1315511846012;57;49;138;5;79292F5B;-1;1200;9200;21500;325500
138.57332382;-35.02951851;3.0;around campus;;1315511847037;59;49;138;5;79292F5B;-1;1300;9200;21500;325500
138.57331865;-35.02953353;3.0;around campus;;1315511848270;65;49;138;5;79292F5B;-1;1300;9200;21500;325500
138.57331481;-35.0295472;3.0;around campus;;1315511849088;60;49;138;5;79292F5B;-1;1300;9200;21500;325500
138.57331263;-35.02955938;3.0;around campus;;1315511850006;67;49;138;5;79292F5B;-1;1300;9200;21500;325500
138.57331136;-35.02957164;3.0;around campus;;1315511851030;62;49;138;5;79292F5B;-1;1400;9300;21500;325500
138.57331072;-35.02958366;3.0;around campus;;1315511852054;57;49;138;5;79292F5B;-1;1400;9300;21500;325500
138.57330935;-35.02959697;3.0;around campus;;1315511853079;56;49;138;5;79292F5B;-1;1400;9300;21500;325600
138.57330836;-35.02961035;3.0;around campus;;1315511854000;57;50;138;5;79292F5B;-1;1400;9300;21500;325600
138.57330749;-35.02962452;3.0;around campus;;1315511855127;62;49;138;5;79292F5B;-1;1400;9300;21500;325600
138.57330631;-35.02963808;3.0;around campus;;1315511856047;54;49;138;5;79292F5B;-1;1400;9300;22000;325600
138.57330458;-35.02965111;3.0;around campus;;1315511857092;51;49;138;5;79292F5B;-1;1400;9300;22000;325600
138.57330201;-35.02966387;3.0;around campus;;1315511858117;54;50;138;5;79292F5B;-1;1400;9300;22000;325600
138.57329883;-35.0296781;3.0;around campus;;1315511859023;51;50;138;5;79292F5B;-1;1400;9400;22000;325600
138.57329536;-35.02969265;3.0;around campus;;1315511860047;54;49;138;5;79292F5B;-1;1400;9400;22000;325600
138.57329213;-35.0297072;3.0;around campus;;1315511861095;53;50;138;5;79292F5B;-1;1400;9400;22000;325600
138.57328774;-35.02972078;3.0;around campus;;1315511862192;53;50;138;5;79292F5B;-1;1400;9400;22000;325600
138.5732816;-35.0297347;3.0;around campus;;1315511863010;55;50;138;5;79292F5B;-1;1400;9500;22000;325600
138.57327098;-35.02974343;3.0;around campus;;1315511864144;54;50;138;5;79292F5B;-1;1400;9500;22000;325600
138.57325614;-35.02974763;3.0;around campus;;1315511865059;61;49;138;5;79292F5B;-1;1400;9500;22000;325600
138.57324028;-35.02974858;3.0;around campus;;1315511866198;62;49;138;5;79292F5B;-1;1400;9500;22100;325600
138.57322429;-35.02974564;3.0;around campus;;1315511867111;62;50;138;5;79292F5B;-1;1400;9500;22100;325600
138.57321086;-35.02974129;3.0;around campus;;1315511868032;68;50;138;5;79292F5B;-1;1400;9600;22100;325600
138.57320007;-35.02973665;4.0;around campus;;1315511869059;60;50;138;5;79292F5B;-1;1400;9600;22100;325600
138.57319062;-35.02973181;4.0;around campus;;1315511869974;65;50;138;5;79292F5B;-1;1400;9800;22100;325600
138.57318085;-35.02972767;4.0;around campus;;1315511870999;55;50;138;5;79292F5B;-1;1400;9800;22100;325600
138.57317074;-35.02972318;4.0;around campus;;1315511872023;53;50;138;5;79292F5B;-1;1400;9800;22200;325600
138.57316018;-35.02972024;4.0;around campus;;1315511873046;58;50;138;5;79292F5B;-1;1400;9800;22200;325600
138.57314811;-35.02971954;4.0;around campus;;1315511874070;55;50;138;5;79292F5B;-1;1400;9800;22200;325600
138.57313141;-35.02971988;4.0;around campus;;1315511874992;57;50;138;5;79292F5B;-1;1400;9800;22200;325700
138.57311192;-35.02972028;4.0;around campus;;1315511876016;56;50;138;5;79292F5B;-1;1400;9800;22200;325700
138.57309266;-35.02971919;4.0;around campus;;1315511877039;50;50;138;5;79292F5B;-1;1400;9900;22200;325700
138.57307504;-35.02971848;4.0;around campus;;1315511878063;58;50;138;5;79292F5B;-1;1400;9900;22200;325700
138.57305473;-35.02971628;3.0;around campus;;1315511879089;60;50;138;5;79292F5B;-1;1500;9900;22200;325700
138.57303588;-35.02971616;3.0;around campus;;1315511880009;54;50;138;5;79292F5B;-1;1500;9900;22200;325700
138.5730172;-35.02971585;3.0;around campus;;1315511881035;51;50;138;5;79292F5B;-1;1500;9900;22200;325700
138.57299803;-35.02971344;3.0;around campus;;1315511882060;45;50;138;5;79292F5B;-1;1500;9900;22200;325700
138.5729771;-35.02971038;4.0;around campus;;1315511883081;45;50;138;5;79292F5B;-1;1500;9900;22200;325700
138.57295718;-35.0297077;3.0;around campus;;1315511884004;45;50;138;5;79292F5B;-1;1500;10000;22200;325700
138.57293871;-35.02970556;3.0;around campus;;1315511885129;44;50;138;5;79292F5B;-1;1500;10000;22200;325700
138.57292279;-35.02970326;3.0;around campus;;1315511886051;40;50;138;5;79292F5B;-1;1500;10100;22200;325700
138.57290584;-35.02969915;3.0;around campus;;1315511887076;40;50;138;5;79292F5B;-1;1500;10100;22200;325700
138.57288998;-35.0296937;3.0;around campus;;1315511888100;41;50;138;5;79292F5B;-1;1500;10100;22200;325700
138.57287533;-35.02968953;3.0;around campus;;1315511889020;38;50;138;5;79292F5B;-1;1500;10500;22200;325700
138.57286097;-35.02968883;3.0;around campus;;1315511890152;44;50;138;5;79292F5B;-1;1500;10800;22200;325700
138.57284508;-35.02969067;3.0;around campus;;1315511891069;48;50;138;5;79292F5B;-1;1500;10800;22200;325700
138.57283387;-35.0296997;3.0;around campus;;1315511892094;44;50;138;5;79292F5B;-1;1500;10800;22200;325700
138.57282974;-35.02971339;3.0;around campus;;1315511893020;47;50;138;5;79292F5B;-1;1500;10800;22200;325700
138.57283119;-35.02972858;3.0;around campus;;1315511894144;39;50;138;5;79292F5B;-1;1500;10900;22200;325700
138.57283784;-35.02974669;3.0;around campus;;1315511895068;45;50;138;5;79292F5B;-1;1500;10900;22200;325700
138.57284602;-35.029763;3.0;around campus;;1315511896094;41;50;138;5;79292F5B;-1;1500;10900;22200;325700
138.57285465;-35.02977805;3.0;around campus;;1315511897115;45;50;138;5;79292F5B;-1;1500;11000;22200;325700
138.57286452;-35.02979074;3.0;around campus;;1315511898032;46;50;138;5;79292F5B;-1;1600;11000;22200;325700
138.57287563;-35.02980268;3.0;around campus;;1315511899056;44;50;138;5;79292F5B;-1;1600;11000;22300;325700
138.57288651;-35.02981452;3.0;around campus;;1315511900080;48;50;138;5;79292F5B;-1;1600;11000;22300;325800
138.57289744;-35.02982609;3.0;around campus;;1315511901002;46;50;138;5;79292F5B;-1;1600;11000;22300;325800
138.57290852;-35.02983777;3.0;around campus;;1315511902025;38;50;138;5;79292F5B;-1;1600;11000;22300;325800
138.57292054;-35.02984927;3.0;around campus;;1315511903264;37;50;138;5;79292F5B;-1;1600;11000;22300;325800
138.57293246;-35.02986042;3.0;around campus;;1315511904183;36;50;138;5;79292F5B;-1;1600;11000;22300;325800
138.57294532;-35.02987199;3.0;around campus;;1315511905201;41;50;138;5;79292F5B;-1;1600;11000;22300;325800
138.57295921;-35.02988321;3.0;around campus;;1315511906230;35;50;138;5;79292F5B;-1;1600;11000;22300;325800
138.57297292;-35.02989318;3.0;around campus;;1315511907152;37;50;138;5;79292F5B;-1;1600;11000;22300;325800
138.57298579;-35.02990164;3.0;around campus;;1315511908068;33;50;138;5;79292F5B;-1;1600;11000;22300;325800
138.57299811;-35.02990975;4.0;around campus;;1315511908989;35;50;138;5;79292F5B;-1;1600;11000;22300;325800
138.57301221;-35.02991678;3.0;around campus;;1315511910013;36;50;138;5;79292F5B;-1;1600;11000;22300;325800
138.57302721;-35.02992389;3.0;around campus;;1315511911143;25;50;138;5;79292F5B;-1;1700;11000;22300;325800
138.57304094;-35.02993097;4.0;around campus;;1315511912060;27;50;138;5;79292F5B;-1;1700;11000;22300;325900
138.57306001;-35.02993586;3.0;around campus;;1315511913100;33;50;138;5;79292F5B;-1;1700;11000;22400;325900
138.57307821;-35.0299407;3.0;around campus;;1315511914109;31;50;138;5;79292F5B;-1;1700;11000;22400;325900
138.57309786;-35.029945;3.0;around campus;;1315511915031;36;50;138;5;79292F5B;-1;1700;11000;22400;325900
138.57311689;-35.02994814;3.0;around campus;;1315511916054;34;50;138;5;79292F5B;-1;1700;11000;22400;325900
138.57313262;-35.02994386;3.0;around campus;;1315511917386;33;50;138;5;79292F5B;-1;1700;11000;22400;325900
138.57314826;-35.02994153;4.0;around campus;;1315511918000;39;50;138;5;79292F5B;-1;1700;11000;22400;325900
138.5731619;-35.02993772;3.0;around campus;;1315511919025;34;50;138;5;79292F5B;-1;1700;11000;22500;325900
138.57317835;-35.02993586;3.0;around campus;;1315511920048;36;50;138;5;79292F5B;-1;1800;11000;22500;325900
138.57319608;-35.02993765;3.0;around campus;;1315511921071;37;50;138;5;79292F5B;-1;1800;11000;22500;326000
138.57321527;-35.02994067;3.0;around campus;;1315511922101;44;50;138;5;79292F5B;-1;1900;11000;22500;326100
138.57323462;-35.0299423;4.0;around campus;;1315511923018;51;50;138;5;79292F5B;-1;1900;11000;22500;326100
138.57325517;-35.02994319;4.0;around campus;;1315511924047;51;50;138;5;79292F5B;-1;1900;11000;22500;326100
138.57327166;-35.02994093;3.0;around campus;;1315511925066;52;50;138;5;79292F5B;-1;1900;11000;22500;326200
138.57328815;-35.02993764;3.0;around campus;;1315511926296;59;50;138;5;79292F5B;-1;1900;11000;22500;326200
138.57330602;-35.0299357;4.0;around campus;;1315511927044;59;50;138;5;79292F5B;-1;1900;11000;22500;326200
138.57332137;-35.02993215;3.0;around campus;;1315511928034;56;50;138;5;79292F5B;-1;1900;11000;22500;326200
138.57334059;-35.02993027;3.0;around campus;
138.57336068;-35.02992843;3.0;around campus;
138.57337841;-35.02992626;4.0;around campus;;1315511931005;50;50;138;5;79292F5B;-1;2000;11000;22500;326300
138.57340289;-35.02992418;3.0;around campus;;1315511932135;56;50;138;5;79292F5B;-1;2000;11000;22500;326300
138.5734249;-35.02992056;3.0;around campus;;1315511933053;54;50;138;5;79292F5B;-1;2000;11100;22600;326300
138.57344532;-35.02991429;3.0;around campus;;1315511934076;50;50;138;5;79292F5B;-1;2000;11100;22600;326300
138.57346332;-35.02990646;3.0;around campus;;1315511935105;52;50;138;5;79292F5B;-1;2000;11100;22600;326300
138.57348203;-35.02989954;4.0;around campus;;1315511936022;42;50;138;5;79292F5B;-1;2000;11100;22600;326300
138.57349431;-35.02989161;3.0;around campus;;1315511936945;40;51;138;5;79292F5B;-1;2100;11100;22600;326300
138.57351027;-35.02988672;3.0;around campus;;1315511937974;40;51;138;5;79292F5B;-1;2100;11100;22600;326300
138.57352903;-35.02988403;3.0;around campus;;1315511939094;43;51;138;5;79292F5B;-1;2100;11100;22600;326300
138.57354799;-35.02988189;3.0;around campus;;1315511940119;42;50;138;5;79292F5B;-1;2100;11100;22600;326300
138.57356588;-35.02988079;3.0;around campus;;1315511941039;42;50;138;5;79292F5B;-1;2100;11200;22600;326300
138.5735824;-35.02988007;3.0;around campus;;1315511942169;41;51;138;5;79292F5B;-1;2100;11200;22600;326300
138.57359796;-35.02987844;3.0;around campus;;1315511943088;40;51;138;5;79292F5B;-1;2100;11200;22600;326300
138.57361246;-35.02987713;3.0;around campus;;1315511943912;36;51;138;5;79292F5B;-1;2100;11200;22600;326300
138.5736298;-35.02987582;3.0;around campus;;1315511945039;38;51;138;5;79292F5B;-1;0;11200;22600;326300
138.57364804;-35.02987319;4.0;around campus;
138.57367186;-35.02986717;3.0;around campus;
138.57368983;-35.0298631;3.0;around campus;;1315511948212;36;51;138;5;79292F5B;-1;0;11200;22600;326300
138.57370657;-35.02986067;3.0;around campus;;1315511949032;43;51;138;5;79292F5B;-1;100;11200;22600;326300
138.57372144;-35.02985754;3.0;around campus;;1315511950160;33;51;138;5;79292F5B;-1;100;11200;22600;326300
138.57373684;-35.02985282;3.0;around campus;;1315511950973;40;51;138;5;79292F5B;-1;100;11200;22600;326300
138.57375117;-35.02984695;3.0;around campus;;1315511952435;31;51;138;5;79292F5B;-1;100;11200;22600;326300
138.57376584;-35.02983989;4.0;around campus;;1315511952919;31;50;138;5;79292F5B;-1;100;11200;22600;326300
138.57378293;-35.0298318;3.0;around campus;;1315511954255;32;51;138;5;79292F5B;-1;100;11300;22600;326400
138.57491267;-35.0287812;3.0;second part;;1315512052042;14;52;138;5;79292F5B;-1;2600;12400;1100;326800
138.57491807;-35.02877409;3.0;second part;;1315512052962;11;53;138;5;79292F5B;-1;2600;12400;1100;326800
138.57492475;-35.02876401;3.0;second part;;1315512054191;14;53;138;5;79292F5B;-1;2700;12400;1100;326800
138.5749302;-35.02875672;4.0;second part;;1315512055114;17;53;138;5;79292F5B;-1;2700;12400;1100;326800
138.57493889;-35.02874585;3.0;second part;;1315512056035;13;53;138;5;79292F5B;-1;2700;12400;1100;326800
138.57494875;-35.02873364;4.0;second part;;1315512057060;16;52;138;5;79292F5B;-1;2700;12400;1100;326800
138.57495883;-35.02872117;3.0;second part;;1315512058199;14;52;138;5;79292F5B;-1;2700;12400;1100;326800
138.57496879;-35.0287074;3.0;second part;;1315512059108;12;53;138;5;79292F5B;-1;2700;12400;1100;326900
138.57497784;-35.02869409;3.0;second part;;1315512060028;13;53;138;5;79292F5B;-1;2700;12500;1100;326900
138.5749853;-35.02867997;3.0;second part;;1315512061052;13;53;138;5;79292F5B;-1;2700;12500;1100;326900
138.57499198;-35.02866651;3.0;second part;;1315512061974;12;53;138;5;79292F5B;-1;2700;12500;1100;327000
138.57499817;-35.02865292;3.0;second part;;1315512062998;12;52;138;5;79292F5B;-1;2700;12500;1100;327000
138.57500516;-35.02864105;3.0;second part;
138.57501206;-35.02862903;3.0;second part;
138.5750168;-35.02861944;3.0;second part;;1315512065967;14;52;138;5;79292F5B;-1;2700;12600;1100;327300
138.5750244;-35.02861048;3.0;second part;;1315512066992;12;52;138;5;79292F5B;-1;2700;12700;1100;327300
138.57503266;-35.0286009;3.0;second part;;1315512068015;11;52;138;5;79292F5B;-1;2700;12700;1100;327300
138.57504194;-35.02859041;3.0;second part;;1315512069040;8;52;139;5;79292F5B;-1;0;12700;1100;327300
138.57505327;-35.0285788;3.0;second part;
138.57506488;-35.02856715;3.0;second part;
138.57507487;-35.02855592;3.0;second part;;1315512072010;16;52;139;5;79292F5B;-1;0;12700;1200;327400
138.57508804;-35.0285456;3.0;second part;;1315512073034;14;52;139;5;79292F5B;-1;0;12700;1200;327400
138.57510067;-35.02853761;3.0;second part;;1315512074062;10;52;139;5;79292F5B;-1;0;12700;1200;327400
138.57511351;-35.02853051;3.0;second part;;1315512074979;11;52;139;5;79292F5B;-1;0;12700;1200;327400
138.57512783;-35.02852394;3.0;second part;;1315512076004;9;52;139;5;79292F5B;-1;0;12700;1200;327400
138.57514258;-35.0285171;3.0;second part;;1315512077025;11;52;139;5;79292F5B;-1;0;12700;1200;327400
138.57515809;-35.02850835;3.0;second part;;1315512077948;12;52;139;5;79292F5B;-1;0;12700;1200;327400
138.57517487;-35.02850056;3.0;second part;;1315512078972;9;52;139;5;79292F5B;-1;0;12700;1200;327400
138.57519232;-35.02849682;3.0;second part;;1315512079996;8;52;139;5;79292F5B;-1;0;12700;1200;327400
138.57521281;-35.02849703;3.0;second part;;1315512081038;7;52;139;5;79292F5B;-1;0;12700;1200;327400
138.57523496;-35.02849849;3.0;second part;
138.57525870999999;-35.02850124;3.0;second part;
138.57528031;-35.02850403;3.0;second part;;1315512083989;8;52;139;5;79292F5B;-1;0;12700;1200;327400
138.57530077;-35.02850608;3.0;second part;;1315512085030;10;52;139;5;79292F5B;-1;0;12700;1200;327400
138.57532044;-35.02850779;4.0;second part;;1315512086038;4;52;139;5;79292F5B;-1;0;12700;1200;327400
138.57534187;-35.02850503;3.0;second part;;1315512086959;6;52;139;5;79292F5B;-1;0;12700;1200;327400
138.57536186;-35.0285019;3.0;second part;;1315512087982;7;52;139;5;79292F5B;-1;0;12700;1200;327400
138.57538023;-35.02849943;3.0;second part;;1315512089007;8;52;139;5;79292F5B;-1;0;12700;1200;327400
138.57539757;-35.02849734;3.0;second part;;1315512090032;5;52;139;5;79292F5B;-1;0;12700;1200;327400
138.57541535;-35.0284968;3.0;second part;;1315512091056;7;52;139;5;79292F5B;-1;0;12700;1200;327400
138.57543187;-35.02849823;3.0;second part;;1315512092085;8;52;139;5;79292F5B;-1;0;12700;1200;327400
138.57544865;-35.02850057;4.0;second part;;1315512093001;7;52;139;5;79292F5B;-1;0;12700;1200;327400
138.57546647;-35.02850467;3.0;second part;;1315512094026;7;52;139;5;79292F5B;-1;0;12700;1200;327400
138.5754844;-35.02850743;3.0;second part;;1315512095049;6;52;139;5;79292F5B;-1;0;12700;1200;327400
138.57550135;-35.02851095;3.0;second part;;1315512096087;4;52;139;5;79292F5B;-1;0;12700;1200;327400
138.57551735;-35.02851088;3.0;second part;;1315512097001;7;52;139;5;79292F5B;-1;0;12700;1200;327400
138.575534;-35.02850941;3.0;second part;;1315512098019;8;52;139;4;79292F5B;-1;0;-1;1200;327400
138.5755538;-35.02850849;3.0;second part;;1315512098940;17;52;139;4;79292F5B;-1;0;-1;1200;327400
138.57557492;-35.02850676;3.0;second part;;1315512100072;7;52;139;2;79292F5B;-1;0;-1;-1;-1
138.57559609;-35.02850659;3.0;second part;;1315512101091;8;52;139;2;79292F5B;-1;0;-1;-1;-1
138.57561658;-35.02850759;3.0;second part;;1315512102012;8;52;139;1;79292F5B;-1;-1;-1;-1;-1
138.57563587;-35.02850756;3.0;second part;;1315512103036;4;52;139;1;79292F5B;-1;-1;-1;-1;-1
138.57565579;-35.02850689;4.0;second part;;1315512104060;5;52;139;1;79292F5B;-1;-1;-1;-1;-1
138.57567719;-35.02850472;3.0;second part;;1315512105084;4;52;139;1;79292F5B;-1;-1;-1;-1;-1
138.57569667;-35.02850374;3.0;second part;;1315512106012;2;52;139;1;79292F5B;-1;-1;-1;-1;-1
138.57571372;-35.02850111;3.0;second part;;1315512107036;4;52;139;1;79292F5B;-1;-1;-1;-1;-1
138.57572498;-35.02849654;3.0;second part;;1315512108055;7;52;139;1;79292F5B;-1;-1;-1;-1;-1
138.5757391;-35.02849256;4.0;second part;;1315512108975;4;52;139;1;79292F5B;-1;-1;-1;-1;-1
138.57573932;-35.02847956;4.0;second part;;1315512110006;7;52;139;1;79292F5B;-1;-1;-1;-1;-1
138.57574397;-35.02846566;3.0;second part;;1315512111025;9;52;139;1;79292F5B;-1;-1;-1;-1;-1
138.57574569;-35.02845115;3.0;second part;;1315512112052;8;52;139;1;79292F5B;-1;-1;-1;-1;-1
138.5757461;-35.02843576;4.0;second part;;1315512113072;11;52;139;1;79292F5B;-1;-1;-1;-1;-1
138.57574607;-35.02841992;3.0;second part;;1315512113993;6;52;139;0;79292F5B;-1;-1;-1;-1;-1
138.57574765;-35.02840456;3.0;second part;;1315512115017;4;52;139;0;79292F5B;-1;-1;-1;-1;-1
138.57575203;-35.0283903;4.0;second part;;1315512116041;3;52;139;0;79292F5B;-1;-1;-1;-1;-1
138.57575392;-35.02837664;4.0;second part;;1315512117065;3;52;139;0;79292F5B;-1;-1;-1;-1;-1
138.57575716;-35.02836237;3.0;second part;;1315512117987;3;52;139;0;79292F5B;-1;-1;-1;-1;-1
138.57576024;-35.02834743;3.0;second part;;1315512119011;0;52;139;0;79292F5B;-1;-1;-1;-1;-1
138.57576285;-35.02833278;3.0;second part;;1315512120035;2;52;139;0;79292F5B;-1;-1;-1;-1;-1
138.57576533;-35.02831829;3.0;second part;;1315512121059;2;52;139;0;79292F5B;-1;-1;-1;-1;-1
138.57576731;-35.02830287;3.0;second part;;1315512122082;5;52;139;0;79292F5B;-1;-1;-1;-1;-1
138.57576981;-35.02828712;3.0;second part;;1315512123005;4;52;139;0;79292F5B;-1;-1;-1;-1;-1
138.57577237;-35.02827196;4.0;second part;;1315512124028;3;52;139;0;79292F5B;-1;-1;-1;-1;-1
138.57577415;-35.02825667;3.0;second part;;1315512125052;0;52;139;0;79292F5B;-1;-1;-1;-1;-1
138.57577701;-35.02824135;3.0;second part;;1315512126077;-1;52;139;0;79292F5B;-1;-1;-1;-1;-1
138.57578122;-35.02822517;4.0;second part;;1315512126998;-1;52;139;0;79292F5B;-1;-1;-1;-1;-1
138.57578672;-35.02820922;3.0;second part;;1315512128125;2;52;139;0;79292F5B;-1;-1;-1;-1;-1
138.57579321;-35.02819378;3.0;second part;;1315512129046;2;52;139;0;79292F5B;-1;-1;-1;-1;-1
138.57579952;-35.0281775;3.0;second part;;1315512130070;0;52;139;0;79292F5B;-1;-1;-1;-1;-1
138.57580471;-35.02816119;3.0;second part;;1315512131093;3;52;139;0;79292F5B;-1;-1;-1;-1;-1
138.57580831;-35.02814559;3.0;second part;;1315512132118;1;52;139;0;79292F5B;-1;-1;-1;-1;-1
138.57581017;-35.02813034;4.0;second part;;1315512133046;2;52;139;0;79292F5B;-1;-1;-1;-1;-1
138.57581068;-35.02811539;4.0;second part;;1315512134166;4;52;139;0;79292F5B;-1;-1;-1;-1;-1
138.57580776;-35.02810055;3.0;second part;;1315512135088;0;52;139;0;79292F5B;-1;-1;-1;-1;-1
138.575803;-35.02808848;3.0;second part;;1315512136112;4;52;139;0;79292F5B;-1;-1;-1;-1;-1
138.57579856;-35.0280773;3.0;second part;;1315512137033;4;52;139;0;79292F5B;-1;-1;-1;-1;-1
138.57579644;-35.02806424;3.0;second part;;1315512138057;3;52;139;0;79292F5B;-1;-1;-1;-1;-1
138.57579754;-35.02804949;4.0;second part;;1315512139081;1;52;139;0;79292F5B;-1;-1;-1;-1;-1
138.5757994;-35.02803156;3.0;second part;;1315512140004;-1;52;139;0;79292F5B;-1;-1;-1;-1;-1
138.57580053;-35.02801403;4.0;second part;;1315512141129;6;52;139;0;79292F5B;-1;-1;-1;-1;-1
138.57579817;-35.02799749;3.0;second part;;1315512142051;0;52;139;0;79292F5B;-1;-1;-1;-1;-1
138.57578869;-35.02798234;3.0;second part;;1315512143177;-2;52;139;0;79292F5B;-1;-1;-1;-1;-1
138.57577256;-35.02797079;3.0;second part;;1315512144105;0;52;139;0;79292F5B;-1;-1;-1;-1;-1
138.57575124;-35.02796275;3.0;second part;;1315512145124;0;52;139;0;79292F5B;-1;-1;-1;-1;-1
138.57572875;-35.02795669;3.0;second part;;1315512146156;2;52;139;0;79292F5B;-1;-1;-1;-1;-1
138.57570875;-35.0279518;3.0;second part;;1315512147068;1;52;139;0;79292F5B;-1;-1;-1;-1;-1
138.57569232;-35.02794739;4.0;second part;;1315512148195;1;52;139;0;79292F5B;-1;-1;-1;-1;-1
138.57568122;-35.02793992;3.0;second part;;1315512149014;2;52;139;0;79292F5B;-1;-1;-1;-1;-1
138.57567353;-35.02792881;3.0;second part;;1315512150038;1;52;139;0;79292F5B;-1;-1;-1;-1;-1
138.57567001;-35.0279145;3.0;second part;;1315512151164;4;52;139;0;79292F5B;-1;-1;-1;-1;-1
138.57566875;-35.02789934;3.0;second part;;1315512151984;3;52;139;0;79292F5B;-1;-1;-1;-1;-1
138.57566917;-35.02788421;3.0;second part;;1315512153110;1;52;139;0;79292F5B;-1;-1;-1;-1;-1
138.57566869;-35.02786858;3.0;second part;;1315512154032;3;52;139;0;79292F5B;-1;-1;-1;-1;-1
138.57566791;-35.02785244;3.0;second part;;1315512155157;2;52;139;0;79292F5B;-1;-1;-1;-1;-1
138.57566879;-35.02783566;3.0;second part;;1315512156079;3;52;139;0;79292F5B;-1;-1;-1;-1;-1
138.57566929;-35.02781938;3.0;second part;;1315512157104;7;52;139;0;79292F5B;-1;-1;-1;-1;-1
138.57567079;-35.02780196;3.0;second part;;1315512158127;2;52;139;0;79292F5B;-1;-1;-1;-1;-1
138.57567201;-35.02778323;3.0;second part;;1315512159049;4;52;139;0;79292F5B;-1;-1;-1;-1;-1
138.57567243;-35.02776441;4.0;second part;;1315512160073;4;52;139;0;79292F5B;-1;-1;-1;-1;-1
138.57567403;-35.02774518;3.0;second part;;1315512160994;3;52;139;0;79292F5B;-1;-1;-1;-1;-1
138.57567578;-35.02772541;3.0;second part;;1315512162019;6;52;139;0;79292F5B;-1;-1;-1;-1;-1
138.57567694;-35.02770662;3.0;second part;;1315512163146;4;52;139;0;79292F5B;-1;-1;-1;-1;-1
138.57567821;-35.02768955;5.0;second part;;1315512163967;5;52;139;0;79292F5B;-1;-1;-1;-1;-1
138.57567543;-35.02767309;3.0;second part;;1315512165091;4;52;139;0;79292F5B;-1;-1;-1;-1;-1
138.57567151;-35.02765641;3.0;second part;;1315512166115;1;52;139;0;79292F5B;-1;-1;-1;-1;-1
138.57566628;-35.02763969;4.0;second part;;1315512167042;2;52;139;0;79292F5B;-1;-1;-1;-1;-1
138.57566271;-35.02762339;3.0;second part;;1315512168062;6;52;139;0;79292F5B;-1;-1;-1;-1;-1
138.57566573;-35.02761016;3.0;second part;;1315512168982;5;52;139;0;79292F5B;-1;-1;-1;-1;-1
138.57567603;-35.0275988;3.0;second part;;1315512170109;2;52;139;0;79292F5B;-1;-1;-1;-1;-1
138.57569319;-35.02759025;3.0;second part;;1315512171140;0;52;139;0;79292F5B;-1;-1;-1;-1;-1
138.57571367;-35.02758425;4.0;second part;;1315512172054;-4;52;139;0;79292F5B;-1;-1;-1;-1;-1
138.57573334;-35.02757898;3.0;second part;;1315512173181;-5;52;139;0;79292F5B;-1;-1;-1;-1;-1
138.57575061;-35.0275731;3.0;second part;;1315512174102;-1;52;139;0;79292F5B;-1;-1;-1;-1;-1
138.5757654;-35.02756413;3.0;second part;;1315512175230;4;52;139;0;79292F5B;-1;-1;-1;-1;-1
138.57577511;-35.02755271;4.0;second part;;1315512176151;2;52;139;0;79292F5B;-1;-1;-1;-1;-1
138.57578221;-35.02753881;3.0;second part;;1315512177173;2;52;139;0;79292F5B;-1;-1;-1;-1;-1
138.5757877;-35.02752352;4.0;second part;;1315512178097;3;52;139;0;79292F5B;-1;-1;-1;-1;-1
138.57579277;-35.02750702;3.0;second part;;1315512179122;0;52;139;0;79292F5B;-1;-1;-1;-1;-1
138.57579704;-35.02748998;4.0;second part;;1315512180149;-2;52;139;0;79292F5B;-1;-1;-1;-1;-1
138.57579916;-35.02747366;3.0;second part;;1315512181065;-2;52;139;0;79292F5B;-1;-1;-1;-1;-1
138.57579985;-35.02745736;4.0;second part;;1315512182192;-4;52;139;0;79292F5B;-1;-1;-1;-1;-1
138.57579799;-35.02744269;3.0;second part;;1315512183011;-3;52;139;0;79292F5B;-1;-1;-1;-1;-1
138.57579358;-35.02743041;3.0;second part;;1315512184137;-2;52;139;0;79292F5B;-1;-1;-1;-1;-1
138.57578835;-35.02741892;3.0;second part;;1315512185165;3;52;139;0;79292F5B;-1;-1;-1;-1;-1
138.57578266;-35.02740692;4.0;second part;;1315512186082;3;52;139;0;79292F5B;-1;-1;-1;-1;-1
138.57577907;-35.02739249;3.0;second part;;1315512187107;4;52;139;0;79292F5B;-1;-1;-1;-1;-1
138.57577729;-35.02737674;4.0;second part;;1315512188136;7;52;139;0;79292F5B;-1;-1;-1;-1;-1
138.57577822;-35.0273605;3.0;second part;;1315512189155;4;52;139;0;79292F5B;-1;-1;-1;-1;-1
138.57578211;-35.02734321;3.0;second part;;1315512190076;3;52;139;0;79292F5B;-1;-1;-1;-1;-1
138.57578672;-35.02732628;3.0;second part;;1315512191204;5;52;139;0;79292F5B;-1;-1;-1;-1;-1
138.57579749;-35.02730679;3.0;second part;;1315512192022;0;52;139;0;79292F5B;-1;-1;-1;-1;-1
138.57580727;-35.02728943;3.0;second part;;1315512193148;3;52;139;0;79292F5B;-1;-1;-1;-1;-1
138.57581395;-35.02727337;3.0;second part;;1315512194172;0;52;139;0;79292F5B;-1;-1;-1;-1;-1
138.57581923;-35.02725748;3.0;second part;;1315512195214;4;52;139;0;79292F5B;-1;-1;-1;-1;-1
138.57582104;-35.02724537;3.0;second part;;1315512196221;6;52;139;0;79292F5B;-1;-1;-1;-1;-1
138.57582383;-35.02723289;3.0;second part;;1315512197038;6;52;139;0;79292F5B;-1;-1;-1;-1;-1
138.57582691;-35.02721987;4.0;second part;;1315512198166;6;52;139;0;79292F5B;-1;-1;-1;-1;-1
138.57583012999999;-35.02720802;3.0;second part;;1315512199087;5;52;139;0;79292F5B;-1;-1;-1;-1;-1
138.57583315;-35.0271963;3.0;second part;;1315512200111;7;52;139;0;79292F5B;-1;-1;-1;-1;-1
138.5758363;-35.02718418;3.0;second part;;1315512201136;9;52;139;0;79292F5B;-1;-1;-1;-1;-1
138.57583994;-35.02717016;3.0;second part;;1315512202160;6;52;139;0;79292F5B;-1;-1;-1;-1;-1
138.57584266;-35.02715302;3.0;second part;;1315512203185;7;52;139;0;79292F5B;-1;-1;-1;-1;-1
138.57584334;-35.02713599;4.0;second part;;1315512204106;8;52;139;0;79292F5B;-1;-1;-1;-1;-1
138.57583811;-35.02712083;3.0;second part;;1315512205130;11;52;139;0;79292F5B;-1;-1;-1;-1;-1
138.57583293;-35.02710779;3.0;second part;;1315512206155;5;52;139;0;79292F5B;-1;-1;-1;-1;-1
138.57582979;-35.02709328;3.0;second part;;1315512207178;2;52;139;0;79292F5B;-1;-1;-1;-1;-1
138.57582802;-35.02707949;3.0;second part;;1315512208099;0;52;139;0;79292F5B;-1;-1;-1;-1;-1
138.57582905;-35.02706473;3.0;second part;;1315512209123;-2;52;139;0;79292F5B;-1;-1;-1;-1;-1
138.575826;-35.027049;4.0;second part;;1315512210147;-4;52;139;0;79292F5B;-1;-1;-1;-1;-1
138.57581989;-35.02703665;4.0;second part;;1315512211173;0;52;139;0;79292F5B;-1;-1;-1;-1;-1
138.57581097;-35.027029;3.0;second part;;1315512212195;1;52;139;0;79292F5B;-1;-1;-1;-1;-1
138.57579988;-35.02702536;4.0;second part;;1315512213116;1;52;139;0;79292F5B;-1;-1;-1;-1;-1
138.57578571;-35.02702365;4.0;second part;;1315512214346;-1;52;139;0;79292F5B;-1;-1;-1;-1;-1
138.5757671;-35.02701961;3.0;second part;;1315512215172;0;52;139;0;79292F5B;-1;-1;-1;-1;-1
138.5757456;-35.02701466;3.0;second part;;1315512216191;1;52;139;0;79292F5B;-1;-1;-1;-1;-1
138.57572311;-35.02700943;4.0;second part;;1315512217110;1;52;139;0;79292F5B;-1;-1;-1;-1;-1
138.57570398;-35.02700336;3.0;second part;;1315512218032;3;52;139;0;79292F5B;-1;-1;-1;-1;-1
138.57568726;-35.0269986;3.0;second part;;1315512219159;0;52;139;0;79292F5B;-1;-1;-1;-1;-1
138.57567228;-35.02699569;3.0;second part;;1315512219977;0;52;139;0;79292F5B;-1;-1;-1;-1;-1
138.57565645;-35.02699476;3.0;second part;;1315512221104;4;51;139;0;79292F5B;-1;-1;-1;-1;-1
138.57563604;-35.02699374;3.0;second part;;1315512222128;0;52;139;0;79292F5B;-1;-1;-1;-1;-1
138.57561175;-35.0269916;3.0;second part;;1315512223259;2;51;139;0;79292F5B;-1;-1;-1;-1;-1
138.57558588;-35.02698658;4.0;second part;;1315512224176;0;51;139;0;79292F5B;-1;-1;-1;-1;-1
138.57556677;-35.02697943;3.0;second part;;1315512225200;5;52;139;0;79292F5B;-1;-1;-1;-1;-1
138.57554896;-35.02697175;3.0;second part;;1315512226225;-1;51;139;0;79292F5B;-1;-1;-1;-1;-1
138.57553201;-35.02696199;3.0;second part;;1315512227144;-1;51;139;0;79292F5B;-1;-1;-1;-1;-1
138.57551562;-35.02695142;3.0;second part;;1315512228068;-2;52;139;0;79292F5B;-1;-1;-1;-1;-1
138.57549359;-35.02694243;3.0;second part;;1315512229197;-2;51;139;0;79292F5B;-1;-1;-1;-1;-1
138.57547091;-35.02693448;3.0;second part;;1315512230217;-5;51;139;0;79292F5B;-1;-1;-1;-1;-1
138.57544715;-35.02692836;4.0;second part;;1315512231139;0;50;139;0;79292F5B;-1;-1;-1;-1;-1
138.57542576;-35.02692446;4.0;second part;;1315512232265;3;50;139;0;79292F5B;-1;-1;-1;-1;-1
138.57540901;-35.02692173;4.0;second part;;1315512233185;1;51;139;0;79292F5B;-1;-1;-1;-1;-1
138.57539425;-35.0269208;4.0;second part;;1315512234108;3;51;139;0;79292F5B;-1;-1;-1;-1;-1
138.57538209;-35.02692158;4.0;second part;;1315512235132;4;51;139;0;79292F5B;-1;-1;-1;-1;-1
138.57537222;-35.02692374;4.0;second part;;1315512236158;3;51;139;0;79292F5B;-1;-1;-1;-1;-1
138.57536267;-35.02692703;4.0;second part;;1315512237179;6;51;139;0;79292F5B;-1;-1;-1;-1;-1
138.57535423;-35.02693143;4.0;second part;;1315512238061;8;51;139;0;79292F5B;-1;-1;-1;-1;-1
138.57534598;-35.02693628;4.0;second part;;1315512239132;2;51;139;0;79292F5B;-1;-1;-1;-1;-1
138.57533761;-35.0269395;4.0;second part;;1315512240056;0;50;139;0;79292F5B;-1;-1;-1;-1;-1
138.57533041;-35.026939;4.0;second part;;1315512241174;-2;50;139;0;79292F5B;-1;-1;-1;-1;-1
138.57532;-35.02693584;4.0;second part;;1315512242199;3;51;139;0;79292F5B;-1;-1;-1;-1;-1
138.57530625;-35.02693421;4.0;second part;;1315512243121;2;50;139;0;79292F5B;-1;-1;-1;-1;-1
138.57528931;-35.02693311;4.0;second part;;1315512244041;0;50;139;0;79292F5B;-1;-1;-1;-1;-1
138.5752735;-35.02693488;4.0;second part;;1315512245168;2;50;139;0;79292F5B;-1;-1;-1;-1;-1
138.57525295;-35.02693805;4.0;second part;;1315512246192;3;50;139;0;79292F5B;-1;-1;-1;-1;-1
138.57522894;-35.02694026;4.0;second part;;1315512247116;2;50;139;0;79292F5B;-1;-1;-1;-1;-1
138.57520426;-35.02694228;4.0;second part;;1315512248241;3;50;139;0;79292F5B;-1;-1;-1;-1;-1
138.57517484;-35.02694534;4.0;second part;;1315512249161;13;50;139;0;79292F5B;-1;-1;-1;-1;-1
138.57514333;-35.0269489;4.0;second part;;1315512250185;7;50;139;0;79292F5B;-1;-1;-1;-1;-1
138.57510957;-35.02695216;4.0;second part;;1315512251210;16;50;139;0;79292F5B;-1;-1;-1;-1;-1
138.57507613;-35.02695472;3.0;second part;;1315512252131;7;50;139;0;79292F5B;-1;-1;-1;-1;-1
138.57504811;-35.02695792;3.0;second part;;1315512253261;15;50;139;0;79292F5B;-1;-1;-1;-1;-1
138.57502201;-35.02696086;3.0;second part;;1315512254179;6;50;139;0;79292F5B;-1;-1;-1;-1;-1
138.57499789;-35.02696403;4.0;second part;;1315512255309;4;50;139;0;79292F5B;-1;-1;-1;-1;-1
138.57497554;-35.02696733;3.0;second part;;1315512256227;0;50;139;0;79292F5B;-1;-1;-1;-1;-1
138.57495319;-35.02697103;4.0;second part;;1315512257251;3;50;139;0;79292F5B;-1;-1;-1;-1;-1
138.57493202;-35.02697561;4.0;second part;;1315512258275;-1;50;139;0;79292F5B;-1;-1;-1;-1;-1
138.57491226;-35.02698128;4.0;second part;;1315512259196;-1;50;139;0;79292F5B;-1;-1;-1;-1;-1
138.57489139;-35.02698286;3.0;second part;;1315512260220;2;50;139;0;79292F5B;-1;-1;-1;-1;-1
138.57487083;-35.02698184;3.0;second part;;1315512261143;3;50;139;0;79292F5B;-1;-1;-1;-1;-1
138.5748462;-35.02698022;3.0;second part;;1315512262166;1;50;139;0;79292F5B;-1;-1;-1;-1;-1
138.57481665;-35.02697622;3.0;second part;;1315512263190;0;50;139;0;79292F5B;-1;-1;-1;-1;-1
138.57479489;-35.02697443;5.0;second part;;1315512264115;-1;50;139;0;79292F5B;-1;-1;-1;-1;-1
138.5747614;-35.02697295;3.0;second part;;1315512265239;1;50;139;0;79292F5B;-1;-1;-1;-1;-1
138.57473531;-35.02697177;3.0;second part;;1315512266165;2;50;139;0;79292F5B;-1;-1;-1;-1;-1
138.57470954;-35.02697097;3.0;second part;;1315512267185;0;50;139;0;79292F5B;-1;-1;-1;-1;-1
138.57468832;-35.02697154;3.0;second part;;1315512268214;0;50;139;0;79292F5B;-1;-1;-1;-1;-1
138.57466766;-35.02697119;3.0;second part;;1315512269232;2;50;139;0;79292F5B;-1;-1;-1;-1;-1
138.57465084;-35.0269675;3.0;second part;;1315512270153;1;50;139;0;79292F5B;-1;-1;-1;-1;-1
138.57463667;-35.02696387;3.0;second part;;1315512271179;1;50;139;0;79292F5B;-1;-1;-1;-1;-1
138.5746188;-35.02695871;3.0;second part;;1315512272201;-3;50;139;0;79292F5B;-1;-1;-1;-1;-1
138.57460137;-35.0269556;5.0;second part;;1315512273227;-1;50;139;0;79292F5B;-1;-1;-1;-1;-1
138.57458267;-35.02695111;5.0;second part;;1315512274150;-3;50;139;0;79292F5B;-1;-1;-1;-1;-1
138.57456114;-35.02695137;4.0;second part;;1315512275174;-3;50;139;0;79292F5B;-1;-1;-1;-1;-1
138.57454585;-35.02695477;3.0;second part;;1315512276230;-4;50;139;0;79292F5B;-1;-1;-1;-1;-1
138.5745311;-35.02695462;4.0;second part;;1315512277220;-5;50;139;0;79292F5B;-1;-1;-1;-1;-1
138.57451879;-35.02694993;4.0;second part;;1315512278245;2;50;139;0;79292F5B;-1;-1;-1;-1;-1
138.57451044;-35.0269329;4.0;second part;;1315512279164;-5;50;139;0;79292F5B;-1;-1;-1;-1;-1
138.57449941;-35.02692608;3.0;second part;;1315512280297;-4;50;139;0;79292F5B;-1;-1;-1;-1;-1
138.57448524;-35.02692956;3.0;second part;;1315512281316;-5;50;139;0;79292F5B;-1;-1;-1;-1;-1
138.57447181;-35.02694005;3.0;second part;;1315512282237;-4;50;139;0;79292F5B;-1;-1;-1;-1;-1
138.57446336;-35.02695756;3.0;second part;;1315512283260;-5;50;139;0;79292F5B;-1;-1;-1;-1;-1
138.574461;-35.026977;3.0;second part;;1315512284182;-7;50;139;0;79292F5B;-1;-1;-1;-1;-1
138.57446437;-35.02699531;3.0;second part;;1315512285309;-5;50;139;0;79292F5B;-1;-1;-1;-1;-1
138.57446819;-35.02701449;3.0;second part;;1315512286231;0;50;139;0;79292F5B;-1;-1;-1;-1;-1
138.57447104;-35.02703311;3.0;second part;;1315512287361;-4;50;139;0;79292F5B;-1;-1;-1;-1;-1
138.57447335;-35.02705051;3.0;second part;;1315512288282;-5;50;139;0;79292F5B;-1;-1;-1;-1;-1
138.57447629;-35.02706743;3.0;second part;;1315512289101;-7;50;139;0;79292F5B;-1;-1;-1;-1;-1
138.57447952;-35.02708518;3.0;second part;;1315512290224;-8;50;139;0;79292F5B;-1;-1;-1;-1;-1
138.57448349;-35.02710533;3.0;second part;;1315512291246;-3;50;139;0;79292F5B;-1;-1;-1;-1;-1
138.57448846;-35.02712496;3.0;second part;;1315512292273;-5;50;139;0;79292F5B;-1;-1;-1;-1;-1
138.57449462;-35.02714567;3.0;second part;;1315512293193;-3;50;139;0;79292F5B;-1;-1;-1;-1;-1
138.57450095;-35.02716406;3.0;second part;;1315512294217;-4;50;139;0;79292F5B;-1;-1;-1;-1;-1
138.57450928;-35.02718174;3.0;second part;;1315512295242;-2;50;139;0;79292F5B;-1;-1;-1;-1;-1
138.57451709;-35.02719681;3.0;second part;;1315512296477;-4;50;139;0;79292F5B;-1;-1;-1;-1;-1
138.57452524;-35.02721218;3.0;second part;;1315512297290;-3;50;139;0;79292F5B;-1;-1;-1;-1;-1
138.57453337;-35.02722679;3.0;second part;;1315512298315;-4;50;139;0;79292F5B;-1;-1;-1;-1;-1
138.57453927;-35.02724276;3.0;second part;;1315512299236;-5;50;139;0;79292F5B;-1;-1;-1;-1;-1
138.57454233;-35.02725782;3.0;second part;;1315512300259;-4;50;139;0;79292F5B;-1;-1;-1;-1;-1
138.57454254;-35.02727184;3.0;second part;;1315512301284;-1;50;139;0;79292F5B;-1;-1;-1;-1;-1
138.57453996;-35.02728482;3.0;second part;;1315512302211;-1;50;139;0;79292F5B;-1;-1;-1;-1;-1
138.57453369;-35.02729615;3.0;second part;;1315512303235;-4;50;139;0;79292F5B;-1;-1;-1;-1;-1
138.57452293;-35.02730534;3.0;second part;;1315512304259;-4;50;139;0;79292F5B;-1;-1;-1;-1;-1
138.57450835;-35.02731388;3.0;second part;;1315512305278;-3;50;139;0;79292F5B;-1;-1;-1;-1;-1
138.57448979;-35.02732037;3.0;second part;;1315512306307;-2;50;139;0;79292F5B;-1;-1;-1;-1;-1
138.57446876;-35.02732541;3.0;second part;;1315512307222;-1;49;139;0;79292F5B;-1;-1;-1;-1;-1
138.57445093;-35.02732923;3.0;second part;;1315512308246;0;50;139;0;79292F5B;-1;-1;-1;-1;-1
138.57443301;-35.02733108;3.0;second part;;1315512309270;3;49;139;0;79292F5B;-1;-1;-1;-1;-1
138.57441751;-35.02733125;3.0;second part;;1315512310296;-1;49;139;0;79292F5B;-1;-1;-1;-1;-1
138.57440396;-35.0273298;4.0;second part;;1315512311318;1;49;139;0;79292F5B;-1;-1;-1;-1;-1
138.57439213;-35.02732774;4.0;second part;;1315512312342;3;49;139;0;79292F5B;-1;-1;-1;-1;-1
138.57438153;-35.0273264;4.0;second part;;1315512313265;6;49;139;0;79292F5B;-1;-1;-1;-1;-1
138.57436961;-35.02732623;4.0;second part;;1315512314290;9;49;139;0;79292F5B;-1;-1;-1;-1;-1
138.57435683;-35.02732558;4.0;second part;;1315512315317;9;49;139;0;79292F5B;-1;-1;-1;-1;-1
138.57434628;-35.027325;4.0;second part;;1315512316233;8;49;139;0;79292F5B;-1;-1;-1;-1;-1
138.57432847;-35.0273273;3.0;second part;;1315512317368;11;49;139;0;79292F5B;-1;-1;-1;-1;-1
138.57431001;-35.02733106;3.0;second part;;1315512318282;10;49;139;0;79292F5B;-1;-1;-1;-1;-1
138.57429349;-35.02733939;3.0;second part;;1315512319312;10;50;139;0;79292F5B;-1;-1;-1;-1;-1
138.57427888;-35.02735332;3.0;second part;;1315512320336;9;49;139;0;79292F5B;-1;-1;-1;-1;-1
138.57427182;-35.02736982;3.0;second part;;1315512321560;7;49;139;0;79292F5B;-1;-1;-1;-1;-1
138.57427051;-35.02738717;4.0;second part;;1315512322275;5;49;139;0;79292F5B;-1;-1;-1;-1;-1
138.57426239;-35.0274008;3.0;second part;;1315512323298;6;49;139;0;79292F5B;-1;-1;-1;-1;-1
138.57424451;-35.02740332;3.0;second part;;1315512324323;7;49;139;0;79292F5B;-1;-1;-1;-1;-1
138.57421869;-35.02739921;3.0;second part;;1315512325245;6;49;139;0;79292F5B;-1;-1;-1;-1;-1
138.57418659;-35.02738925;3.0;second part;;1315512326372;7;49;139;0;79292F5B;-1;-1;-1;-1;-1
138.5741545;-35.02737793;3.0;second part;;1315512327293;6;49;139;0;79292F5B;-1;-1;-1;-1;-1
138.57412902;-35.02737022;4.0;second part;;1315512328315;10;49;139;0;79292F5B;-1;-1;-1;-1;-1
138.57410493;-35.02736288;4.0;second part;;1315512329341;11;49;139;0;79292F5B;-1;-1;-1;-1;-1
138.57408504;-35.02735678;4.0;second part;;1315512330366;14;49;139;0;79292F5B;-1;-1;-1;-1;-1
138.57406447;-35.02735692;3.0;second part;;1315512331389;13;49;139;0;79292F5B;-1;-1;-1;-1;-1
138.57404512;-35.02736111;3.0;second part;;1315512332309;11;49;139;0;79292F5B;-1;-1;-1;-1;-1
138.57402354;-35.02736829;3.0;second part;;1315512333437;14;49;139;0;79292F5B;-1;-1;-1;-1;-1
138.57400128;-35.02737987;3.0;second part;;1315512334256;17;49;139;0;79292F5B;-1;-1;-1;-1;-1
138.57398021;-35.02739104;3.0;second part;;1315512335381;22;49;139;0;79292F5B;-1;-1;-1;-1;-1
138.57396261;-35.02740268;4.0;second part;;1315512336304;16;49;139;0;79292F5B;-1;-1;-1;-1;-1
138.57394787;-35.02741657;3.0;second part;;1315512337328;16;48;139;0;79292F5B;-1;-1;-1;-1;-1
138.57393704;-35.0274308;4.0;second part;;1315512338352;14;48;139;0;79292F5B;-1;-1;-1;-1;-1
138.57392817;-35.02744791;3.0;second part;;1315512339279;15;49;139;0;79292F5B;-1;-1;-1;-1;-1
138.57392152;-35.0274672;4.0;second part;;1315512340400;16;49;139;0;79292F5B;-1;-1;-1;-1;-1
138.57391621;-35.02748813;3.0;second part;;1315512341015;11;49;139;2;79292F5B;0;-1;12700;-1;-1
138.57391148;-35.02750954;4.0;second part;;1315512342352;11;48;139;1;79292F5B;-1;-1;12800;-1;-1
138.57390394;-35.02752879;3.0;second part;;1315512343476;21;49;140;1;79292F5B;-1;-1;12800;-1;-1
138.57389397;-35.02754377;4.0;second part;;1315512344399;23;49;140;1;79292F5B;-1;-1;12800;-1;-1
138.57388269;-35.02755435;4.0;second part;;1315512345314;22;49;140;1;79292F5B;-1;-1;12900;-1;-1
138.57386625;-35.02755655;3.0;second part;;1315512346339;18;49;140;0;79292F5B;-1;-1;-1;-1;-1
138.57384719;-35.02755241;3.0;second part;;1315512347362;21;49;140;0;79292F5B;-1;-1;-1;-1;-1
138.57383053;-35.02754078;3.0;second part;;1315512348285;23;49;140;0;79292F5B;-1;-1;-1;-1;-1
138.57381361;-35.02752401;3.0;second part;;1315512349412;20;49;140;0;79292F5B;-1;-1;-1;-1;-1
138.57379765;-35.02750568;3.0;second part;;1315512350332;19;49;140;0;79292F5B;-1;-1;-1;-1;-1
138.57378381;-35.0274872;3.0;second part;;1315512351459;19;49;140;0;79292F5B;-1;-1;-1;-1;-1
138.57376985;-35.0274698;4.0;second part;;1315512351977;20;49;140;0;79292F5B;-1;-1;-1;-1;-1
138.57375583;-35.02745454;3.0;second part;;1315512353406;13;48;140;0;79292F5B;-1;-1;-1;-1;-1
138.57374388;-35.02744128;3.0;second part;;1315512354427;14;48;140;0;79292F5B;-1;-1;-1;-1;-1
138.57372881;-35.02742852;3.0;second part;;1315512355349;14;49;140;0;79292F5B;-1;-1;-1;-1;-1
138.57371436;-35.02741757;3.0;second part;;1315512356374;19;49;140;0;79292F5B;-1;-1;-1;-1;-1
138.57369929;-35.02740576;3.0;second part;;1315512357297;22;49;140;1;79292F5B;-1;-1;0;-1;-1
138.57368387;-35.0273933;3.0;second part;;1315512358422;20;49;140;1;79292F5B;-1;-1;0;-1;-1
138.57366981;-35.02738126;3.0;second part;;1315512359344;18;49;140;1;79292F5B;-1;-1;0;-1;-1
138.57365822;-35.02736984;4.0;second part;;1315512360470;19;49;140;1;79292F5B;-1;-1;100;-1;-1
138.5736466;-35.02735809;3.0;second part;;1315512361392;21;49;140;1;79292F5B;-1;-1;100;-1;-1
138.57363529;-35.02734519;3.0;second part;;1315512362416;17;49;140;1;79292F5B;-1;-1;100;-1;-1
138.5736231;-35.02733261;3.0;second part;;1315512363444;17;49;140;1;79292F5B;-1;-1;100;-1;-1
138.5736103;-35.02732272;4.0;second part;;1315512364362;21;49;140;1;79292F5B;-1;-1;200;-1;-1
138.57360013;-35.02731442;3.0;second part;;1315512365595;15;49;140;1;79292F5B;-1;-1;400;-1;-1
138.57358974;-35.02730689;3.0;second part;;1315512366408;15;49;140;1;79292F5B;-1;-1;500;-1;-1
138.57357895;-35.02729942;3.0;second part;;1315512367537;16;49;140;1;79292F5B;-1;-1;500;-1;-1
138.57356854;-35.02729224;3.0;second part;;1315512368048;18;49;140;1;79292F5B;-1;-1;500;-1;-1
138.57355602;-35.02728603;3.0;second part;;1315512369481;17;49;140;1;79292F5B;-1;-1;500;-1;-1
138.57354021;-35.02728335;3.0;second part;;1315512370404;16;49;140;1;79292F5B;-1;-1;600;-1;-1
138.57352293;-35.02728598;3.0;second part;;1315512371427;14;49;140;1;79292F5B;-1;-1;600;-1;-1
138.57350606;-35.02729298;4.0;second part;;1315512372451;17;49;140;1;79292F5B;-1;-1;600;-1;-1
138.57348934;-35.02730203;3.0;second part;;1315512373372;14;49;140;1;79292F5B;-1;-1;600;-1;-1
138.57347553;-35.02731178;3.0;second part;;1315512374396;17;49;140;1;79292F5B;-1;-1;600;-1;-1
138.57345962;-35.02731983;3.0;second part;;1315512375420;21;49;140;1;79292F5B;-1;-1;600;-1;-1
138.57344361;-35.027326;3.0;second part;;1315512376445;15;49;140;1;79292F5B;-1;-1;600;-1;-1
138.57342574;-35.02733117;4.0;second part;;1315512377470;16;49;140;1;79292F5B;-1;-1;600;-1;-1
138.57340687;-35.02733542;4.0;second part;;1315512378493;17;49;140;1;79292F5B;-1;-1;700;-1;-1
138.57339213;-35.02734434;3.0;second part;;1315512379420;12;49;140;1;79292F5B;-1;-1;800;-1;-1
138.57338157;-35.02735639;4.0;second part;;1315512380439;14;49;140;1;79292F5B;-1;-1;1000;-1;-1
138.5733774;-35.02737214;3.0;second part;;1315512381468;17;49;140;1;79292F5B;-1;-1;1000;-1;-1
138.57337689;-35.02738986;3.0;second part;;1315512382384;10;49;140;1;79292F5B;-1;-1;1000;-1;-1
138.57337696;-35.02740863;3.0;second part;;1315512383516;13;49;140;1;79292F5B;-1;-1;1000;-1;-1
138.5733771;-35.02742705;4.0;second part;;1315512384022;11;49;140;1;79292F5B;-1;-1;1000;-1;-1
138.57337548;-35.0274449;4.0;second part;;1315512385569;11;49;140;1;79292F5B;-1;-1;1000;-1;-1
138.5733722;-35.02746311;3.0;second part;;1315512386480;15;49;140;1;79292F5B;-1;-1;1000;-1;-1
138.57336927;-35.02748109;3.0;second part;;1315512387401;13;49;140;1;79292F5B;-1;-1;1000;-1;-1
138.5733645;-35.02749483;3.0;second part;;1315512388426;11;48;140;1;79292F5B;-1;-1;1000;-1;-1
138.57335449;-35.02750438;3.0;second part;;1315512389451;11;49;140;1;79292F5B;-1;-1;1000;-1;-1
138.57334068;-35.02750902;4.0;second part;;1315512390580;14;49;140;1;79292F5B;-1;-1;1000;-1;-1
138.57332187;-35.02751048;3.0;second part;;1315512390986;14;49;140;1;79292F5B;-1;-1;1000;-1;-1
138.573303;-35.02750958;3.0;second part;;1315512392527;12;49;140;1;79292F5B;-1;-1;1000;-1;-1
138.57328486;-35.02750878;4.0;second part;;1315512393552;12;49;140;1;79292F5B;-1;-1;1000;-1;-1
138.57326706;-35.02750812;3.0;second part;;1315512394467;14;49;140;1;79292F5B;-1;-1;1000;-1;-1
138.57324942;-35.02750716;3.0;second part;;1315512395491;15;49;140;1;79292F5B;-1;-1;1000;-1;-1
138.57323317;-35.02750508;3.0;second part;;1315512396412;17;49;140;1;79292F5B;-1;-1;1000;-1;-1
138.57321619;-35.02750203;3.0;second part;;1315512397652;13;49;140;1;79292F5B;-1;-1;1000;-1;-1
138.5731992;-35.02749782;4.0;second part;;1315512398461;11;49;140;1;79292F5B;-1;-1;1000;-1;-1
138.57318277;-35.02749371;3.0;second part;;1315512399484;13;49;140;1;79292F5B;-1;-1;1000;-1;-1
138.57316728;-35.02748978;3.0;second part;;1315512400510;16;49;140;1;79292F5B;-1;-1;1000;-1;-1
138.57315457;-35.02748753;3.0;second part;;1315512401533;19;49;140;1;79292F5B;-1;-1;1000;-1;-1
138.57314468;-35.02748671;4.0;second part;;1315512402453;15;48;140;1;79292F5B;-1;-1;1100;-1;-1
138.5731347;-35.02748614;3.0;second part;;1315512403479;11;49;140;1;79292F5B;-1;-1;1100;-1;-1
138.57312728;-35.02748298;3.0;second part;;1315512404504;14;49;140;1;79292F5B;-1;-1;1100;-1;-1
138.57311827;-35.0274735;3.0;second part;;1315512405430;12;49;140;1;79292F5B;-1;-1;1100;-1;-1
138.57310936;-35.02746005;3.0;second part;;1315512406653;8;49;140;1;79292F5B;-1;-1;1200;-1;-1
138.57310068;-35.02744379;4.0;second part;;1315512407779;10;49;140;1;79292F5B;-1;-1;1200;-1;-1
138.57309379;-35.02742888;3.0;second part;;1315512408598;11;49;140;1;79292F5B;-1;-1;1200;-1;-1
138.57308788;-35.02741483;3.0;second part;;1315512409520;11;48;140;1;79292F5B;-1;-1;1200;-1;-1
138.57308316;-35.02740085;3.0;second part;;1315512410544;10;48;140;1;79292F5B;-1;-1;1200;-1;-1
138.57307856;-35.0273868;3.0;second part;;1315512411568;4;48;140;1;79292F5B;-1;-1;1200;-1;-1
138.57307356;-35.02737239;3.0;second part;;1315512412490;13;49;140;1;79292F5B;-1;-1;1200;-1;-1
138.57306892;-35.02735777;3.0;second part;;1315512413617;13;48;140;1;79292F5B;-1;-1;1200;-1;-1
138.57306291;-35.02734203;3.0;second part;;1315512414441;6;48;140;1;79292F5B;-1;-1;1200;-1;-1
138.57305533;-35.02732588;3.0;second part;;1315512415666;7;48;140;1;79292F5B;-1;-1;1200;-1;-1
138.57304828;-35.02731059;3.0;second part;;1315512415971;9;48;140;1;79292F5B;-1;-1;1200;-1;-1
138.5730403;-35.027294499999996;4.0;second part;;1315512417610;13;49;140;1;79292F5B;-1;-1;1200;-1;-1
138.57303119;-35.02728319;3.0;second part;;1315512418532;7;48;140;1;79292F5B;-1;-1;1200;-1;-1
138.57302331;-35.02727127;3.0;second part;;1315512419455;14;48;140;1;79292F5B;-1;-1;1200;-1;-1
138.5730179;-35.02726195;3.0;second part;;1315512420578;10;48;140;1;79292F5B;-1;-1;1200;-1;-1
138.57301473;-35.02725098;3.0;second part;;1315512421501;7;48;140;1;79292F5B;-1;-1;1200;-1;-1
138.57301509;-35.02723636;4.0;second part;;1315512422422;6;48;140;1;79292F5B;-1;-1;1200;-1;-1
138.57302005;-35.02721968;3.0;second part;;1315512423447;7;48;140;1;79292F5B;-1;-1;1200;-1;-1
138.5730267;-35.02720244;3.0;second part;;1315512424572;8;48;140;1;79292F5B;-1;-1;1200;-1;-1
138.57303474;-35.02718557;3.0;second part;;1315512425091;8;48;140;1;79292F5B;-1;-1;1200;-1;-1
138.57304584;-35.02716864;3.0;second part;;1315512426520;8;48;140;1;79292F5B;-1;-1;1200;-1;-1
138.57305688;-35.02715189;3.0;second part;;1315512427542;7;48;140;1;79292F5B;-1;-1;1200;-1;-1
138.5730683;-35.02713568;4.0;second part;;1315512428570;5;49;140;1;79292F5B;-1;-1;1200;-1;-1
138.57308086;-35.02711962;3.0;second part;;1315512429597;5;48;140;1;79292F5B;-1;-1;1200;-1;-1
138.57309242;-35.02710367;3.0;second part;;1315512430512;8;48;140;1;79292F5B;-1;-1;1200;-1;-1
138.573104;-35.02708726;3.0;second part;;1315512431639;9;48;140;1;79292F5B;-1;-1;1200;-1;-1
138.57311538;-35.02707165;3.0;second part;;1315512432155;5;48;140;1;79292F5B;-1;-1;1200;-1;-1
138.57312694;-35.02705544;3.0;second part;;1315512433587;8;48;140;1;79292F5B;-1;-1;1200;-1;-1
138.57313867;-35.02703967;3.0;second part;;1315512434505;11;48;140;1;79292F5B;-1;-1;1200;-1;-1
138.57315016;-35.02702196;3.0;second part;;1315512435528;10;49;140;1;79292F5B;-1;-1;1200;-1;-1
138.57316037;-35.02700453;3.0;second part;;1315512436554;6;48;140;0;79292F5B;-1;-1;-1;-1;-1
138.57316974;-35.02698688;3.0;second part;;1315512437475;7;49;140;0;79292F5B;-1;-1;-1;-1;-1
138.57317886;-35.02696893;4.0;second part;;1315512438704;6;49;140;0;79292F5B;-1;-1;-1;-1;-1
138.57318766;-35.02695196;3.0;second part;;1315512439011;6;49;140;0;79292F5B;-1;-1;-1;-1;-1
138.57319504;-35.02693714;3.0;second part;;1315512440651;7;49;140;0;79292F5B;-1;-1;-1;-1;-1
138.57320002;-35.02692323;3.0;second part;;1315512441573;8;49;140;0;79292F5B;-1;-1;-1;-1;-1
138.57320065;-35.02691041;3.0;second part;;1315512442599;13;48;140;0;79292F5B;-1;-1;-1;-1;-1
138.57319436;-35.0268986;3.0;second part;;1315512443525;10;49;140;0;79292F5B;-1;-1;-1;-1;-1
138.57318223;-35.02688857;4.0;second part;;1315512444541;13;49;140;0;79292F5B;-1;-1;-1;-1;-1
138.57316588;-35.02687839;3.0;second part;;1315512445667;15;49;140;0;79292F5B;-1;-1;-1;-1;-1
138.57314712;-35.02686817;3.0;second part;;1315512446486;14;49;140;0;79292F5B;-1;-1;-1;-1;-1
138.57312921;-35.0268581;3.0;second part;;1315512447617;7;49;140;0;79292F5B;-1;-1;-1;-1;-1
138.5731127;-35.02684825;3.0;second part;;1315512448637;10;49;140;0;79292F5B;-1;-1;-1;-1;-1
138.57309684;-35.02683818;3.0;second part;;1315512449662;7;49;140;0;79292F5B;-1;-1;-1;-1;-1
138.57308255;-35.02682779;3.0;second part;;1315512450582;9;49;140;0;79292F5B;-1;-1;-1;-1;-1
138.57306738;-35.02681704;3.0;second part;;1315512451504;11;49;140;0;79292F5B;-1;-1;-1;-1;-1
138.57305428;-35.0268043;3.0;second part;;1315512452630;10;49;140;0;79292F5B;-1;-1;-1;-1;-1
138.57304063;-35.0267913;3.0;second part;;1315512453352;9;49;140;0;79292F5B;-1;-1;-1;-1;-1
138.57302669;-35.02677746;3.0;second part;;1315512454069;11;49;140;0;79292F5B;-1;-1;-1;-1;-1
138.57301028;-35.02676477;3.0;second part;;1315512455294;8;49;140;0;79292F5B;-1;-1;-1;-1;-1
138.57299212;-35.02675595;4.0;second part;;1315512456521;7;48;140;0;79292F5B;-1;-1;-1;-1;-1
138.57297347;-35.0267474;3.0;second part;;1315512457444;10;49;140;0;79292F5B;-1;-1;-1;-1;-1
138.57295468;-35.02674028;4.0;second part;;1315512458467;7;49;140;0;79292F5B;-1;-1;-1;-1;-1
138.5729364;-35.02673116;3.0;second part;;1315512459489;10;49;140;0;79292F5B;-1;-1;-1;-1;-1
138.57291963;-35.02672293;3.0;second part;;1315512460413;6;49;140;0;79292F5B;-1;-1;-1;-1;-1
138.57290323;-35.02671334;4.0;second part;;1315512461543;6;49;140;0;79292F5B;-1;-1;-1;-1;-1
138.57288578;-35.02670234;3.0;second part;;1315512462460;10;49;140;0;79292F5B;-1;-1;-1;-1;-1
138.57286825;-35.02669252;3.0;second part;;1315512463484;7;49;140;0;79292F5B;-1;-1;-1;-1;-1
138.57285212;-35.0266835;3.0;second part;;1315512464412;5;49;140;0;79292F5B;-1;-1;-1;-1;-1
138.57283649;-35.02667477;4.0;second part;;1315512465533;7;49;140;0;79292F5B;-1;-1;-1;-1;-1
138.57282313;-35.02666704;3.0;second part;;1315512466663;5;49;140;0;79292F5B;-1;-1;-1;-1;-1
138.57280924;-35.0266578;3.0;second part;;1315512467587;6;49;140;0;79292F5B;-1;-1;-1;-1;-1
138.57279571;-35.0266485;3.0;second part;;1315512468507;5;49;140;0;79292F5B;-1;-1;-1;-1;-1
138.57278019;-35.02663874;3.0;second part;;1315512469424;5;49;140;0;79292F5B;-1;-1;-1;-1;-1
138.57276268;-35.02662851;4.0;second part;;1315512470550;7;49;140;0;79292F5B;-1;-1;-1;-1;-1
138.57274493;-35.02661851;4.0;second part;;1315512471472;7;49;140;0;79292F5B;-1;-1;-1;-1;-1
138.57272793;-35.02660932;4.0;second part;;1315512472600;7;49;140;0;79292F5B;-1;-1;-1;-1;-1
138.57271079;-35.02659921;4.0;second part;;1315512473522;5;49;140;0;79292F5B;-1;-1;-1;-1;-1
138.57269077;-35.02658857;3.0;second part;;1315512474543;9;49;140;0;79292F5B;-1;-1;-1;-1;-1
138.57266911;-35.02657754;3.0;second part;;1315512475471;10;49;140;0;79292F5B;-1;-1;-1;-1;-1
138.57264878;-35.02656715;3.0;second part;;1315512476498;9;49;140;0;79292F5B;-1;-1;-1;-1;-1
138.57262829;-35.02655764;3.0;second part;;1315512477522;6;49;140;0;79292F5B;-1;-1;-1;-1;-1
138.57260877;-35.02654863;3.0;second part;;1315512478435;10;48;140;0;79292F5B;-1;-1;-1;-1;-1
138.57258848;-35.02653865;3.0;second part;;1315512479567;6;49;140;0;79292F5B;-1;-1;-1;-1;-1
138.57257006;-35.02652921;3.0;second part;;1315512479981;7;49;140;0;79292F5B;-1;-1;-1;-1;-1
138.57255025;-35.0265197;3.0;second part;;1315512481621;8;49;140;0;79292F5B;-1;-1;-1;-1;-1
138.57253106;-35.02650952;3.0;second part;;1315512482634;6;49;140;0;79292F5B;-1;-1;-1;-1;-1
138.57251105;-35.0264995;3.0;second part;;1315512483556;10;49;140;0;79292F5B;-1;-1;-1;-1;-1
138.57249153;-35.0264903;3.0;second part;;1315512484580;9;49;140;0;79292F5B;-1;-1;-1;-1;-1
138.57247149;-35.02648155;4.0;second part;;1315512485501;5;49;140;0;79292F5B;-1;-1;-1;-1;-1
138.57245157;-35.02647576;3.0;second part;;1315512486632;5;49;140;0;79292F5B;-1;-1;-1;-1;-1
138.57243291;-35.02646944;3.0;second part;;1315512486934;5;49;140;0;79292F5B;-1;-1;-1;-1;-1
138.57241896;-35.02646277;3.0;second part;;1315512488572;7;49;140;0;79292F5B;-1;-1;-1;-1;-1
138.57240577;-35.02645393;3.0;second part;;1315512489597;7;49;140;0;79292F5B;-1;-1;-1;-1;-1
138.57239403;-35.02644288;3.0;second part;;1315512490518;9;49;140;0;79292F5B;-1;-1;-1;-1;-1
138.57238329;-35.02642988;3.0;second part;;1315512491542;8;49;140;0;79292F5B;-1;-1;-1;-1;-1
138.57237438;-35.02641673;3.0;second part;;1315512492675;4;49;140;0;79292F5B;-1;-1;-1;-1;-1
138.57236879;-35.02640063;3.0;second part;;1315512493590;6;49;140;0;79292F5B;-1;-1;-1;-1;-1
138.5723659;-35.02638176;4.0;second part;;1315512494512;7;49;140;0;79292F5B;-1;-1;-1;-1;-1
138.57236458;-35.02636183;4.0;second part;;1315512495638;5;49;140;0;79292F5B;-1;-1;-1;-1;-1
138.57236459;-35.02634182;3.0;second part;;1315512496560;3;48;140;0;79292F5B;-1;-1;-1;-1;-1
138.57236425;-35.02632249;4.0;second part;;1315512497584;2;49;140;0;79292F5B;-1;-1;-1;-1;-1
138.57236297;-35.02630347;3.0;second part;;1315512498607;0;49;140;0;79292F5B;-1;-1;-1;-1;-1
138.57236227;-35.02628226;3.0;second part;;1315512499529;0;48;140;0;79292F5B;-1;-1;-1;-1;-1
138.57236001;-35.02626205;3.0;second part;;1315512500554;-2;49;140;0;79292F5B;-1;-1;-1;-1;-1
138.57235752;-35.02624238;3.0;second part;;1315512501685;-3;49;140;0;79292F5B;-1;-1;-1;-1;-1
138.57235581;-35.02622425;3.0;second part;;1315512502601;-2;48;140;0;79292F5B;-1;-1;-1;-1;-1
138.57235394;-35.02620701;3.0;second part;;1315512503524;-1;49;140;0;79292F5B;-1;-1;-1;-1;-1
138.57235226;-35.02619266;3.0;second part;;1315512504648;-2;49;140;0;79292F5B;-1;-1;-1;-1;-1
138.57234518;-35.02617704;3.0;second part;;1315512505577;-1;49;140;0;79292F5B;-1;-1;-1;-1;-1
138.57233442;-35.02615965;3.0;second part;;1315512506618;1;48;140;0;79292F5B;-1;-1;-1;-1;-1
138.57232181;-35.02614333;3.0;second part;;1315512507619;3;49;140;0;79292F5B;-1;-1;-1;-1;-1
138.57231126;-35.02612984;3.0;second part;;1315512508541;2;48;140;0;79292F5B;-1;-1;-1;-1;-1
138.57230386;-35.02611853;4.0;second part;;1315512509668;4;49;140;0;79292F5B;-1;-1;-1;-1;-1
138.57229427;-35.026108;3.0;second part;;1315512510690;3;49;140;0;79292F5B;-1;-1;-1;-1;-1
138.57228033;-35.02609627;3.0;second part;;1315512511715;5;49;140;0;79292F5B;-1;-1;-1;-1;-1
138.57226529;-35.02608457;3.0;second part;;1315512512021;4;49;140;0;79292F5B;-1;-1;-1;-1;-1
138.57225968;-35.02608276;4.0;second part;;1315512513792;4;49;140;0;79292F5B;-1;-1;-1;-1;-1
138.57225919;-35.02608269;3.0;second part;;1315512514689;2;49;140;0;79292F5B;-1;-1;-1;-1;-1
138.57225831;-35.02608157;3.0;second part;;1315512515620;6;49;140;0;79292F5B;-1;-1;-1;-1;-1
138.57225271;-35.02607171;3.0;second part;;1315512516637;6;48;140;0;79292F5B;-1;-1;-1;-1;-1
138.57225068;-35.02605645;3.0;second part;;1315512517560;4;49;140;0;79292F5B;-1;-1;-1;-1;-1
138.57224832;-35.02604782;3.0;second part;;1315512518691;5;49;140;0;79292F5B;-1;-1;-1;-1;-1
138.57224496;-35.02603399;3.0;second part;;1315512519806;6;49;140;0;79292F5B;-1;-1;-1;-1;-1
138.57224186;-35.0260046;3.0;second part;;1315512521137;4;49;140;0;79292F5B;-1;-1;-1;-1;-1
138.57224083;-35.02598707;3.0;second part;;1315512522778;5;49;140;0;79292F5B;-1;-1;-1;-1;-1
138.57223927;-35.02596801;4.0;second part;;1315512523703;2;49;140;0;79292F5B;-1;-1;-1;-1;-1
138.57223838;-35.02594909;3.0;second part;;1315512524724;0;49;140;0;79292F5B;-1;-1;-1;-1;-1
138.57223931;-35.02592986;3.0;second part;;1315512525744;3;49;140;0;79292F5B;-1;-1;-1;-1;-1
138.5722407;-35.02591187;3.0;second part;;1315512526674;3;49;140;0;79292F5B;-1;-1;-1;-1;-1
138.57224229;-35.02589367;3.0;second part;;1315512527691;4;49;140;0;79292F5B;-1;-1;-1;-1;-1
138.5722424;-35.02587689;4.0;second part;;1315512527997;4;49;140;0;79292F5B;-1;-1;-1;-1;-1
138.57224121;-35.02586021;4.0;second part;;1315512529744;3;49;140;0;79292F5B;-1;-1;-1;-1;-1
138.57223813;-35.02584517;4.0;second part;;1315512530770;1;49;140;0;79292F5B;-1;-1;-1;-1;-1
138.57222918;-35.02583214;3.0;second part;;1315512531686;2;49;140;0;79292F5B;-1;-1;-1;-1;-1
138.57221708;-35.02582115;3.0;second part;;1315512532732;1;49;140;0;79292F5B;-1;-1;-1;-1;-1
138.57219913;-35.02581397;3.0;second part;;1315512533633;2;49;140;0;79292F5B;-1;-1;-1;-1;-1
138.57217979;-35.02580782;4.0;second part;;1315512534754;4;49;140;0;79292F5B;-1;-1;-1;-1;-1
138.57215992;-35.02580237;4.0;second part;;1315512534960;7;49;140;0;79292F5B;-1;-1;-1;-1;-1
138.57214045999999;-35.0257989;3.0;second part;;1315512536705;5;49;140;0;79292F5B;-1;-1;-1;-1;-1
138.57212154;-35.02579466;4.0;second part;;1315512537623;6;49;140;0;79292F5B;-1;-1;-1;-1;-1
138.57210398;-35.0257933;3.0;second part;;1315512538652;4;49;140;0;79292F5B;-1;-1;-1;-1;-1
138.57208618;-35.02579262;4.0;second part;;1315512539774;6;49;140;0;79292F5B;-1;-1;-1;-1;-1
138.57207021;-35.02579146;3.0;second part;;1315512540811;4;49;140;0;79292F5B;-1;-1;-1;-1;-1
138.57205456;-35.02578902;3.0;second part;;1315512541717;6;49;140;0;79292F5B;-1;-1;-1;-1;-1
138.5720342;-35.02578619;3.0;second part;;1315512542657;8;49;140;0;79292F5B;-1;-1;-1;-1;-1
138.57201256;-35.02578425;3.0;second part;;1315512543767;4;49;140;0;79292F5B;-1;-1;-1;-1;-1
138.57199118;-35.02578505;3.0;second part;;1315512544003;11;49;140;0;79292F5B;-1;-1;-1;-1;-1
138.57196778;-35.02578709;3.0;second part;;1315512545612;5;49;140;0;79292F5B;-1;-1;-1;-1;-1
138.57194778;-35.02578785;4.0;second part;;1315512546843;6;49;140;0;79292F5B;-1;-1;-1;-1;-1
138.57193292;-35.02578209;3.0;second part;;1315512547862;3;49;140;0;79292F5B;-1;-1;-1;-1;-1
138.57192579;-35.0257725;3.0;second part;;1315512548682;5;49;140;0;79292F5B;-1;-1;-1;-1;-1
138.57192448;-35.02576037;4.0;second part;;1315512549711;4;49;140;0;79292F5B;-1;-1;-1;-1;-1
138.57192766;-35.025746409999996;4.0;second part;;1315512550732;6;49;140;0;79292F5B;-1;-1;-1;-1;-1
138.57192931;-35.02573007;3.0;second part;;1315512551041;6;49;140;0;79292F5B;-1;-1;-1;-1;-1
138.57192604;-35.02569538;4.0;second part;;1315512552983;2;49;140;0;79292F5B;-1;-1;-1;-1;-1
138.57192416;-35.02568186;3.0;second part;;1315512554833;5;49;140;0;79292F5B;-1;-1;-1;-1;-1
138.57192284;-35.02567288;3.0;second part;;1315512555852;5;48;140;0;79292F5B;-1;-1;-1;-1;-1
138.57192167;-35.02566685;3.0;second part;;1315512556054;5;48;140;0;79292F5B;-1;-1;-1;-1;-1
138.57192093;-35.02566234;4.0;second part;;1315512557796;2;49;140;0;79292F5B;-1;-1;-1;-1;-1
138.57191993;-35.02565768;4.0;second part;;1315512558717;5;49;140;0;79292F5B;-1;-1;-1;-1;-1
138.57191934;-35.02565325;4.0;second part;;1315512559742;6;49;140;0;79292F5B;-1;-1;-1;-1;-1
138.57191841;-35.02564961;4.0;second part;;1315512560663;3;48;140;0;79292F5B;-1;-1;-1;-1;-1
138.57191724;-35.02564402;4.0;second part;;1315512561788;3;49;140;0;79292F5B;-1;-1;-1;-1;-1
138.57191519;-35.02563509;4.0;second part;;1315512562710;0;49;140;0;79292F5B;-1;-1;-1;-1;-1
138.57191262999999;-35.02562105;4.0;second part;;1315512563735;1;49;140;0;79292F5B;-1;-1;-1;-1;-1
138.57191152;-35.02560334;4.0;second part;;1315512564758;1;48;140;0;79292F5B;-1;-1;-1;-1;-1
138.57191139;-35.02558215;5.0;second part;;1315512565681;2;48;140;0;79292F5B;-1;-1;-1;-1;-1
138.57191328;-35.0255597;5.0;second part;;1315512566806;0;48;140;0;79292F5B;-1;-1;-1;-1;-1
138.57191614;-35.02553544;5.0;second part;;1315512567739;2;48;140;0;79292F5B;-1;-1;-1;-1;-1
138.5719215;-35.02551177;5.0;second part;;1315512568752;1;48;140;0;79292F5B;-1;-1;-1;-1;-1
138.57193202;-35.02548287;5.0;second part;;1315512569776;0;48;140;0;79292F5B;-1;-1;-1;-1;-1
138.57193971;-35.02545413;4.0;second part;;1315512570800;1;48;140;0;79292F5B;-1;-1;-1;-1;-1
138.57194839;-35.02542686;3.0;second part;;1315512571722;2;48;140;0;79292F5B;-1;-1;-1;-1;-1
138.57195129;-35.02540299;3.0;second part;;1315512572746;-1;49;140;0;79292F5B;-1;-1;-1;-1;-1
138.57195302;-35.02538062;3.0;second part;;1315512573769;2;48;140;0;79292F5B;-1;-1;-1;-1;-1
138.57195283;-35.02535934;3.0;second part;;1315512574691;1;48;140;0;79292F5B;-1;-1;-1;-1;-1
138.5719496;-35.02533665;3.0;second part;;1315512575818;2;48;140;0;79292F5B;-1;-1;-1;-1;-1
138.57194747;-35.02530059;4.0;second part;;1315512577149;1;49;140;0;79292F5B;-1;-1;-1;-1;-1
138.57194757;-35.02527793;4.0;second part;;1315512578787;2;48;140;0;79292F5B;-1;-1;-1;-1;-1
138.57194939;-35.02525867;4.0;second part;;1315512579816;4;48;140;0;79292F5B;-1;-1;-1;-1;-1
138.57195146;-35.02522571;3.0;second part;;1315512581148;3;48;140;0;79292F5B;-1;-1;-1;-1;-1
138.57195027;-35.02520897;3.0;second part;;1315512582782;4;49;140;0;79292F5B;-1;-1;-1;-1;-1
138.571951;-35.02517748;3.0;second part;;1315512584351;2;49;140;0;79292F5B;-1;-1;-1;-1;-1
138.57195114;-35.0251613;3.0;second part;;1315512585443;5;49;140;0;79292F5B;-1;-1;-1;-1;-1
138.57194952;-35.02514565;3.0;second part;;1315512586372;5;48;140;0;79292F5B;-1;-1;-1;-1;-1
138.57194816;-35.02512987;3.0;second part;;1315512587492;1;48;140;0;79292F5B;-1;-1;-1;-1;-1
138.57194561;-35.02511421;3.0;second part;;1315512588209;1;49;140;0;79292F5B;-1;-1;-1;-1;-1
138.57194413;-35.0250989;3.0;second part;;1315512589137;2;48;140;0;79292F5B;-1;-1;-1;-1;-1
138.57194126;-35.02508323;4.0;second part;;1315512590051;4;48;140;0;79292F5B;-1;-1;-1;-1;-1
138.57194035;-35.02506792;3.0;second part;;1315512590975;3;48;140;0;79292F5B;-1;-1;-1;-1;-1
138.57194027;-35.02505382;3.0;second part;;1315512592718;1;48;140;0;79292F5B;-1;-1;-1;-1;-1
138.57194108;-35.0250386;3.0;second part;;1315512593740;1;48;140;0;79292F5B;-1;-1;-1;-1;-1
138.5719407;-35.02502231;3.0;second part;;1315512594762;5;48;140;0;79292F5B;-1;-1;-1;-1;-1
138.5719377;-35.02500438;4.0;second part;;1315512595785;5;48;140;0;79292F5B;-1;-1;-1;-1;-1
138.5719336;-35.02499017;3.0;second part;;1315512596817;3;49;140;0;79292F5B;-1;-1;-1;-1;-1
138.57192881;-35.024979;3.0;second part;;1315512597834;3;48;140;0;79292F5B;-1;-1;-1;-1;-1
138.57192248;-35.02497057;3.0;second part;;1315512598755;4;48;140;0;79292F5B;-1;-1;-1;-1;-1
138.5719142;-35.02496461;3.0;second part;;1315512599779;6;49;140;0;79292F5B;-1;-1;-1;-1;-1
138.57190222;-35.02495966;3.0;second part;;1315512600803;7;48;140;0;79292F5B;-1;-1;-1;-1;-1
138.57188747;-35.02495644;3.0;second part;;1315512601828;3;49;140;0;79292F5B;-1;-1;-1;-1;-1
138.57187085;-35.02495571;3.0;second part;;1315512602852;5;48;140;0;79292F5B;-1;-1;-1;-1;-1
138.5718547;-35.02495761;3.0;second part;;1315512603772;3;49;140;0;79292F5B;-1;-1;-1;-1;-1
138.57182739;-35.02497407;4.0;second part;;1315512604900;5;48;140;0;79292F5B;-1;-1;-1;-1;-1
138.57181452;-35.02498752;4.0;second part;;1315512605989;4;49;140;0;79292F5B;-1;-1;-1;-1;-1
138.57179741;-35.0250058;4.0;second part;;1315512607768;6;49;140;0;79292F5B;-1;-1;-1;-1;-1
138.57177991;-35.02502512;4.0;second part;;1315512608687;6;49;140;0;79292F5B;-1;-1;-1;-1;-1
138.57176385;-35.02504556;4.0;second part;;1315512609616;4;49;140;0;79292F5B;-1;-1;-1;-1;-1
138.57174994;-35.02506601;4.0;second part;;1315512610429;8;49;140;0;79292F5B;-1;-1;-1;-1;-1
138.57174085;-35.02508468;4.0;second part;;1315512611350;10;48;140;0;79292F5B;-1;-1;-1;-1;-1
138.57173997;-35.02510144;4.0;second part;;1315512612682;8;48;140;0;79292F5B;-1;-1;-1;-1;-1
138.57174207;-35.02511826;3.0;second part;;1315512613512;4;49;140;0;79292F5B;-1;-1;-1;-1;-1
138.57174821;-35.02513246;3.0;second part;;1315512614325;7;49;140;0;79292F5B;-1;-1;-1;-1;-1
138.5717554;-35.02514625;3.0;second part;;1315512615242;7;48;140;0;79292F5B;-1;-1;-1;-1;-1
138.5717622;-35.02515952;3.0;second part;;1315512616166;8;48;140;0;79292F5B;-1;-1;-1;-1;-1
138.57176766;-35.02517389;3.0;second part;;1315512617085;5;48;140;0;79292F5B;-1;-1;-1;-1;-1
138.57177197;-35.02519055;3.0;second part;;1315512618006;6;48;140;0;79292F5B;-1;-1;-1;-1;-1
138.57177638;-35.02520832;3.0;second part;;1315512619852;14;48;140;0;79292F5B;-1;-1;-1;-1;-1
138.57177982;-35.0252245;3.0;second part;;1315512620771;5;48;140;0;79292F5B;-1;-1;-1;-1;-1
138.57178718;-35.0252505;3.0;second part;;1315512622101;10;48;140;0;79292F5B;-1;-1;-1;-1;-1
138.57179125;-35.02526311;4.0;second part;;1315512623127;4;48;140;0;79292F5B;-1;-1;-1;-1;-1
138.57179657;-35.02527437;3.0;second part;;1315512624048;11;48;140;0;79292F5B;-1;-1;-1;-1;-1
138.57180232;-35.02528857;3.0;second part;;1315512625796;4;48;140;0;79292F5B;-1;-1;-1;-1;-1
138.5718216;-35.0253051;3.0;second part;;1315512626915;1;48;140;0;79292F5B;-1;-1;-1;-1;-1
138.57183849;-35.02532403;4.0;second part;;1315512629067;4;48;140;0;79292F5B;-1;-1;-1;-1;-1
138.57184824;-35.02535281;4.0;second part;;1315512630909;4;48;140;0;79292F5B;-1;-1;-1;-1;-1
138.57185218;-35.02538161;4.0;second part;;1315512633265;1;48;140;0;79292F5B;-1;-1;-1;-1;-1
138.57183996;-35.02565439;18.0;second part;;1315512642889;1;48;140;0;79292F5B;-1;-1;-1;-1;-1
138.57180641;-35.02573911;17.0;second part;;1315512645043;3;47;140;0;79292F5B;-1;-1;-1;-1;-1
138.57179062;-35.02577817;16.0;second part;;1315512646166;3;47;140;0;79292F5B;-1;-1;-1;-1;-1
138.57177255;-35.02581857;15.0;second part;;1315512647190;4;47;140;0;79292F5B;-1;-1;-1;-1;-1
138.57176758;-35.02584902;13.0;second part;;1315512648220;4;47;140;0;79292F5B;-1;-1;-1;-1;-1
138.57176057;-35.02588342;11.0;second part;;1315512649138;10;47;140;0;79292F5B;-1;-1;-1;-1;-1
138.57174936;-35.0259187;8.0;second part;;1315512650262;9;47;140;0;79292F5B;-1;-1;-1;-1;-1
138.57174784;-35.02594899;7.0;second part;;1315512651696;11;47;140;0;79292F5B;-1;-1;-1;-1;-1
138.57175157;-35.0259809;5.0;second part;;1315512652930;7;47;140;0;79292F5B;-1;-1;-1;-1;-1
138.57175423;-35.02603298;4.0;second part;;1315512653949;7;47;140;0;79292F5B;-1;-1;-1;-1;-1
138.57173403;-35.02606488;3.0;second part;;1315512656114;6;47;140;0;79292F5B;-1;-1;-1;-1;-1
138.57169812;-35.02607715;3.0;second part;;1315512658255;5;47;140;0;79292F5B;-1;-1;-1;-1;-1
138.57167666;-35.0260787;3.0;second part;;1315512659377;8;47;140;0;79292F5B;-1;-1;-1;-1;-1
138.57165591;-35.02607916;3.0;second part;;1315512660502;5;47;140;0;79292F5B;-1;-1;-1;-1;-1
138.57163438;-35.02607743;3.0;second part;;1315512661428;2;47;140;0;79292F5B;-1;-1;-1;-1;-1
138.57161374;-35.02607689;3.0;second part;;1315512662455;4;47;140;0;79292F5B;-1;-1;-1;-1;-1
138.57159333;-35.02607793;4.0;second part;;1315512663491;-1;47;140;0;79292F5B;-1;-1;-1;-1;-1
138.5715734;-35.02606948;3.0;second part;;1315512665112;-2;47;140;0;79292F5B;-1;-1;-1;-1;-1
138.57156897;-35.02605975;4.0;second part;;1315512666238;-1;48;140;0;79292F5B;-1;-1;-1;-1;-1
138.57157111;-35.02604753;3.0;second part;;1315512667371;1;47;140;0;79292F5B;-1;-1;-1;-1;-1
138.57157419;-35.02603697;3.0;second part;;1315512668285;1;47;140;0;79292F5B;-1;-1;-1;-1;-1
138.57158332;-35.02602971;3.0;second part;;1315512669310;2;47;140;0;79292F5B;-1;-1;-1;-1;-1
138.57159787;-35.02602515;4.0;second part;;1315512670435;-1;47;140;0;79292F5B;-1;-1;-1;-1;-1
138.57161824;-35.02602248;3.0;second part;;1315512671459;0;47;140;0;79292F5B;-1;-1;-1;-1;-1
138.57164061;-35.02602326;3.0;second part;;1315512672484;2;47;140;0;79292F5B;-1;-1;-1;-1;-1
138.57168501;-35.02602771;4.0;second part;;1315512674127;0;47;140;0;79292F5B;-1;-1;-1;-1;-1
138.57170598;-35.02603436;3.0;second part;;1315512675350;3;47;140;0;79292F5B;-1;-1;-1;-1;-1
138.57172666;-35.02604275;4.0;second part;;1315512676481;7;47;140;0;79292F5B;-1;-1;-1;-1;-1
138.57174692;-35.02605186;4.0;second part;;1315512677501;6;47;140;0;79292F5B;-1;-1;-1;-1;-1
138.57176731;-35.02605862;4.0;second part;;1315512678525;4;47;140;0;79292F5B;-1;-1;-1;-1;-1
138.57178872;-35.02606176;3.0;second part;;1315512679656;3;47;140;0;79292F5B;-1;-1;-1;-1;-1
138.57180898;-35.02606326;3.0;second part;;1315512680778;5;47;140;0;79292F5B;-1;-1;-1;-1;-1
138.57183018;-35.02606293;3.0;second part;;1315512681802;8;47;140;0;79292F5B;-1;-1;-1;-1;-1
138.57187088;-35.02606098;3.0;second part;;1315512683031;5;47;140;0;79292F5B;-1;-1;-1;-1;-1
138.57190781;-35.02605617;3.0;second part;;1315512685182;7;46;140;0;79292F5B;-1;-1;-1;-1;-1
138.57192497;-35.02605505;3.0;second part;;1315512686515;2;47;140;0;79292F5B;-1;-1;-1;-1;-1
138.57194119;-35.02605604;4.0;second part;;1315512687538;6;46;140;0;79292F5B;-1;-1;-1;-1;-1
138.57194987;-35.02606358;3.0;second part;;1315512688663;4;47;140;0;79292F5B;-1;-1;-1;-1;-1
138.57195178999999;-35.02609099;3.0;second part;;1315512690202;4;47;140;0;79292F5B;-1;-1;-1;-1;-1
138.57195253;-35.02610731;3.0;second part;;1315512691497;4;47;140;0;79292F5B;-1;-1;-1;-1;-1
138.57197142;-35.02612393;3.0;second part;;1315512693272;5;47;140;0;79292F5B;-1;-1;-1;-1;-1
138.57198839;-35.02612708;4.0;second part;;1315512694295;5;47;140;0;79292F5B;-1;-1;-1;-1;-1
138.57200777;-35.02612757;3.0;second part;;1315512695422;5;47;140;0;79292F5B;-1;-1;-1;-1;-1
138.57202827;-35.0261265;3.0;second part;;1315512696549;3;47;140;0;79292F5B;-1;-1;-1;-1;-1
138.5720702;-35.02612276;4.0;second part;;1315512698290;2;46;140;0;79292F5B;-1;-1;-1;-1;-1
138.57208829;-35.02612157;3.0;second part;;1315512699721;1;46;140;0;79292F5B;-1;-1;-1;-1;-1
138.5721031;-35.02612177;3.0;second part;;1315512700950;4;47;140;0;79292F5B;-1;-1;-1;-1;-1
138.57213491;-35.02612167;3.0;second part;;1315512702180;1;46;140;0;79292F5B;-1;-1;-1;-1;-1
138.57215497;-35.02612161;3.0;second part;;1315512703408;3;46;140;0;79292F5B;-1;-1;-1;-1;-1
138.57217444;-35.02612107;3.0;second part;;1315512704740;1;47;140;0;79292F5B;-1;-1;-1;-1;-1
138.57221356;-35.02612187;3.0;second part;;1315512706276;1;46;140;0;79292F5B;-1;-1;-1;-1;-1
138.57223177;-35.02612195;3.0;second part;;1315512707710;4;46;140;0;79292F5B;-1;-1;-1;-1;-1
138.57224769;-35.02613208;3.0;second part;;1315512709040;3;46;140;0;79292F5B;-1;-1;-1;-1;-1
138.57224121;-35.02614424;3.0;second part;;1315512710371;6;46;140;0;79292F5B;-1;-1;-1;-1;-1
138.57222609;-35.02615903;3.0;second part;;1315512711600;5;46;140;0;79292F5B;-1;-1;-1;-1;-1
138.572207;-35.02617303;3.0;second part;;1315512712835;6;46;140;0;79292F5B;-1;-1;-1;-1;-1
138.57216034;-35.02618887;3.0;second part;;1315512714160;8;46;140;0;79292F5B;-1;-1;-1;-1;-1
138.57213392;-35.02619089;3.0;second part;;1315512715565;9;46;140;0;79292F5B;-1;-1;-1;-1;-1
138.57207405;-35.02618846;3.0;second part;;1315512717130;7;46;140;0;79292F5B;-1;-1;-1;-1;-1
138.57203549;-35.02618805;3.0;second part;;1315512718462;6;46;140;0;79292F5B;-1;-1;-1;-1;-1
138.57199117;-35.02618682;3.0;second part;;1315512719792;3;46;140;0;79292F5B;-1;-1;-1;-1;-1
138.57189764;-35.02619033;3.0;second part;;1315512721126;6;46;140;0;79292F5B;-1;-1;-1;-1;-1
138.57186004;-35.02620073;3.0;second part;;1315512722461;10;46;140;0;79292F5B;-1;-1;-1;-1;-1
138.5718288;-35.0262204;3.0;second part;;1315512723787;6;46;140;0;79292F5B;-1;-1;-1;-1;-1
138.57178884;-35.02627467;4.0;second part;;1315512725117;8;46;140;0;79292F5B;-1;-1;-1;-1;-1
138.57176809;-35.02630389;4.0;second part;;1315512726551;9;46;140;0;79292F5B;-1;-1;-1;-1;-1
138.57174774;-35.02633607;3.0;second part;;1315512727778;7;46;140;0;79292F5B;-1;-1;-1;-1;-1
138.57170242;-35.02640102;3.0;second part;;1315512729417;7;46;140;0;79292F5B;-1;-1;-1;-1;-1
138.57167725;-35.02643473;3.0;second part;;1315512730749;8;46;140;0;79292F5B;-1;-1;-1;-1;-1
138.57162398;-35.02649669;3.0;second part;;1315512732080;8;47;140;0;79292F5B;-1;-1;-1;-1;-1
138.57159769;-35.02652651;3.0;second part;;1315512733515;3;46;140;0;79292F5B;-1;-1;-1;-1;-1
138.57157232;-35.02655646;3.0;second part;;1315512734845;5;46;140;0;79292F5B;-1;-1;-1;-1;-1
138.57153030999999;-35.02662046;3.0;second part;;1315512736278;4;46;140;0;79292F5B;-1;-1;-1;-1;-1
138.57151735;-35.02665416;3.0;second part;;1315512737610;2;46;140;0;79292F5B;-1;-1;-1;-1;-1
138.57150412;-35.02672622;4.0;second part;;1315512739043;-1;46;140;0;79292F5B;-1;-1;-1;-1;-1
138.57151044;-35.02675876;3.0;second part;;1315512740477;0;46;140;0;79292F5B;-1;-1;-1;-1;-1
138.57152422;-35.02679394;3.0;second part;;1315512741808;1;46;140;0;79292F5B;-1;-1;-1;-1;-1
138.57156328;-35.02686114;3.0;second part;;1315512743240;1;46;140;0;79292F5B;-1;-1;-1;-1;-1
138.5715795;-35.02688665;4.0;second part;;1315512744676;0;46;140;0;79292F5B;-1;-1;-1;-1;-1
138.57161415;-35.02693388;4.0;second part;;1315512746314;3;46;140;0;79292F5B;-1;-1;-1;-1;-1
138.57167663;-35.02701831;4.0;second part;;1315512749180;0;46;140;0;79292F5B;-1;-1;-1;-1;-1
138.5716957;-35.02704939;4.0;second part;;1315512750614;1;46;140;0;79292F5B;-1;-1;-1;-1;-1
138.5717208;-35.02711773;3.0;second part;;1315512752150;-1;46;140;0;79292F5B;-1;-1;-1;-1;-1
138.57173131;-35.02715301;4.0;second part;;1315512753587;1;46;140;0;79292F5B;-1;-1;-1;-1;-1
138.571759;-35.02721642;3.0;second part;;1315512755121;3;46;140;0;79292F5B;-1;-1;-1;-1;-1
138.57177623;-35.02724617;3.0;second part;;1315512756554;3;46;140;0;79292F5B;-1;-1;-1;-1;-1
138.5718142;-35.02730518;4.0;second part;;1315512757986;3;46;140;0;79292F5B;-1;-1;-1;-1;-1
138.57183304;-35.02733493;4.0;second part;;1315512759933;3;46;140;0;79292F5B;-1;-1;-1;-1;-1
138.57186671;-35.02738552;3.0;second part;;1315512761573;5;46;140;0;79292F5B;-1;-1;-1;-1;-1
138.57190306;-35.02744126;4.0;second part;;1315512763107;5;46;140;0;79292F5B;-1;-1;-1;-1;-1
138.57193835;-35.02749671;3.0;second part;;1315512765053;2;46;140;0;79292F5B;-1;-1;-1;-1;-1
138.57195329;-35.02752338;3.0;second part;;1315512766697;5;46;140;0;79292F5B;-1;-1;-1;-1;-1
138.57197843;-35.02757731;3.0;second part;;1315512768228;6;46;140;0;79292F5B;-1;-1;-1;-1;-1
138.5720089;-35.02763489;3.0;second part;;1315512770382;4;46;140;0;79292F5B;-1;-1;-1;-1;-1
138.5720465;-35.02769558;3.0;second part;;1315512772016;7;46;140;0;79292F5B;-1;-1;-1;-1;-1
138.57209991;-35.02779267;4.0;second part;;1315512775089;10;46;140;0;79292F5B;-1;-1;-1;-1;-1
138.57211322;-35.02782207;3.0;second part;;1315512776727;7;46;140;0;79292F5B;-1;-1;-1;-1;-1
138.57213807;-35.02787937;3.0;second part;;1315512778468;9;46;140;0;79292F5B;-1;-1;-1;-1;-1
138.57216545;-35.02793349;3.0;second part;;1315512780414;6;46;140;0;79292F5B;-1;-1;-1;-1;-1
138.57218042;-35.02799066;4.0;second part;;1315512782154;7;46;140;0;79292F5B;-1;-1;-1;-1;-1
138.57220836;-35.02804095;3.0;second part;;1315512783836;9;46;140;0;79292F5B;-1;-1;-1;-1;-1
138.57227769;-35.02810105;3.0;second part;;1315512787376;5;46;140;0;79292F5B;-1;-1;-1;-1;-1
138.5723081;-35.0281509;4.0;second part;;1315512789117;8;46;140;0;79292F5B;-1;-1;-1;-1;-1
138.57232531;-35.02817995;4.0;second part;;1315512790755;10;46;140;0;79292F5B;-1;-1;-1;-1;-1
138.57235241;-35.02824601;3.0;second part;;1315512792597;13;46;140;0;79292F5B;-1;-1;-1;-1;-1
138.57238039;-35.02831384;4.0;second part;;1315512794339;10;46;140;0;79292F5B;-1;-1;-1;-1;-1
138.5724194;-35.0283734;3.0;second part;;1315512796079;8;47;140;0;79292F5B;-1;-1;-1;-1;-1
138.57244434;-35.02840191;4.0;second part;;1315512797825;7;46;140;0;79292F5B;-1;-1;-1;-1;-1
138.57249874;-35.02845932;4.0;second part;;1315512799461;9;47;140;0;79292F5B;-1;-1;-1;-1;-1
138.57254568;-35.02851006;3.0;second part;;1315512801303;10;46;140;0;79292F5B;-1;-1;-1;-1;-1
138.5725942;-35.02856108;4.0;second part;;1315512803147;7;47;140;0;79292F5B;-1;-1;-1;-1;-1
138.57261799;-35.02858467;4.0;second part;;1315512804785;5;47;140;0;79292F5B;-1;-1;-1;-1;-1
138.5726763;-35.02863235;4.0;second part;;1315512806627;16;46;140;0;79292F5B;-1;-1;-1;-1;-1
138.57273768;-35.02867433;4.0;second part;;1315512808370;14;46;140;1;79292F5B;-1;-1;1200;-1;-1
138.5727789;-35.02870343;4.0;second part;;1315512810314;16;46;140;2;79292F5B;0;-1;1200;-1;-1
138.57279618;-35.02872262;3.0;second part;;1315512812362;16;47;140;2;79292F5B;0;-1;1300;-1;-1
138.57280959;-35.02873841;3.0;second part;;1315512814308;21;46;140;2;79292F5B;0;-1;1300;-1;-1
138.57283003;-35.02875683;3.0;second part;;1315512816254;19;46;141;1;79292F5B;-1;-1;1400;-1;-1
138.57284589;-35.02877794;3.0;second part;;1315512818301;17;47;141;1;79292F5B;-1;-1;1400;-1;-1
138.57284384;-35.02880277;3.0;second part;;1315512820245;15;47;141;1;79292F5B;-1;-1;1400;-1;-1
138.57283533;-35.02882907;3.0;second part;;1315512822396;8;47;141;1;79292F5B;-1;-1;1400;-1;-1
138.57282581;-35.028849459999996;4.0;second part;;1315512824342;13;47;141;1;79292F5B;-1;-1;1400;-1;-1
138.57282094;-35.0288727;4.0;second part;;1315512826390;11;46;141;1;79292F5B;-1;-1;1400;-1;-1
138.57281648;-35.02888552;4.0;second part;;1315512828846;11;47;141;1;79292F5B;-1;-1;1400;-1;-1
138.57279986;-35.02886871;4.0;second part;;1315512831101;11;47;141;1;79292F5B;-1;-1;1400;-1;-1
138.57278462;-35.0288787;4.0;second part;;1315512835402;8;47;141;1;79292F5B;-1;-1;1400;-1;-1
138.57277562;-35.02889249;4.0;second part;;1315512837560;2;46;141;1;79292F5B;-1;-1;1400;-1;-1
138.57276858;-35.02891633;4.0;second part;;1315512840112;3;47;141;1;79292F5B;-1;-1;1400;-1;-1
138.57276696;-35.02893023;4.0;second part;;1315512842474;3;46;141;1;79292F5B;-1;-1;1400;-1;-1
138.57279062;-35.028981;4.0;second part;;1315512846768;2;46;141;0;79292F5B;-1;-1;-1;-1;-1
138.57279783;-35.02901242;4.0;second part;;1315512848918;2;46;141;0;79292F5B;-1;-1;-1;-1;-1
138.57280333;-35.02906154;5.0;second part;;1315512850966;6;46;141;0;79292F5B;-1;-1;-1;-1;-1
138.57280349;-35.02909144;5.0;second part;;1315512853422;2;46;141;0;79292F5B;-1;-1;-1;-1;-1
138.57279765;-35.02915067;4.0;second part;;1315512858544;11;46;141;0;79292F5B;-1;-1;-1;-1;-1
138.57279549;-35.02916519;3.0;second part;;1315512860631;13;46;141;0;79292F5B;-1;-1;-1;-1;-1
138.57279553;-35.02918639;3.0;second part;;1315512862955;12;46;141;0;79292F5B;-1;-1;-1;-1;-1
138.57277181;-35.0292426;4.0;second part;;1315512865098;17;46;141;0;79292F5B;-1;-1;-1;-1;-1
138.57272742;-35.02927588;3.0;second part;;1315512867249;11;46;141;0;79292F5B;-1;-1;-1;-1;-1
138.57268166;-35.02930686;3.0;second part;;1315512869502;16;47;141;0;79292F5B;-1;-1;-1;-1;-1
138.57265647;-35.02934627;3.0;second part;;1315512871754;14;46;141;0;79292F5B;-1;-1;-1;-1;-1
138.57264397;-35.02946348;3.0;second part;;1315512876260;22;46;141;0;79292F5B;-1;-1;-1;-1;-1
138.57264264;-35.02949961;3.0;second part;;1315512878724;16;46;141;0;79292F5B;-1;-1;-1;-1;-1
138.57264194;-35.02953354;3.0;second part;;1315512880766;16;47;141;0;79292F5B;-1;-1;-1;-1;-1
138.57263911;-35.02958324;4.0;second part;;1315512883325;25;47;141;0;79292F5B;-1;-1;-1;-1;-1
138.57263839;-35.02961603;3.0;second part;;1315512885271;27;46;141;0;79292F5B;-1;-1;-1;-1;-1
138.57263269;-35.02965016;3.0;second part;;1315512887831;36;47;141;0;79292F5B;-1;-1;-1;-1;-1
138.5727178;-35.02966009;3.0;second part;;1315512892235;40;46;141;0;79292F5B;-1;-1;-1;-1;-1
138.5727625;-35.0296618;3.0;second part;;1315512894507;46;47;141;0;79292F5B;-1;-1;-1;-1;-1
138.57280116;-35.02966657;3.0;second part;;1315512896840;44;47;141;0;79292F5B;-1;-1;-1;-1;-1
138.57283899;-35.02965096;3.0;second part;;1315512899198;46;47;141;2;79292F5B;0;-1;1400;-1;-1
138.57284267;-35.02962999;3.0;second part;;1315512901451;51;47;141;3;79292F5B;0;0;1500;-1;-1
138.57285437;-35.02961132;4.0;second part;;1315512903777;52;47;141;2;79292F5B;0;-1;1500;-1;-1
138.57290146;-35.02961368;3.0;second part;;1315512906365;52;47;142;2;79292F5B;0;-1;1600;-1;-1
138.57295444;-35.0296297;4.0;second part;;1315512909541;62;46;143;1;79292F5B;-1;-1;1600;-1;-1
138.57302521;-35.02964796;3.0;second part;;1315512914353;61;47;143;1;79292F5B;-1;-1;2200;-1;-1
138.57304093;-35.02967098;3.0;second part;;1315512917452;54;46;143;1;79292F5B;-1;-1;2200;-1;-1
